# JRE version: Java(TM) SE Runtime Environment (21.0.2+13) (build 21.0.2+13-LTS-58)
# Java VM: Java HotSpot(TM) 64-Bit Server VM (21.0.2+13-LTS-58, mixed mode, emulated-client, sharing, tiered, compressed oops, compressed class ptrs, g1 gc, windows-amd64)
GC Precious Log:
 CardTable entry size: 512
 Card Set container configuration: InlinePtr #cards 5 size 8 Array Of Cards #cards 12 size 40 Howl #buckets 4 coarsen threshold 1843 Howl Bitmap #cards 512 size 80 coarsen threshold 460 Card regions per heap region 1 cards per card region 2048
 CPUs: 16 total, 16 available
 Memory: 7893M
 Large Page Support: Disabled
 NUMA Support: Disabled
 Compressed Oops: Enabled (32-bit)
 Heap Region Size: 1M
 Heap Min Capacity: 8M
 Heap Initial Capacity: 124M
 Heap Max Capacity: 1974M
 Pre-touch: Disabled
 Parallel Workers: 13
 Concurrent Workers: 3
 Concurrent Refinement Workers: 13
 Periodic GC: Disabled
Heap:
 garbage-first heap   total 61440K, used 35435K [0x0000000084a00000, 0x0000000100000000)
  region size 1024K, 3 young (3072K), 3 survivors (3072K)
 Metaspace       used 71401K, committed 72064K, reserved 1114112K
  class space    used 10000K, committed 10304K, reserved 1048576K
GC Heap History (20 events):
Event: 37.381 GC heap after
{Heap after GC invocations=15 (full 0):
 garbage-first heap   total 51200K, used 24163K [0x0000000084a00000, 0x0000000100000000)
  region size 1024K, 2 young (2048K), 2 survivors (2048K)
 Metaspace       used 41156K, committed 41728K, reserved 1114112K
  class space    used 5340K, committed 5632K, reserved 1048576K
}
Event: 41.092 GC heap before
{Heap before GC invocations=16 (full 0):
 garbage-first heap   total 51200K, used 43619K [0x0000000084a00000, 0x0000000100000000)
  region size 1024K, 22 young (22528K), 2 survivors (2048K)
 Metaspace       used 45903K, committed 46464K, reserved 1114112K
  class space    used 6037K, committed 6272K, reserved 1048576K
}
Event: 41.105 GC heap after
{Heap after GC invocations=17 (full 0):
 garbage-first heap   total 61440K, used 25598K [0x0000000084a00000, 0x0000000100000000)
  region size 1024K, 3 young (3072K), 3 survivors (3072K)
 Metaspace       used 45903K, committed 46464K, reserved 1114112K
  class space    used 6037K, committed 6272K, reserved 1048576K
}
Event: 43.660 GC heap before
{Heap before GC invocations=17 (full 0):
 garbage-first heap   total 61440K, used 53246K [0x0000000084a00000, 0x0000000100000000)
  region size 1024K, 31 young (31744K), 3 survivors (3072K)
 Metaspace       used 51429K, committed 52032K, reserved 1114112K
  class space    used 6776K, committed 7040K, reserved 1048576K
}
Event: 43.760 GC heap after
{Heap after GC invocations=18 (full 0):
 garbage-first heap   total 61440K, used 27797K [0x0000000084a00000, 0x0000000100000000)
  region size 1024K, 4 young (4096K), 4 survivors (4096K)
 Metaspace       used 51429K, committed 52032K, reserved 1114112K
  class space    used 6776K, committed 7040K, reserved 1048576K
}
Event: 44.909 GC heap before
{Heap before GC invocations=18 (full 0):
 garbage-first heap   total 61440K, used 53397K [0x0000000084a00000, 0x0000000100000000)
  region size 1024K, 29 young (29696K), 4 survivors (4096K)
 Metaspace       used 55439K, committed 56000K, reserved 1114112K
  class space    used 7297K, committed 7552K, reserved 1048576K
}
Event: 44.919 GC heap after
{Heap after GC invocations=19 (full 0):
 garbage-first heap   total 61440K, used 29354K [0x0000000084a00000, 0x0000000100000000)
  region size 1024K, 2 young (2048K), 2 survivors (2048K)
 Metaspace       used 55439K, committed 56000K, reserved 1114112K
  class space    used 7297K, committed 7552K, reserved 1048576K
}
Event: 46.212 GC heap before
{Heap before GC invocations=19 (full 0):
 garbage-first heap   total 61440K, used 54954K [0x0000000084a00000, 0x0000000100000000)
  region size 1024K, 27 young (27648K), 2 survivors (2048K)
 Metaspace       used 60849K, committed 61504K, reserved 1114112K
  class space    used 8222K, committed 8512K, reserved 1048576K
}
Event: 46.241 GC heap after
{Heap after GC invocations=20 (full 0):
 garbage-first heap   total 61440K, used 30495K [0x0000000084a00000, 0x0000000100000000)
  region size 1024K, 3 young (3072K), 3 survivors (3072K)
 Metaspace       used 60849K, committed 61504K, reserved 1114112K
  class space    used 8222K, committed 8512K, reserved 1048576K
}
Event: 47.490 GC heap before
{Heap before GC invocations=21 (full 0):
 garbage-first heap   total 61440K, used 55071K [0x0000000084a00000, 0x0000000100000000)
  region size 1024K, 27 young (27648K), 3 survivors (3072K)
 Metaspace       used 61749K, committed 62400K, reserved 1114112K
  class space    used 8422K, committed 8704K, reserved 1048576K
}
Event: 47.497 GC heap after
{Heap after GC invocations=22 (full 0):
 garbage-first heap   total 61440K, used 30791K [0x0000000084a00000, 0x0000000100000000)
  region size 1024K, 2 young (2048K), 2 survivors (2048K)
 Metaspace       used 61749K, committed 62400K, reserved 1114112K
  class space    used 8422K, committed 8704K, reserved 1048576K
}
Event: 47.567 GC heap before
{Heap before GC invocations=22 (full 0):
 garbage-first heap   total 61440K, used 55367K [0x0000000084a00000, 0x0000000100000000)
  region size 1024K, 26 young (26624K), 2 survivors (2048K)
 Metaspace       used 61813K, committed 62464K, reserved 1114112K
  class space    used 8435K, committed 8704K, reserved 1048576K
}
Event: 47.601 GC heap after
{Heap after GC invocations=23 (full 0):
 garbage-first heap   total 61440K, used 31539K [0x0000000084a00000, 0x0000000100000000)
  region size 1024K, 3 young (3072K), 3 survivors (3072K)
 Metaspace       used 61813K, committed 62464K, reserved 1114112K
  class space    used 8435K, committed 8704K, reserved 1048576K
}
Event: 47.969 GC heap before
{Heap before GC invocations=23 (full 0):
 garbage-first heap   total 61440K, used 53043K [0x0000000084a00000, 0x0000000100000000)
  region size 1024K, 25 young (25600K), 3 survivors (3072K)
 Metaspace       used 63125K, committed 63744K, reserved 1114112K
  class space    used 8625K, committed 8896K, reserved 1048576K
}
Event: 47.975 GC heap after
{Heap after GC invocations=24 (full 0):
 garbage-first heap   total 61440K, used 31529K [0x0000000084a00000, 0x0000000100000000)
  region size 1024K, 2 young (2048K), 2 survivors (2048K)
 Metaspace       used 63125K, committed 63744K, reserved 1114112K
  class space    used 8625K, committed 8896K, reserved 1048576K
}
Event: 50.166 GC heap before
{Heap before GC invocations=25 (full 0):
 garbage-first heap   total 61440K, used 55081K [0x0000000084a00000, 0x0000000100000000)
  region size 1024K, 25 young (25600K), 2 survivors (2048K)
 Metaspace       used 67095K, committed 67776K, reserved 1114112K
  class space    used 9147K, committed 9472K, reserved 1048576K
}
Event: 50.175 GC heap after
{Heap after GC invocations=26 (full 0):
 garbage-first heap   total 61440K, used 33112K [0x0000000084a00000, 0x0000000100000000)
  region size 1024K, 3 young (3072K), 3 survivors (3072K)
 Metaspace       used 67095K, committed 67776K, reserved 1114112K
  class space    used 9147K, committed 9472K, reserved 1048576K
}
Event: 51.118 GC heap before
{Heap before GC invocations=26 (full 0):
 garbage-first heap   total 61440K, used 54616K [0x0000000084a00000, 0x0000000100000000)
  region size 1024K, 24 young (24576K), 3 survivors (3072K)
 Metaspace       used 69735K, committed 70400K, reserved 1114112K
  class space    used 9654K, committed 9920K, reserved 1048576K
}
Event: 51.131 GC heap after
{Heap after GC invocations=27 (full 0):
 garbage-first heap   total 61440K, used 34058K [0x0000000084a00000, 0x0000000100000000)
  region size 1024K, 2 young (2048K), 2 survivors (2048K)
 Metaspace       used 69735K, committed 70400K, reserved 1114112K
  class space    used 9654K, committed 9920K, reserved 1048576K
}
Event: 51.399 GC heap before
{Heap before GC invocations=27 (full 0):
 garbage-first heap   total 61440K, used 54538K [0x0000000084a00000, 0x0000000100000000)
  region size 1024K, 23 young (23552K), 2 survivors (2048K)
 Metaspace       used 71401K, committed 72064K, reserved 1114112K
  class space    used 10000K, committed 10304K, reserved 1048576K
}

