# JRE version: Java(TM) SE Runtime Environment (21.0.2+13) (build 21.0.2+13-LTS-58)
# Java VM: Java HotSpot(TM) 64-Bit Server VM (21.0.2+13-LTS-58, mixed mode, emulated-client, sharing, tiered, compressed oops, compressed class ptrs, g1 gc, windows-amd64)
GC Precious Log:
 CardTable entry size: 512
 Card Set container configuration: InlinePtr #cards 5 size 8 Array Of Cards #cards 12 size 40 Howl #buckets 4 coarsen threshold 1843 Howl Bitmap #cards 512 size 80 coarsen threshold 460 Card regions per heap region 1 cards per card region 2048
 CPUs: 16 total, 16 available
 Memory: 7893M
 Large Page Support: Disabled
 NUMA Support: Disabled
 Compressed Oops: Enabled (32-bit)
 Heap Region Size: 1M
 Heap Min Capacity: 8M
 Heap Initial Capacity: 124M
 Heap Max Capacity: 1974M
 Pre-touch: Disabled
 Parallel Workers: 13
 Concurrent Workers: 3
 Concurrent Refinement Workers: 13
 Periodic GC: Disabled
Heap:
 garbage-first heap   total 181248K, used 49154K [0x0000000084a00000, 0x0000000100000000)
  region size 1024K, 1 young (1024K), 1 survivors (1024K)
 Metaspace       used 96723K, committed 98432K, reserved 1179648K
  class space    used 13476K, committed 14272K, reserved 1048576K
GC Heap History (20 events):
Event: 7742.352 GC heap after
{Heap after GC invocations=253 (full 0):
 garbage-first heap   total 174080K, used 50121K [0x0000000084a00000, 0x0000000100000000)
  region size 1024K, 2 young (2048K), 2 survivors (2048K)
 Metaspace       used 96711K, committed 98432K, reserved 1179648K
  class space    used 13472K, committed 14272K, reserved 1048576K
}
Event: 7757.962 GC heap before
{Heap before GC invocations=253 (full 0):
 garbage-first heap   total 174080K, used 100297K [0x0000000084a00000, 0x0000000100000000)
  region size 1024K, 53 young (54272K), 2 survivors (2048K)
 Metaspace       used 96719K, committed 98432K, reserved 1179648K
  class space    used 13475K, committed 14272K, reserved 1048576K
}
Event: 7757.967 GC heap after
{Heap after GC invocations=254 (full 0):
 garbage-first heap   total 174080K, used 50150K [0x0000000084a00000, 0x0000000100000000)
  region size 1024K, 2 young (2048K), 2 survivors (2048K)
 Metaspace       used 96719K, committed 98432K, reserved 1179648K
  class space    used 13475K, committed 14272K, reserved 1048576K
}
Event: 7765.792 GC heap before
{Heap before GC invocations=255 (full 0):
 garbage-first heap   total 174080K, used 151526K [0x0000000084a00000, 0x0000000100000000)
  region size 1024K, 102 young (104448K), 2 survivors (2048K)
 Metaspace       used 96719K, committed 98432K, reserved 1179648K
  class space    used 13475K, committed 14272K, reserved 1048576K
}
Event: 7765.804 GC heap after
{Heap after GC invocations=256 (full 0):
 garbage-first heap   total 235520K, used 50260K [0x0000000084a00000, 0x0000000100000000)
  region size 1024K, 2 young (2048K), 2 survivors (2048K)
 Metaspace       used 96719K, committed 98432K, reserved 1179648K
  class space    used 13475K, committed 14272K, reserved 1048576K
}
Event: 7937.476 GC heap before
{Heap before GC invocations=256 (full 0):
 garbage-first heap   total 235520K, used 189524K [0x0000000084a00000, 0x0000000100000000)
  region size 1024K, 138 young (141312K), 2 survivors (2048K)
 Metaspace       used 96719K, committed 98432K, reserved 1179648K
  class space    used 13475K, committed 14272K, reserved 1048576K
}
Event: 7937.809 GC heap after
{Heap after GC invocations=257 (full 0):
 garbage-first heap   total 235520K, used 50216K [0x0000000084a00000, 0x0000000100000000)
  region size 1024K, 2 young (2048K), 2 survivors (2048K)
 Metaspace       used 96719K, committed 98432K, reserved 1179648K
  class space    used 13475K, committed 14272K, reserved 1048576K
}
Event: 7938.512 GC heap before
{Heap before GC invocations=257 (full 0):
 garbage-first heap   total 235520K, used 188456K [0x0000000084a00000, 0x0000000100000000)
  region size 1024K, 138 young (141312K), 2 survivors (2048K)
 Metaspace       used 96719K, committed 98432K, reserved 1179648K
  class space    used 13475K, committed 14272K, reserved 1048576K
}
Event: 7938.567 GC heap after
{Heap after GC invocations=258 (full 0):
 garbage-first heap   total 235520K, used 49190K [0x0000000084a00000, 0x0000000100000000)
  region size 1024K, 1 young (1024K), 1 survivors (1024K)
 Metaspace       used 96719K, committed 98432K, reserved 1179648K
  class space    used 13475K, committed 14272K, reserved 1048576K
}
Event: 8044.827 GC heap before
{Heap before GC invocations=259 (full 0):
 garbage-first heap   total 235520K, used 189478K [0x0000000084a00000, 0x0000000100000000)
  region size 1024K, 138 young (141312K), 1 survivors (1024K)
 Metaspace       used 96719K, committed 98432K, reserved 1179648K
  class space    used 13475K, committed 14272K, reserved 1048576K
}
Event: 8044.873 GC heap after
{Heap after GC invocations=260 (full 0):
 garbage-first heap   total 235520K, used 49158K [0x0000000084a00000, 0x0000000100000000)
  region size 1024K, 1 young (1024K), 1 survivors (1024K)
 Metaspace       used 96719K, committed 98432K, reserved 1179648K
  class space    used 13475K, committed 14272K, reserved 1048576K
}
Event: 8045.378 GC heap before
{Heap before GC invocations=260 (full 0):
 garbage-first heap   total 235520K, used 189446K [0x0000000084a00000, 0x0000000100000000)
  region size 1024K, 138 young (141312K), 1 survivors (1024K)
 Metaspace       used 96719K, committed 98432K, reserved 1179648K
  class space    used 13475K, committed 14272K, reserved 1048576K
}
Event: 8045.411 GC heap after
{Heap after GC invocations=261 (full 0):
 garbage-first heap   total 235520K, used 49123K [0x0000000084a00000, 0x0000000100000000)
  region size 1024K, 1 young (1024K), 1 survivors (1024K)
 Metaspace       used 96719K, committed 98432K, reserved 1179648K
  class space    used 13475K, committed 14272K, reserved 1048576K
}
Event: 8198.017 GC heap before
{Heap before GC invocations=262 (full 0):
 garbage-first heap   total 181248K, used 155619K [0x0000000084a00000, 0x0000000100000000)
  region size 1024K, 106 young (108544K), 1 survivors (1024K)
 Metaspace       used 96721K, committed 98432K, reserved 1179648K
  class space    used 13475K, committed 14272K, reserved 1048576K
}
Event: 8198.162 GC heap after
{Heap after GC invocations=263 (full 0):
 garbage-first heap   total 181248K, used 50064K [0x0000000084a00000, 0x0000000100000000)
  region size 1024K, 2 young (2048K), 2 survivors (2048K)
 Metaspace       used 96721K, committed 98432K, reserved 1179648K
  class space    used 13475K, committed 14272K, reserved 1048576K
}
Event: 8198.627 GC heap before
{Heap before GC invocations=263 (full 0):
 garbage-first heap   total 181248K, used 156560K [0x0000000084a00000, 0x0000000100000000)
  region size 1024K, 106 young (108544K), 2 survivors (2048K)
 Metaspace       used 96721K, committed 98432K, reserved 1179648K
  class space    used 13475K, committed 14272K, reserved 1048576K
}
Event: 8198.655 GC heap after
{Heap after GC invocations=264 (full 0):
 garbage-first heap   total 181248K, used 49036K [0x0000000084a00000, 0x0000000100000000)
  region size 1024K, 1 young (1024K), 1 survivors (1024K)
 Metaspace       used 96721K, committed 98432K, reserved 1179648K
  class space    used 13475K, committed 14272K, reserved 1048576K
}
Event: 8254.264 GC heap before
{Heap before GC invocations=264 (full 0):
 garbage-first heap   total 181248K, used 156556K [0x0000000084a00000, 0x0000000100000000)
  region size 1024K, 106 young (108544K), 1 survivors (1024K)
 Metaspace       used 96723K, committed 98432K, reserved 1179648K
  class space    used 13476K, committed 14272K, reserved 1048576K
}
Event: 8254.365 GC heap after
{Heap after GC invocations=265 (full 0):
 garbage-first heap   total 181248K, used 49107K [0x0000000084a00000, 0x0000000100000000)
  region size 1024K, 1 young (1024K), 1 survivors (1024K)
 Metaspace       used 96723K, committed 98432K, reserved 1179648K
  class space    used 13476K, committed 14272K, reserved 1048576K
}
Event: 8254.946 GC heap before
{Heap before GC invocations=266 (full 0):
 garbage-first heap   total 181248K, used 156627K [0x0000000084a00000, 0x0000000100000000)
  region size 1024K, 106 young (108544K), 1 survivors (1024K)
 Metaspace       used 96723K, committed 98432K, reserved 1179648K
  class space    used 13476K, committed 14272K, reserved 1048576K
}

