# JRE version: Java(TM) SE Runtime Environment (21.0.2+13) (build 21.0.2+13-LTS-58)
# Java VM: Java HotSpot(TM) 64-Bit Server VM (21.0.2+13-LTS-58, mixed mode, sharing, tiered, compressed oops, compressed class ptrs, g1 gc, windows-amd64)
GC Precious Log:
 CardTable entry size: 512
 Card Set container configuration: InlinePtr #cards 5 size 8 Array Of Cards #cards 12 size 40 Howl #buckets 4 coarsen threshold 1843 Howl Bitmap #cards 512 size 80 coarsen threshold 460 Card regions per heap region 1 cards per card region 2048
 CPUs: 16 total, 16 available
 Memory: 7893M
 Large Page Support: Disabled
 NUMA Support: Disabled
 Compressed Oops: Enabled (32-bit)
 Heap Region Size: 1M
 Heap Min Capacity: 8M
 Heap Initial Capacity: 124M
 Heap Max Capacity: 1974M
 Pre-touch: Disabled
 Parallel Workers: 13
 Concurrent Workers: 3
 Concurrent Refinement Workers: 13
 Periodic GC: Disabled
Heap:
 garbage-first heap   total 129024K, used 105393K [0x0000000084a00000, 0x0000000100000000)
  region size 1024K, 59 young (60416K), 5 survivors (5120K)
 Metaspace       used 89952K, committed 90752K, reserved 1179648K
  class space    used 11683K, committed 12032K, reserved 1048576K
GC Heap History (20 events):
Event: 9.941 GC heap before
{Heap before GC invocations=15 (full 0):
 garbage-first heap   total 81920K, used 72130K [0x0000000084a00000, 0x0000000100000000)
  region size 1024K, 38 young (38912K), 3 survivors (3072K)
 Metaspace       used 67516K, committed 68096K, reserved 1114112K
  class space    used 8613K, committed 8896K, reserved 1048576K
}
Event: 9.947 GC heap after
{Heap after GC invocations=16 (full 0):
 garbage-first heap   total 81920K, used 36617K [0x0000000084a00000, 0x0000000100000000)
  region size 1024K, 2 young (2048K), 2 survivors (2048K)
 Metaspace       used 67516K, committed 68096K, reserved 1114112K
  class space    used 8613K, committed 8896K, reserved 1048576K
}
Event: 10.067 GC heap before
{Heap before GC invocations=16 (full 0):
 garbage-first heap   total 81920K, used 74505K [0x0000000084a00000, 0x0000000100000000)
  region size 1024K, 39 young (39936K), 2 survivors (2048K)
 Metaspace       used 68295K, committed 68864K, reserved 1114112K
  class space    used 8698K, committed 8960K, reserved 1048576K
}
Event: 10.071 GC heap after
{Heap after GC invocations=17 (full 0):
 garbage-first heap   total 81920K, used 36911K [0x0000000084a00000, 0x0000000100000000)
  region size 1024K, 3 young (3072K), 3 survivors (3072K)
 Metaspace       used 68295K, committed 68864K, reserved 1114112K
  class space    used 8698K, committed 8960K, reserved 1048576K
}
Event: 10.739 GC heap before
{Heap before GC invocations=17 (full 0):
 garbage-first heap   total 81920K, used 72751K [0x0000000084a00000, 0x0000000100000000)
  region size 1024K, 39 young (39936K), 3 survivors (3072K)
 Metaspace       used 74385K, committed 75072K, reserved 1114112K
  class space    used 9520K, committed 9792K, reserved 1048576K
}
Event: 10.747 GC heap after
{Heap after GC invocations=18 (full 0):
 garbage-first heap   total 98304K, used 40040K [0x0000000084a00000, 0x0000000100000000)
  region size 1024K, 5 young (5120K), 5 survivors (5120K)
 Metaspace       used 74385K, committed 75072K, reserved 1114112K
  class space    used 9520K, committed 9792K, reserved 1048576K
}
Event: 11.215 GC heap before
{Heap before GC invocations=19 (full 0):
 garbage-first heap   total 98304K, used 85096K [0x0000000084a00000, 0x0000000100000000)
  region size 1024K, 50 young (51200K), 5 survivors (5120K)
 Metaspace       used 77875K, committed 78464K, reserved 1179648K
  class space    used 10238K, committed 10496K, reserved 1048576K
}
Event: 11.227 GC heap after
{Heap after GC invocations=20 (full 0):
 garbage-first heap   total 98304K, used 43743K [0x0000000084a00000, 0x0000000100000000)
  region size 1024K, 7 young (7168K), 7 survivors (7168K)
 Metaspace       used 77875K, committed 78464K, reserved 1179648K
  class space    used 10238K, committed 10496K, reserved 1048576K
}
Event: 11.651 GC heap before
{Heap before GC invocations=20 (full 0):
 garbage-first heap   total 98304K, used 84703K [0x0000000084a00000, 0x0000000100000000)
  region size 1024K, 47 young (48128K), 7 survivors (7168K)
 Metaspace       used 80882K, committed 81536K, reserved 1179648K
  class space    used 10652K, committed 10944K, reserved 1048576K
}
Event: 11.663 GC heap after
{Heap after GC invocations=21 (full 0):
 garbage-first heap   total 98304K, used 44016K [0x0000000084a00000, 0x0000000100000000)
  region size 1024K, 2 young (2048K), 2 survivors (2048K)
 Metaspace       used 80882K, committed 81536K, reserved 1179648K
  class space    used 10652K, committed 10944K, reserved 1048576K
}
Event: 11.876 GC heap before
{Heap before GC invocations=21 (full 0):
 garbage-first heap   total 98304K, used 89072K [0x0000000084a00000, 0x0000000100000000)
  region size 1024K, 46 young (47104K), 2 survivors (2048K)
 Metaspace       used 81706K, committed 82368K, reserved 1179648K
  class space    used 10718K, committed 11008K, reserved 1048576K
}
Event: 11.882 GC heap after
{Heap after GC invocations=22 (full 0):
 garbage-first heap   total 98304K, used 45623K [0x0000000084a00000, 0x0000000100000000)
  region size 1024K, 4 young (4096K), 4 survivors (4096K)
 Metaspace       used 81706K, committed 82368K, reserved 1179648K
  class space    used 10718K, committed 11008K, reserved 1048576K
}
Event: 12.125 GC heap before
{Heap before GC invocations=23 (full 0):
 garbage-first heap   total 98304K, used 87607K [0x0000000084a00000, 0x0000000100000000)
  region size 1024K, 45 young (46080K), 4 survivors (4096K)
 Metaspace       used 82063K, committed 82752K, reserved 1179648K
  class space    used 10751K, committed 11072K, reserved 1048576K
}
Event: 12.133 GC heap after
{Heap after GC invocations=24 (full 0):
 garbage-first heap   total 98304K, used 49484K [0x0000000084a00000, 0x0000000100000000)
  region size 1024K, 6 young (6144K), 6 survivors (6144K)
 Metaspace       used 82063K, committed 82752K, reserved 1179648K
  class space    used 10751K, committed 11072K, reserved 1048576K
}
Event: 12.334 GC heap before
{Heap before GC invocations=24 (full 0):
 garbage-first heap   total 98304K, used 85324K [0x0000000084a00000, 0x0000000100000000)
  region size 1024K, 41 young (41984K), 6 survivors (6144K)
 Metaspace       used 82164K, committed 82880K, reserved 1179648K
  class space    used 10757K, committed 11072K, reserved 1048576K
}
Event: 12.342 GC heap after
{Heap after GC invocations=25 (full 0):
 garbage-first heap   total 98304K, used 47438K [0x0000000084a00000, 0x0000000100000000)
  region size 1024K, 1 young (1024K), 1 survivors (1024K)
 Metaspace       used 82164K, committed 82880K, reserved 1179648K
  class space    used 10757K, committed 11072K, reserved 1048576K
}
Event: 21.814 GC heap before
{Heap before GC invocations=25 (full 0):
 garbage-first heap   total 98304K, used 89422K [0x0000000084a00000, 0x0000000100000000)
  region size 1024K, 42 young (43008K), 1 survivors (1024K)
 Metaspace       used 82539K, committed 83200K, reserved 1179648K
  class space    used 10780K, committed 11072K, reserved 1048576K
}
Event: 21.822 GC heap after
{Heap after GC invocations=26 (full 0):
 garbage-first heap   total 129024K, used 48371K [0x0000000084a00000, 0x0000000100000000)
  region size 1024K, 2 young (2048K), 2 survivors (2048K)
 Metaspace       used 82539K, committed 83200K, reserved 1179648K
  class space    used 10780K, committed 11072K, reserved 1048576K
}
Event: 23.103 GC heap before
{Heap before GC invocations=27 (full 0):
 garbage-first heap   total 129024K, used 118003K [0x0000000084a00000, 0x0000000100000000)
  region size 1024K, 70 young (71680K), 2 survivors (2048K)
 Metaspace       used 84718K, committed 85504K, reserved 1179648K
  class space    used 10964K, committed 11328K, reserved 1048576K
}
Event: 23.107 GC heap after
{Heap after GC invocations=28 (full 0):
 garbage-first heap   total 129024K, used 51121K [0x0000000084a00000, 0x0000000100000000)
  region size 1024K, 5 young (5120K), 5 survivors (5120K)
 Metaspace       used 84718K, committed 85504K, reserved 1179648K
  class space    used 10964K, committed 11328K, reserved 1048576K
}

