# JRE version: Java(TM) SE Runtime Environment (21.0.2+13) (build 21.0.2+13-LTS-58)
# Java VM: Java HotSpot(TM) 64-Bit Server VM (21.0.2+13-LTS-58, mixed mode, sharing, tiered, compressed oops, compressed class ptrs, g1 gc, windows-amd64)
GC Precious Log:
 CardTable entry size: 512
 Card Set container configuration: InlinePtr #cards 5 size 8 Array Of Cards #cards 12 size 40 Howl #buckets 4 coarsen threshold 1843 Howl Bitmap #cards 512 size 80 coarsen threshold 460 Card regions per heap region 1 cards per card region 2048
 CPUs: 16 total, 16 available
 Memory: 7893M
 Large Page Support: Disabled
 NUMA Support: Disabled
 Compressed Oops: Enabled (32-bit)
 Heap Region Size: 1M
 Heap Min Capacity: 8M
 Heap Initial Capacity: 124M
 Heap Max Capacity: 1974M
 Pre-touch: Disabled
 Parallel Workers: 13
 Concurrent Workers: 3
 Concurrent Refinement Workers: 13
 Periodic GC: Disabled
Heap:
 garbage-first heap   total 424960K, used 313802K [0x0000000084a00000, 0x0000000100000000)
  region size 1024K, 213 young (218112K), 8 survivors (8192K)
 Metaspace       used 152039K, committed 153344K, reserved 1245184K
  class space    used 15567K, committed 16256K, reserved 1048576K
GC Heap History (20 events):
Event: 246.853 GC heap before
{Heap before GC invocations=169 (full 0):
 garbage-first heap   total 424960K, used 351730K [0x0000000084a00000, 0x0000000100000000)
  region size 1024K, 249 young (254976K), 11 survivors (11264K)
 Metaspace       used 149070K, committed 150336K, reserved 1245184K
  class space    used 15326K, committed 16000K, reserved 1048576K
}
Event: 246.860 GC heap after
{Heap after GC invocations=170 (full 0):
 garbage-first heap   total 424960K, used 104355K [0x0000000084a00000, 0x0000000100000000)
  region size 1024K, 8 young (8192K), 8 survivors (8192K)
 Metaspace       used 149070K, committed 150336K, reserved 1245184K
  class space    used 15326K, committed 16000K, reserved 1048576K
}
Event: 247.750 GC heap before
{Heap before GC invocations=170 (full 0):
 garbage-first heap   total 424960K, used 351139K [0x0000000084a00000, 0x0000000100000000)
  region size 1024K, 249 young (254976K), 8 survivors (8192K)
 Metaspace       used 149421K, committed 150720K, reserved 1245184K
  class space    used 15355K, committed 16000K, reserved 1048576K
}
Event: 247.765 GC heap after
{Heap after GC invocations=171 (full 0):
 garbage-first heap   total 424960K, used 112108K [0x0000000084a00000, 0x0000000100000000)
  region size 1024K, 15 young (15360K), 15 survivors (15360K)
 Metaspace       used 149421K, committed 150720K, reserved 1245184K
  class space    used 15355K, committed 16000K, reserved 1048576K
}
Event: 249.521 GC heap before
{Heap before GC invocations=171 (full 0):
 garbage-first heap   total 424960K, used 351724K [0x0000000084a00000, 0x0000000100000000)
  region size 1024K, 249 young (254976K), 15 survivors (15360K)
 Metaspace       used 149772K, committed 150976K, reserved 1245184K
  class space    used 15382K, committed 16000K, reserved 1048576K
}
Event: 249.533 GC heap after
{Heap after GC invocations=172 (full 0):
 garbage-first heap   total 424960K, used 108029K [0x0000000084a00000, 0x0000000100000000)
  region size 1024K, 11 young (11264K), 11 survivors (11264K)
 Metaspace       used 149772K, committed 150976K, reserved 1245184K
  class space    used 15382K, committed 16000K, reserved 1048576K
}
Event: 251.048 GC heap before
{Heap before GC invocations=172 (full 0):
 garbage-first heap   total 424960K, used 351741K [0x0000000084a00000, 0x0000000100000000)
  region size 1024K, 249 young (254976K), 11 survivors (11264K)
 Metaspace       used 149860K, committed 151168K, reserved 1245184K
  class space    used 15401K, committed 16064K, reserved 1048576K
}
Event: 251.058 GC heap after
{Heap after GC invocations=173 (full 0):
 garbage-first heap   total 424960K, used 104823K [0x0000000084a00000, 0x0000000100000000)
  region size 1024K, 8 young (8192K), 8 survivors (8192K)
 Metaspace       used 149860K, committed 151168K, reserved 1245184K
  class space    used 15401K, committed 16064K, reserved 1048576K
}
Event: 252.114 GC heap before
{Heap before GC invocations=173 (full 0):
 garbage-first heap   total 424960K, used 351607K [0x0000000084a00000, 0x0000000100000000)
  region size 1024K, 249 young (254976K), 8 survivors (8192K)
 Metaspace       used 150213K, committed 151488K, reserved 1245184K
  class space    used 15429K, committed 16064K, reserved 1048576K
}
Event: 252.127 GC heap after
{Heap after GC invocations=174 (full 0):
 garbage-first heap   total 424960K, used 112651K [0x0000000084a00000, 0x0000000100000000)
  region size 1024K, 16 young (16384K), 16 survivors (16384K)
 Metaspace       used 150213K, committed 151488K, reserved 1245184K
  class space    used 15429K, committed 16064K, reserved 1048576K
}
Event: 253.738 GC heap before
{Heap before GC invocations=174 (full 0):
 garbage-first heap   total 424960K, used 351243K [0x0000000084a00000, 0x0000000100000000)
  region size 1024K, 249 young (254976K), 16 survivors (16384K)
 Metaspace       used 150574K, committed 151872K, reserved 1245184K
  class space    used 15463K, committed 16128K, reserved 1048576K
}
Event: 253.748 GC heap after
{Heap after GC invocations=175 (full 0):
 garbage-first heap   total 424960K, used 107829K [0x0000000084a00000, 0x0000000100000000)
  region size 1024K, 11 young (11264K), 11 survivors (11264K)
 Metaspace       used 150574K, committed 151872K, reserved 1245184K
  class space    used 15463K, committed 16128K, reserved 1048576K
}
Event: 255.024 GC heap before
{Heap before GC invocations=175 (full 0):
 garbage-first heap   total 424960K, used 351541K [0x0000000084a00000, 0x0000000100000000)
  region size 1024K, 249 young (254976K), 11 survivors (11264K)
 Metaspace       used 150609K, committed 151872K, reserved 1245184K
  class space    used 15466K, committed 16128K, reserved 1048576K
}
Event: 255.035 GC heap after
{Heap after GC invocations=176 (full 0):
 garbage-first heap   total 424960K, used 104528K [0x0000000084a00000, 0x0000000100000000)
  region size 1024K, 7 young (7168K), 7 survivors (7168K)
 Metaspace       used 150609K, committed 151872K, reserved 1245184K
  class space    used 15466K, committed 16128K, reserved 1048576K
}
Event: 255.952 GC heap before
{Heap before GC invocations=176 (full 0):
 garbage-first heap   total 424960K, used 352336K [0x0000000084a00000, 0x0000000100000000)
  region size 1024K, 249 young (254976K), 7 survivors (7168K)
 Metaspace       used 150959K, committed 152192K, reserved 1245184K
  class space    used 15493K, committed 16128K, reserved 1048576K
}
Event: 255.980 GC heap after
{Heap after GC invocations=177 (full 0):
 garbage-first heap   total 424960K, used 112727K [0x0000000084a00000, 0x0000000100000000)
  region size 1024K, 15 young (15360K), 15 survivors (15360K)
 Metaspace       used 150959K, committed 152192K, reserved 1245184K
  class space    used 15493K, committed 16128K, reserved 1048576K
}
Event: 257.701 GC heap before
{Heap before GC invocations=177 (full 0):
 garbage-first heap   total 424960K, used 352343K [0x0000000084a00000, 0x0000000100000000)
  region size 1024K, 249 young (254976K), 15 survivors (15360K)
 Metaspace       used 151337K, committed 152640K, reserved 1245184K
  class space    used 15521K, committed 16192K, reserved 1048576K
}
Event: 257.715 GC heap after
{Heap after GC invocations=178 (full 0):
 garbage-first heap   total 424960K, used 108723K [0x0000000084a00000, 0x0000000100000000)
  region size 1024K, 11 young (11264K), 11 survivors (11264K)
 Metaspace       used 151337K, committed 152640K, reserved 1245184K
  class space    used 15521K, committed 16192K, reserved 1048576K
}
Event: 259.056 GC heap before
{Heap before GC invocations=178 (full 0):
 garbage-first heap   total 424960K, used 352435K [0x0000000084a00000, 0x0000000100000000)
  region size 1024K, 249 young (254976K), 11 survivors (11264K)
 Metaspace       used 151431K, committed 152704K, reserved 1245184K
  class space    used 15526K, committed 16192K, reserved 1048576K
}
Event: 259.063 GC heap after
{Heap after GC invocations=179 (full 0):
 garbage-first heap   total 424960K, used 104906K [0x0000000084a00000, 0x0000000100000000)
  region size 1024K, 8 young (8192K), 8 survivors (8192K)
 Metaspace       used 151431K, committed 152704K, reserved 1245184K
  class space    used 15526K, committed 16192K, reserved 1048576K
}

