# JRE version: Java(TM) SE Runtime Environment (21.0.2+13) (build 21.0.2+13-LTS-58)
# Java VM: Java HotSpot(TM) 64-Bit Server VM (21.0.2+13-LTS-58, mixed mode, sharing, tiered, compressed oops, compressed class ptrs, g1 gc, windows-amd64)
GC Precious Log:
 CardTable entry size: 512
 Card Set container configuration: InlinePtr #cards 5 size 8 Array Of Cards #cards 12 size 40 Howl #buckets 4 coarsen threshold 1843 Howl Bitmap #cards 512 size 80 coarsen threshold 460 Card regions per heap region 1 cards per card region 2048
 CPUs: 16 total, 16 available
 Memory: 7893M
 Large Page Support: Disabled
 NUMA Support: Disabled
 Compressed Oops: Enabled (32-bit)
 Heap Region Size: 1M
 Heap Min Capacity: 8M
 Heap Initial Capacity: 124M
 Heap Max Capacity: 1G
 Pre-touch: Disabled
 Parallel Workers: 13
 Concurrent Workers: 3
 Concurrent Refinement Workers: 13
 Periodic GC: Disabled
Heap:
 garbage-first heap   total 263168K, used 147899K [0x00000000c0000000, 0x0000000100000000)
  region size 1024K, 72 young (73728K), 19 survivors (19456K)
 Metaspace       used 102392K, committed 103360K, reserved 1179648K
  class space    used 13165K, committed 13632K, reserved 1048576K
GC Heap History (20 events):
Event: 17.205 GC heap before
{Heap before GC invocations=43 (full 0):
 garbage-first heap   total 186368K, used 163816K [0x00000000c0000000, 0x0000000100000000)
  region size 1024K, 91 young (93184K), 12 survivors (12288K)
 Metaspace       used 97898K, committed 98816K, reserved 1179648K
  class space    used 12875K, committed 13312K, reserved 1048576K
}
Event: 17.214 GC heap after
{Heap after GC invocations=44 (full 0):
 garbage-first heap   total 186368K, used 88528K [0x00000000c0000000, 0x0000000100000000)
  region size 1024K, 5 young (5120K), 5 survivors (5120K)
 Metaspace       used 97898K, committed 98816K, reserved 1179648K
  class space    used 12875K, committed 13312K, reserved 1048576K
}
Event: 17.415 GC heap before
{Heap before GC invocations=45 (full 0):
 garbage-first heap   total 186368K, used 170448K [0x00000000c0000000, 0x0000000100000000)
  region size 1024K, 85 young (87040K), 5 survivors (5120K)
 Metaspace       used 98166K, committed 99072K, reserved 1179648K
  class space    used 12886K, committed 13312K, reserved 1048576K
}
Event: 17.419 GC heap after
{Heap after GC invocations=46 (full 0):
 garbage-first heap   total 186368K, used 90436K [0x00000000c0000000, 0x0000000100000000)
  region size 1024K, 7 young (7168K), 7 survivors (7168K)
 Metaspace       used 98166K, committed 99072K, reserved 1179648K
  class space    used 12886K, committed 13312K, reserved 1048576K
}
Event: 17.571 GC heap before
{Heap before GC invocations=46 (full 0):
 garbage-first heap   total 186368K, used 168260K [0x00000000c0000000, 0x0000000100000000)
  region size 1024K, 83 young (84992K), 7 survivors (7168K)
 Metaspace       used 98310K, committed 99200K, reserved 1179648K
  class space    used 12886K, committed 13312K, reserved 1048576K
}
Event: 17.581 GC heap after
{Heap after GC invocations=47 (full 0):
 garbage-first heap   total 186368K, used 77743K [0x00000000c0000000, 0x0000000100000000)
  region size 1024K, 6 young (6144K), 6 survivors (6144K)
 Metaspace       used 98310K, committed 99200K, reserved 1179648K
  class space    used 12886K, committed 13312K, reserved 1048576K
}
Event: 18.541 GC heap before
{Heap before GC invocations=47 (full 0):
 garbage-first heap   total 186368K, used 169903K [0x00000000c0000000, 0x0000000100000000)
  region size 1024K, 96 young (98304K), 6 survivors (6144K)
 Metaspace       used 99962K, committed 100928K, reserved 1179648K
  class space    used 13064K, committed 13504K, reserved 1048576K
}
Event: 18.549 GC heap after
{Heap after GC invocations=48 (full 0):
 garbage-first heap   total 263168K, used 81896K [0x00000000c0000000, 0x0000000100000000)
  region size 1024K, 10 young (10240K), 10 survivors (10240K)
 Metaspace       used 99962K, committed 100928K, reserved 1179648K
  class space    used 13064K, committed 13504K, reserved 1048576K
}
Event: 19.125 GC heap before
{Heap before GC invocations=48 (full 0):
 garbage-first heap   total 263168K, used 229352K [0x00000000c0000000, 0x0000000100000000)
  region size 1024K, 154 young (157696K), 10 survivors (10240K)
 Metaspace       used 100356K, committed 101312K, reserved 1179648K
  class space    used 13091K, committed 13568K, reserved 1048576K
}
Event: 19.135 GC heap after
{Heap after GC invocations=49 (full 0):
 garbage-first heap   total 263168K, used 89576K [0x00000000c0000000, 0x0000000100000000)
  region size 1024K, 18 young (18432K), 18 survivors (18432K)
 Metaspace       used 100356K, committed 101312K, reserved 1179648K
  class space    used 13091K, committed 13568K, reserved 1048576K
}
Event: 19.449 GC heap before
{Heap before GC invocations=49 (full 0):
 garbage-first heap   total 263168K, used 228840K [0x00000000c0000000, 0x0000000100000000)
  region size 1024K, 154 young (157696K), 18 survivors (18432K)
 Metaspace       used 100603K, committed 101568K, reserved 1179648K
  class space    used 13093K, committed 13568K, reserved 1048576K
}
Event: 19.459 GC heap after
{Heap after GC invocations=50 (full 0):
 garbage-first heap   total 263168K, used 95327K [0x00000000c0000000, 0x0000000100000000)
  region size 1024K, 14 young (14336K), 14 survivors (14336K)
 Metaspace       used 100603K, committed 101568K, reserved 1179648K
  class space    used 13093K, committed 13568K, reserved 1048576K
}
Event: 20.582 GC heap before
{Heap before GC invocations=50 (full 0):
 garbage-first heap   total 263168K, used 233567K [0x00000000c0000000, 0x0000000100000000)
  region size 1024K, 149 young (152576K), 14 survivors (14336K)
 Metaspace       used 100938K, committed 101888K, reserved 1179648K
  class space    used 13104K, committed 13568K, reserved 1048576K
}
Event: 20.591 GC heap after
{Heap after GC invocations=51 (full 0):
 garbage-first heap   total 263168K, used 102818K [0x00000000c0000000, 0x0000000100000000)
  region size 1024K, 15 young (15360K), 15 survivors (15360K)
 Metaspace       used 100938K, committed 101888K, reserved 1179648K
  class space    used 13104K, committed 13568K, reserved 1048576K
}
Event: 20.917 GC heap before
{Heap before GC invocations=52 (full 0):
 garbage-first heap   total 263168K, used 229794K [0x00000000c0000000, 0x0000000100000000)
  region size 1024K, 142 young (145408K), 15 survivors (15360K)
 Metaspace       used 101563K, committed 102528K, reserved 1179648K
  class space    used 13131K, committed 13568K, reserved 1048576K
}
Event: 20.924 GC heap after
{Heap after GC invocations=53 (full 0):
 garbage-first heap   total 263168K, used 102842K [0x00000000c0000000, 0x0000000100000000)
  region size 1024K, 6 young (6144K), 6 survivors (6144K)
 Metaspace       used 101563K, committed 102528K, reserved 1179648K
  class space    used 13131K, committed 13568K, reserved 1048576K
}
Event: 21.194 GC heap before
{Heap before GC invocations=53 (full 0):
 garbage-first heap   total 263168K, used 239034K [0x00000000c0000000, 0x0000000100000000)
  region size 1024K, 139 young (142336K), 6 survivors (6144K)
 Metaspace       used 101686K, committed 102656K, reserved 1179648K
  class space    used 13131K, committed 13568K, reserved 1048576K
}
Event: 21.200 GC heap after
{Heap after GC invocations=54 (full 0):
 garbage-first heap   total 263168K, used 85559K [0x00000000c0000000, 0x0000000100000000)
  region size 1024K, 10 young (10240K), 10 survivors (10240K)
 Metaspace       used 101686K, committed 102656K, reserved 1179648K
  class space    used 13131K, committed 13568K, reserved 1048576K
}
Event: 22.188 GC heap before
{Heap before GC invocations=54 (full 0):
 garbage-first heap   total 263168K, used 233015K [0x00000000c0000000, 0x0000000100000000)
  region size 1024K, 154 young (157696K), 10 survivors (10240K)
 Metaspace       used 102114K, committed 103104K, reserved 1179648K
  class space    used 13156K, committed 13632K, reserved 1048576K
}
Event: 22.198 GC heap after
{Heap after GC invocations=55 (full 0):
 garbage-first heap   total 263168K, used 94651K [0x00000000c0000000, 0x0000000100000000)
  region size 1024K, 19 young (19456K), 19 survivors (19456K)
 Metaspace       used 102114K, committed 103104K, reserved 1179648K
  class space    used 13156K, committed 13632K, reserved 1048576K
}

