# JRE version: Java(TM) SE Runtime Environment (21.0.2+13) (build 21.0.2+13-LTS-58)
# Java VM: Java HotSpot(TM) 64-Bit Server VM (21.0.2+13-LTS-58, mixed mode, sharing, tiered, compressed oops, compressed class ptrs, g1 gc, windows-amd64)
GC Precious Log:
 CardTable entry size: 512
 Card Set container configuration: InlinePtr #cards 5 size 8 Array Of Cards #cards 12 size 40 Howl #buckets 4 coarsen threshold 1843 Howl Bitmap #cards 512 size 80 coarsen threshold 460 Card regions per heap region 1 cards per card region 2048
 CPUs: 16 total, 16 available
 Memory: 7893M
 Large Page Support: Disabled
 NUMA Support: Disabled
 Compressed Oops: Enabled (32-bit)
 Heap Region Size: 1M
 Heap Min Capacity: 8M
 Heap Initial Capacity: 124M
 Heap Max Capacity: 1974M
 Pre-touch: Disabled
 Parallel Workers: 13
 Concurrent Workers: 3
 Concurrent Refinement Workers: 13
 Periodic GC: Disabled
Heap:
 garbage-first heap   total 110592K, used 40266K [0x0000000084a00000, 0x0000000100000000)
  region size 1024K, 7 young (7168K), 3 survivors (3072K)
 Metaspace       used 70554K, committed 71168K, reserved 1114112K
  class space    used 9104K, committed 9408K, reserved 1048576K
GC Heap History (20 events):
Event: 3.221 GC heap before
{Heap before GC invocations=4 (full 0):
 garbage-first heap   total 61440K, used 58994K [0x0000000084a00000, 0x0000000100000000)
  region size 1024K, 48 young (49152K), 5 survivors (5120K)
 Metaspace       used 30188K, committed 30592K, reserved 1114112K
  class space    used 3653K, committed 3840K, reserved 1048576K
}
Event: 3.229 GC heap after
{Heap after GC invocations=5 (full 0):
 garbage-first heap   total 69632K, used 19720K [0x0000000084a00000, 0x0000000100000000)
  region size 1024K, 8 young (8192K), 8 survivors (8192K)
 Metaspace       used 30188K, committed 30592K, reserved 1114112K
  class space    used 3653K, committed 3840K, reserved 1048576K
}
Event: 3.841 GC heap before
{Heap before GC invocations=5 (full 0):
 garbage-first heap   total 69632K, used 49416K [0x0000000084a00000, 0x0000000100000000)
  region size 1024K, 38 young (38912K), 8 survivors (8192K)
 Metaspace       used 33030K, committed 33472K, reserved 1114112K
  class space    used 4031K, committed 4224K, reserved 1048576K
}
Event: 3.851 GC heap after
{Heap after GC invocations=6 (full 0):
 garbage-first heap   total 83968K, used 22629K [0x0000000084a00000, 0x0000000100000000)
  region size 1024K, 4 young (4096K), 4 survivors (4096K)
 Metaspace       used 33030K, committed 33472K, reserved 1114112K
  class space    used 4031K, committed 4224K, reserved 1048576K
}
Event: 4.250 GC heap before
{Heap before GC invocations=6 (full 0):
 garbage-first heap   total 83968K, used 49253K [0x0000000084a00000, 0x0000000100000000)
  region size 1024K, 32 young (32768K), 4 survivors (4096K)
 Metaspace       used 35752K, committed 36096K, reserved 1114112K
  class space    used 4318K, committed 4480K, reserved 1048576K
}
Event: 4.257 GC heap after
{Heap after GC invocations=7 (full 0):
 garbage-first heap   total 83968K, used 25600K [0x0000000084a00000, 0x0000000100000000)
  region size 1024K, 3 young (3072K), 3 survivors (3072K)
 Metaspace       used 35752K, committed 36096K, reserved 1114112K
  class space    used 4318K, committed 4480K, reserved 1048576K
}
Event: 5.181 GC heap before
{Heap before GC invocations=8 (full 0):
 garbage-first heap   total 83968K, used 67584K [0x0000000084a00000, 0x0000000100000000)
  region size 1024K, 44 young (45056K), 3 survivors (3072K)
 Metaspace       used 40738K, committed 41152K, reserved 1114112K
  class space    used 4936K, committed 5120K, reserved 1048576K
}
Event: 5.188 GC heap after
{Heap after GC invocations=9 (full 0):
 garbage-first heap   total 83968K, used 27648K [0x0000000084a00000, 0x0000000100000000)
  region size 1024K, 5 young (5120K), 5 survivors (5120K)
 Metaspace       used 40738K, committed 41152K, reserved 1114112K
  class space    used 4936K, committed 5120K, reserved 1048576K
}
Event: 7.268 GC heap before
{Heap before GC invocations=9 (full 0):
 garbage-first heap   total 83968K, used 69632K [0x0000000084a00000, 0x0000000100000000)
  region size 1024K, 46 young (47104K), 5 survivors (5120K)
 Metaspace       used 46933K, committed 47552K, reserved 1114112K
  class space    used 5832K, committed 6144K, reserved 1048576K
}
Event: 7.279 GC heap after
{Heap after GC invocations=10 (full 0):
 garbage-first heap   total 83968K, used 30135K [0x0000000084a00000, 0x0000000100000000)
  region size 1024K, 6 young (6144K), 6 survivors (6144K)
 Metaspace       used 46933K, committed 47552K, reserved 1114112K
  class space    used 5832K, committed 6144K, reserved 1048576K
}
Event: 8.126 GC heap before
{Heap before GC invocations=10 (full 0):
 garbage-first heap   total 83968K, used 71095K [0x0000000084a00000, 0x0000000100000000)
  region size 1024K, 46 young (47104K), 6 survivors (6144K)
 Metaspace       used 56308K, committed 56896K, reserved 1114112K
  class space    used 7081K, committed 7360K, reserved 1048576K
}
Event: 8.134 GC heap after
{Heap after GC invocations=11 (full 0):
 garbage-first heap   total 83968K, used 32735K [0x0000000084a00000, 0x0000000100000000)
  region size 1024K, 6 young (6144K), 6 survivors (6144K)
 Metaspace       used 56308K, committed 56896K, reserved 1114112K
  class space    used 7081K, committed 7360K, reserved 1048576K
}
Event: 8.561 GC heap before
{Heap before GC invocations=11 (full 0):
 garbage-first heap   total 83968K, used 56287K [0x0000000084a00000, 0x0000000100000000)
  region size 1024K, 30 young (30720K), 6 survivors (6144K)
 Metaspace       used 59820K, committed 60416K, reserved 1114112K
  class space    used 7522K, committed 7808K, reserved 1048576K
}
Event: 8.571 GC heap after
{Heap after GC invocations=12 (full 0):
 garbage-first heap   total 83968K, used 34962K [0x0000000084a00000, 0x0000000100000000)
  region size 1024K, 5 young (5120K), 5 survivors (5120K)
 Metaspace       used 59820K, committed 60416K, reserved 1114112K
  class space    used 7522K, committed 7808K, reserved 1048576K
}
Event: 9.340 GC heap before
{Heap before GC invocations=13 (full 0):
 garbage-first heap   total 83968K, used 72850K [0x0000000084a00000, 0x0000000100000000)
  region size 1024K, 42 young (43008K), 5 survivors (5120K)
 Metaspace       used 67558K, committed 68096K, reserved 1114112K
  class space    used 8723K, committed 8960K, reserved 1048576K
}
Event: 9.348 GC heap after
{Heap after GC invocations=14 (full 0):
 garbage-first heap   total 83968K, used 36437K [0x0000000084a00000, 0x0000000100000000)
  region size 1024K, 4 young (4096K), 4 survivors (4096K)
 Metaspace       used 67558K, committed 68096K, reserved 1114112K
  class space    used 8723K, committed 8960K, reserved 1048576K
}
Event: 9.636 GC heap before
{Heap before GC invocations=14 (full 0):
 garbage-first heap   total 83968K, used 74325K [0x0000000084a00000, 0x0000000100000000)
  region size 1024K, 41 young (41984K), 4 survivors (4096K)
 Metaspace       used 69061K, committed 69632K, reserved 1114112K
  class space    used 8901K, committed 9152K, reserved 1048576K
}
Event: 9.643 GC heap after
{Heap after GC invocations=15 (full 0):
 garbage-first heap   total 83968K, used 36740K [0x0000000084a00000, 0x0000000100000000)
  region size 1024K, 2 young (2048K), 2 survivors (2048K)
 Metaspace       used 69061K, committed 69632K, reserved 1114112K
  class space    used 8901K, committed 9152K, reserved 1048576K
}
Event: 9.813 GC heap before
{Heap before GC invocations=15 (full 0):
 garbage-first heap   total 83968K, used 75652K [0x0000000084a00000, 0x0000000100000000)
  region size 1024K, 40 young (40960K), 2 survivors (2048K)
 Metaspace       used 70022K, committed 70592K, reserved 1114112K
  class space    used 9014K, committed 9280K, reserved 1048576K
}
Event: 9.818 GC heap after
{Heap after GC invocations=16 (full 0):
 garbage-first heap   total 110592K, used 37194K [0x0000000084a00000, 0x0000000100000000)
  region size 1024K, 3 young (3072K), 3 survivors (3072K)
 Metaspace       used 70022K, committed 70592K, reserved 1114112K
  class space    used 9014K, committed 9280K, reserved 1048576K
}

