# JRE version: Java(TM) SE Runtime Environment (21.0.2+13) (build 21.0.2+13-LTS-58)
# Java VM: Java HotSpot(TM) 64-Bit Server VM (21.0.2+13-LTS-58, mixed mode, sharing, tiered, compressed oops, compressed class ptrs, g1 gc, windows-amd64)
GC Precious Log:
 CardTable entry size: 512
 Card Set container configuration: InlinePtr #cards 5 size 8 Array Of Cards #cards 12 size 40 Howl #buckets 4 coarsen threshold 1843 Howl Bitmap #cards 512 size 80 coarsen threshold 460 Card regions per heap region 1 cards per card region 2048
 CPUs: 16 total, 16 available
 Memory: 7893M
 Large Page Support: Disabled
 NUMA Support: Disabled
 Compressed Oops: Enabled (32-bit)
 Heap Region Size: 1M
 Heap Min Capacity: 8M
 Heap Initial Capacity: 124M
 Heap Max Capacity: 1974M
 Pre-touch: Disabled
 Parallel Workers: 13
 Concurrent Workers: 3
 Concurrent Refinement Workers: 13
 Periodic GC: Disabled
Heap:
 garbage-first heap   total 92160K, used 67973K [0x0000000084a00000, 0x0000000100000000)
  region size 1024K, 45 young (46080K), 3 survivors (3072K)
 Metaspace       used 41195K, committed 41728K, reserved 1114112K
  class space    used 5008K, committed 5248K, reserved 1048576K
GC Heap History (12 events):
Event: 1.068 GC heap before
{Heap before GC invocations=0 (full 0):
 garbage-first heap   total 126976K, used 23552K [0x0000000084a00000, 0x0000000100000000)
  region size 1024K, 23 young (23552K), 0 survivors (0K)
 Metaspace       used 5417K, committed 5568K, reserved 1114112K
  class space    used 512K, committed 576K, reserved 1048576K
}
Event: 1.078 GC heap after
{Heap after GC invocations=1 (full 0):
 garbage-first heap   total 126976K, used 10344K [0x0000000084a00000, 0x0000000100000000)
  region size 1024K, 3 young (3072K), 3 survivors (3072K)
 Metaspace       used 5417K, committed 5568K, reserved 1114112K
  class space    used 512K, committed 576K, reserved 1048576K
}
Event: 1.698 GC heap before
{Heap before GC invocations=1 (full 0):
 garbage-first heap   total 126976K, used 34920K [0x0000000084a00000, 0x0000000100000000)
  region size 1024K, 27 young (27648K), 3 survivors (3072K)
 Metaspace       used 12181K, committed 12480K, reserved 1114112K
  class space    used 1319K, committed 1472K, reserved 1048576K
}
Event: 1.707 GC heap after
{Heap after GC invocations=2 (full 0):
 garbage-first heap   total 126976K, used 12766K [0x0000000084a00000, 0x0000000100000000)
  region size 1024K, 2 young (2048K), 2 survivors (2048K)
 Metaspace       used 12181K, committed 12480K, reserved 1114112K
  class space    used 1319K, committed 1472K, reserved 1048576K
}
Event: 2.588 GC heap before
{Heap before GC invocations=2 (full 0):
 garbage-first heap   total 126976K, used 57822K [0x0000000084a00000, 0x0000000100000000)
  region size 1024K, 47 young (48128K), 2 survivors (2048K)
 Metaspace       used 21224K, committed 21504K, reserved 1114112K
  class space    used 2593K, committed 2752K, reserved 1048576K
}
Event: 2.593 GC heap after
{Heap after GC invocations=3 (full 0):
 garbage-first heap   total 126976K, used 16298K [0x0000000084a00000, 0x0000000100000000)
  region size 1024K, 6 young (6144K), 6 survivors (6144K)
 Metaspace       used 21224K, committed 21504K, reserved 1114112K
  class space    used 2593K, committed 2752K, reserved 1048576K
}
Event: 3.324 GC heap before
{Heap before GC invocations=4 (full 0):
 garbage-first heap   total 65536K, used 63402K [0x0000000084a00000, 0x0000000100000000)
  region size 1024K, 53 young (54272K), 6 survivors (6144K)
 Metaspace       used 27744K, committed 28096K, reserved 1114112K
  class space    used 3331K, committed 3520K, reserved 1048576K
}
Event: 3.335 GC heap after
{Heap after GC invocations=5 (full 0):
 garbage-first heap   total 76800K, used 21518K [0x0000000084a00000, 0x0000000100000000)
  region size 1024K, 9 young (9216K), 9 survivors (9216K)
 Metaspace       used 27744K, committed 28096K, reserved 1114112K
  class space    used 3331K, committed 3520K, reserved 1048576K
}
Event: 3.740 GC heap before
{Heap before GC invocations=5 (full 0):
 garbage-first heap   total 76800K, used 55310K [0x0000000084a00000, 0x0000000100000000)
  region size 1024K, 43 young (44032K), 9 survivors (9216K)
 Metaspace       used 32753K, committed 33088K, reserved 1114112K
  class space    used 3893K, committed 4032K, reserved 1048576K
}
Event: 3.748 GC heap after
{Heap after GC invocations=6 (full 0):
 garbage-first heap   total 76800K, used 23358K [0x0000000084a00000, 0x0000000100000000)
  region size 1024K, 3 young (3072K), 3 survivors (3072K)
 Metaspace       used 32753K, committed 33088K, reserved 1114112K
  class space    used 3893K, committed 4032K, reserved 1048576K
}
Event: 5.031 GC heap before
{Heap before GC invocations=6 (full 0):
 garbage-first heap   total 76800K, used 54078K [0x0000000084a00000, 0x0000000100000000)
  region size 1024K, 34 young (34816K), 3 survivors (3072K)
 Metaspace       used 36012K, committed 36288K, reserved 1114112K
  class space    used 4290K, committed 4416K, reserved 1048576K
}
Event: 5.041 GC heap after
{Heap after GC invocations=7 (full 0):
 garbage-first heap   total 92160K, used 25989K [0x0000000084a00000, 0x0000000100000000)
  region size 1024K, 3 young (3072K), 3 survivors (3072K)
 Metaspace       used 36012K, committed 36288K, reserved 1114112K
  class space    used 4290K, committed 4416K, reserved 1048576K
}

