# JRE version: Java(TM) SE Runtime Environment (21.0.2+13) (build 21.0.2+13-LTS-58)
# Java VM: Java HotSpot(TM) 64-Bit Server VM (21.0.2+13-LTS-58, mixed mode, sharing, tiered, compressed oops, compressed class ptrs, g1 gc, windows-amd64)
GC Precious Log:
 CardTable entry size: 512
 Card Set container configuration: InlinePtr #cards 5 size 8 Array Of Cards #cards 12 size 40 Howl #buckets 4 coarsen threshold 1843 Howl Bitmap #cards 512 size 80 coarsen threshold 460 Card regions per heap region 1 cards per card region 2048
 CPUs: 16 total, 16 available
 Memory: 7893M
 Large Page Support: Disabled
 NUMA Support: Disabled
 Compressed Oops: Enabled (32-bit)
 Heap Region Size: 1M
 Heap Min Capacity: 8M
 Heap Initial Capacity: 124M
 Heap Max Capacity: 1974M
 Pre-touch: Disabled
 Parallel Workers: 13
 Concurrent Workers: 3
 Concurrent Refinement Workers: 13
 Periodic GC: Disabled
Heap:
 garbage-first heap   total 60416K, used 57366K [0x0000000084a00000, 0x0000000100000000)
  region size 1024K, 38 young (38912K), 2 survivors (2048K)
 Metaspace       used 31167K, committed 31488K, reserved 1114112K
  class space    used 3570K, committed 3712K, reserved 1048576K
GC Heap History (7 events):
Event: 4.126 GC heap before
{Heap before GC invocations=0 (full 0):
 garbage-first heap   total 126976K, used 23552K [0x0000000084a00000, 0x0000000100000000)
  region size 1024K, 23 young (23552K), 0 survivors (0K)
 Metaspace       used 5638K, committed 5824K, reserved 1114112K
  class space    used 565K, committed 640K, reserved 1048576K
}
Event: 4.139 GC heap after
{Heap after GC invocations=1 (full 0):
 garbage-first heap   total 126976K, used 10240K [0x0000000084a00000, 0x0000000100000000)
  region size 1024K, 3 young (3072K), 3 survivors (3072K)
 Metaspace       used 5638K, committed 5824K, reserved 1114112K
  class space    used 565K, committed 640K, reserved 1048576K
}
Event: 7.012 GC heap before
{Heap before GC invocations=1 (full 0):
 garbage-first heap   total 126976K, used 32768K [0x0000000084a00000, 0x0000000100000000)
  region size 1024K, 26 young (26624K), 3 survivors (3072K)
 Metaspace       used 11344K, committed 11520K, reserved 1114112K
  class space    used 1128K, committed 1216K, reserved 1048576K
}
Event: 7.021 GC heap after
{Heap after GC invocations=2 (full 0):
 garbage-first heap   total 126976K, used 12951K [0x0000000084a00000, 0x0000000100000000)
  region size 1024K, 3 young (3072K), 3 survivors (3072K)
 Metaspace       used 11344K, committed 11520K, reserved 1114112K
  class space    used 1128K, committed 1216K, reserved 1048576K
}
Event: 9.064 GC heap before
{Heap before GC invocations=2 (full 0):
 garbage-first heap   total 126976K, used 48791K [0x0000000084a00000, 0x0000000100000000)
  region size 1024K, 39 young (39936K), 3 survivors (3072K)
 Metaspace       used 21206K, committed 21504K, reserved 1114112K
  class space    used 2316K, committed 2496K, reserved 1048576K
}
Event: 9.078 GC heap after
{Heap after GC invocations=3 (full 0):
 garbage-first heap   total 126976K, used 15382K [0x0000000084a00000, 0x0000000100000000)
  region size 1024K, 5 young (5120K), 5 survivors (5120K)
 Metaspace       used 21206K, committed 21504K, reserved 1114112K
  class space    used 2316K, committed 2496K, reserved 1048576K
}
Event: 13.864 GC heap before
{Heap before GC invocations=4 (full 0):
 garbage-first heap   total 58368K, used 56342K [0x0000000084a00000, 0x0000000100000000)
  region size 1024K, 41 young (41984K), 5 survivors (5120K)
 Metaspace       used 31167K, committed 31488K, reserved 1114112K
  class space    used 3570K, committed 3712K, reserved 1048576K
}

