# JRE version: Java(TM) SE Runtime Environment (21.0.2+13) (build 21.0.2+13-LTS-58)
# Java VM: Java HotSpot(TM) 64-Bit Server VM (21.0.2+13-LTS-58, mixed mode, sharing, tiered, compressed oops, compressed class ptrs, g1 gc, windows-amd64)
GC Precious Log:
 CardTable entry size: 512
 Card Set container configuration: InlinePtr #cards 5 size 8 Array Of Cards #cards 12 size 40 Howl #buckets 4 coarsen threshold 1843 Howl Bitmap #cards 512 size 80 coarsen threshold 460 Card regions per heap region 1 cards per card region 2048
 CPUs: 16 total, 16 available
 Memory: 7893M
 Large Page Support: Disabled
 NUMA Support: Disabled
 Compressed Oops: Enabled (32-bit)
 Heap Region Size: 1M
 Heap Min Capacity: 8M
 Heap Initial Capacity: 124M
 Heap Max Capacity: 1974M
 Pre-touch: Disabled
 Parallel Workers: 13
 Concurrent Workers: 3
 Concurrent Refinement Workers: 13
 Periodic GC: Disabled
Heap:
 garbage-first heap   total 310272K, used 101536K [0x0000000084a00000, 0x0000000100000000)
  region size 1024K, 16 young (16384K), 16 survivors (16384K)
 Metaspace       used 135711K, committed 136896K, reserved 1179648K
  class space    used 14521K, committed 15104K, reserved 1048576K
GC Heap History (20 events):
Event: 126.601 GC heap after
{Heap after GC invocations=117 (full 0):
 garbage-first heap   total 310272K, used 86578K [0x0000000084a00000, 0x0000000100000000)
  region size 1024K, 10 young (10240K), 10 survivors (10240K)
 Metaspace       used 133433K, committed 134592K, reserved 1179648K
  class space    used 14374K, committed 14912K, reserved 1048576K
}
Event: 127.229 GC heap before
{Heap before GC invocations=117 (full 0):
 garbage-first heap   total 310272K, used 261682K [0x0000000084a00000, 0x0000000100000000)
  region size 1024K, 181 young (185344K), 10 survivors (10240K)
 Metaspace       used 133493K, committed 134656K, reserved 1179648K
  class space    used 14379K, committed 14912K, reserved 1048576K
}
Event: 127.244 GC heap after
{Heap after GC invocations=118 (full 0):
 garbage-first heap   total 310272K, used 92502K [0x0000000084a00000, 0x0000000100000000)
  region size 1024K, 16 young (16384K), 16 survivors (16384K)
 Metaspace       used 133493K, committed 134656K, reserved 1179648K
  class space    used 14379K, committed 14912K, reserved 1048576K
}
Event: 129.063 GC heap before
{Heap before GC invocations=118 (full 0):
 garbage-first heap   total 310272K, used 261462K [0x0000000084a00000, 0x0000000100000000)
  region size 1024K, 181 young (185344K), 16 survivors (16384K)
 Metaspace       used 133857K, committed 135040K, reserved 1179648K
  class space    used 14406K, committed 14976K, reserved 1048576K
}
Event: 129.076 GC heap after
{Heap after GC invocations=119 (full 0):
 garbage-first heap   total 310272K, used 86622K [0x0000000084a00000, 0x0000000100000000)
  region size 1024K, 10 young (10240K), 10 survivors (10240K)
 Metaspace       used 133857K, committed 135040K, reserved 1179648K
  class space    used 14406K, committed 14976K, reserved 1048576K
}
Event: 129.666 GC heap before
{Heap before GC invocations=119 (full 0):
 garbage-first heap   total 310272K, used 261726K [0x0000000084a00000, 0x0000000100000000)
  region size 1024K, 181 young (185344K), 10 survivors (10240K)
 Metaspace       used 134043K, committed 135232K, reserved 1179648K
  class space    used 14415K, committed 14976K, reserved 1048576K
}
Event: 129.684 GC heap after
{Heap after GC invocations=120 (full 0):
 garbage-first heap   total 310272K, used 91742K [0x0000000084a00000, 0x0000000100000000)
  region size 1024K, 15 young (15360K), 15 survivors (15360K)
 Metaspace       used 134043K, committed 135232K, reserved 1179648K
  class space    used 14415K, committed 14976K, reserved 1048576K
}
Event: 134.603 GC heap before
{Heap before GC invocations=120 (full 0):
 garbage-first heap   total 310272K, used 261726K [0x0000000084a00000, 0x0000000100000000)
  region size 1024K, 181 young (185344K), 15 survivors (15360K)
 Metaspace       used 134381K, committed 135552K, reserved 1179648K
  class space    used 14437K, committed 14976K, reserved 1048576K
}
Event: 134.621 GC heap after
{Heap after GC invocations=121 (full 0):
 garbage-first heap   total 310272K, used 87069K [0x0000000084a00000, 0x0000000100000000)
  region size 1024K, 11 young (11264K), 11 survivors (11264K)
 Metaspace       used 134381K, committed 135552K, reserved 1179648K
  class space    used 14437K, committed 14976K, reserved 1048576K
}
Event: 135.718 GC heap before
{Heap before GC invocations=121 (full 0):
 garbage-first heap   total 310272K, used 261149K [0x0000000084a00000, 0x0000000100000000)
  region size 1024K, 181 young (185344K), 11 survivors (11264K)
 Metaspace       used 134613K, committed 135744K, reserved 1179648K
  class space    used 14453K, committed 14976K, reserved 1048576K
}
Event: 135.732 GC heap after
{Heap after GC invocations=122 (full 0):
 garbage-first heap   total 310272K, used 90611K [0x0000000084a00000, 0x0000000100000000)
  region size 1024K, 14 young (14336K), 14 survivors (14336K)
 Metaspace       used 134613K, committed 135744K, reserved 1179648K
  class space    used 14453K, committed 14976K, reserved 1048576K
}
Event: 138.383 GC heap before
{Heap before GC invocations=122 (full 0):
 garbage-first heap   total 310272K, used 261619K [0x0000000084a00000, 0x0000000100000000)
  region size 1024K, 181 young (185344K), 14 survivors (14336K)
 Metaspace       used 134748K, committed 135872K, reserved 1179648K
  class space    used 14453K, committed 14976K, reserved 1048576K
}
Event: 138.400 GC heap after
{Heap after GC invocations=123 (full 0):
 garbage-first heap   total 310272K, used 86478K [0x0000000084a00000, 0x0000000100000000)
  region size 1024K, 10 young (10240K), 10 survivors (10240K)
 Metaspace       used 134748K, committed 135872K, reserved 1179648K
  class space    used 14453K, committed 14976K, reserved 1048576K
}
Event: 140.324 GC heap before
{Heap before GC invocations=123 (full 0):
 garbage-first heap   total 310272K, used 261582K [0x0000000084a00000, 0x0000000100000000)
  region size 1024K, 181 young (185344K), 10 survivors (10240K)
 Metaspace       used 135160K, committed 136384K, reserved 1179648K
  class space    used 14481K, committed 15040K, reserved 1048576K
}
Event: 140.338 GC heap after
{Heap after GC invocations=124 (full 0):
 garbage-first heap   total 310272K, used 90400K [0x0000000084a00000, 0x0000000100000000)
  region size 1024K, 14 young (14336K), 14 survivors (14336K)
 Metaspace       used 135160K, committed 136384K, reserved 1179648K
  class space    used 14481K, committed 15040K, reserved 1048576K
}
Event: 140.381 GC heap before
{Heap before GC invocations=124 (full 0):
 garbage-first heap   total 310272K, used 99616K [0x0000000084a00000, 0x0000000100000000)
  region size 1024K, 24 young (24576K), 14 survivors (14336K)
 Metaspace       used 135176K, committed 136384K, reserved 1179648K
  class space    used 14481K, committed 15040K, reserved 1048576K
}
Event: 140.550 GC heap after
{Heap after GC invocations=125 (full 0):
 garbage-first heap   total 310272K, used 91342K [0x0000000084a00000, 0x0000000100000000)
  region size 1024K, 7 young (7168K), 7 survivors (7168K)
 Metaspace       used 135176K, committed 136384K, reserved 1179648K
  class space    used 14481K, committed 15040K, reserved 1048576K
}
Event: 144.827 GC heap before
{Heap before GC invocations=126 (full 0):
 garbage-first heap   total 310272K, used 269518K [0x0000000084a00000, 0x0000000100000000)
  region size 1024K, 181 young (185344K), 7 survivors (7168K)
 Metaspace       used 135343K, committed 136512K, reserved 1179648K
  class space    used 14492K, committed 15040K, reserved 1048576K
}
Event: 144.845 GC heap after
{Heap after GC invocations=127 (full 0):
 garbage-first heap   total 310272K, used 101304K [0x0000000084a00000, 0x0000000100000000)
  region size 1024K, 17 young (17408K), 17 survivors (17408K)
 Metaspace       used 135343K, committed 136512K, reserved 1179648K
  class space    used 14492K, committed 15040K, reserved 1048576K
}
Event: 146.358 GC heap before
{Heap before GC invocations=127 (full 0):
 garbage-first heap   total 310272K, used 269240K [0x0000000084a00000, 0x0000000100000000)
  region size 1024K, 181 young (185344K), 17 survivors (17408K)
 Metaspace       used 135711K, committed 136896K, reserved 1179648K
  class space    used 14521K, committed 15104K, reserved 1048576K
}

