# JRE version: Java(TM) SE Runtime Environment (21.0.2+13) (build 21.0.2+13-LTS-58)
# Java VM: Java HotSpot(TM) 64-Bit Server VM (21.0.2+13-LTS-58, mixed mode, sharing, tiered, compressed oops, compressed class ptrs, g1 gc, windows-amd64)
GC Precious Log:
 CardTable entry size: 512
 Card Set container configuration: InlinePtr #cards 5 size 8 Array Of Cards #cards 12 size 40 Howl #buckets 4 coarsen threshold 1843 Howl Bitmap #cards 512 size 80 coarsen threshold 460 Card regions per heap region 1 cards per card region 2048
 CPUs: 16 total, 16 available
 Memory: 7893M
 Large Page Support: Disabled
 NUMA Support: Disabled
 Compressed Oops: Enabled (32-bit)
 Heap Region Size: 1M
 Heap Min Capacity: 8M
 Heap Initial Capacity: 124M
 Heap Max Capacity: 1G
 Pre-touch: Disabled
 Parallel Workers: 13
 Concurrent Workers: 3
 Concurrent Refinement Workers: 13
 Periodic GC: Disabled
Heap:
 garbage-first heap   total 104448K, used 66147K [0x00000000c0000000, 0x0000000100000000)
  region size 1024K, 21 young (21504K), 3 survivors (3072K)
 Metaspace       used 78219K, committed 78912K, reserved 1179648K
  class space    used 10473K, committed 10752K, reserved 1048576K
GC Heap History (20 events):
Event: 14.122 GC heap before
{Heap before GC invocations=16 (full 0):
 garbage-first heap   total 71680K, used 64367K [0x00000000c0000000, 0x0000000100000000)
  region size 1024K, 29 young (29696K), 2 survivors (2048K)
 Metaspace       used 62698K, committed 63232K, reserved 1114112K
  class space    used 8286K, committed 8512K, reserved 1048576K
}
Event: 14.134 GC heap after
{Heap after GC invocations=17 (full 0):
 garbage-first heap   total 71680K, used 36994K [0x00000000c0000000, 0x0000000100000000)
  region size 1024K, 2 young (2048K), 2 survivors (2048K)
 Metaspace       used 62698K, committed 63232K, reserved 1114112K
  class space    used 8286K, committed 8512K, reserved 1048576K
}
Event: 14.432 GC heap before
{Heap before GC invocations=17 (full 0):
 garbage-first heap   total 71680K, used 64642K [0x00000000c0000000, 0x0000000100000000)
  region size 1024K, 29 young (29696K), 2 survivors (2048K)
 Metaspace       used 63604K, committed 64128K, reserved 1114112K
  class space    used 8401K, committed 8640K, reserved 1048576K
}
Event: 14.438 GC heap after
{Heap after GC invocations=18 (full 0):
 garbage-first heap   total 87040K, used 37210K [0x00000000c0000000, 0x0000000100000000)
  region size 1024K, 3 young (3072K), 3 survivors (3072K)
 Metaspace       used 63604K, committed 64128K, reserved 1114112K
  class space    used 8401K, committed 8640K, reserved 1048576K
}
Event: 16.462 GC heap before
{Heap before GC invocations=19 (full 0):
 garbage-first heap   total 87040K, used 77146K [0x00000000c0000000, 0x0000000100000000)
  region size 1024K, 42 young (43008K), 3 survivors (3072K)
 Metaspace       used 69848K, committed 70464K, reserved 1114112K
  class space    used 9237K, committed 9472K, reserved 1048576K
}
Event: 16.474 GC heap after
{Heap after GC invocations=20 (full 0):
 garbage-first heap   total 87040K, used 40888K [0x00000000c0000000, 0x0000000100000000)
  region size 1024K, 6 young (6144K), 6 survivors (6144K)
 Metaspace       used 69848K, committed 70464K, reserved 1114112K
  class space    used 9237K, committed 9472K, reserved 1048576K
}
Event: 17.693 GC heap before
{Heap before GC invocations=20 (full 0):
 garbage-first heap   total 87040K, used 74680K [0x00000000c0000000, 0x0000000100000000)
  region size 1024K, 39 young (39936K), 6 survivors (6144K)
 Metaspace       used 73351K, committed 74048K, reserved 1114112K
  class space    used 9908K, committed 10240K, reserved 1048576K
}
Event: 17.711 GC heap after
{Heap after GC invocations=21 (full 0):
 garbage-first heap   total 87040K, used 44226K [0x00000000c0000000, 0x0000000100000000)
  region size 1024K, 4 young (4096K), 4 survivors (4096K)
 Metaspace       used 73351K, committed 74048K, reserved 1114112K
  class space    used 9908K, committed 10240K, reserved 1048576K
}
Event: 18.206 GC heap before
{Heap before GC invocations=21 (full 0):
 garbage-first heap   total 87040K, used 76994K [0x00000000c0000000, 0x0000000100000000)
  region size 1024K, 36 young (36864K), 4 survivors (4096K)
 Metaspace       used 75575K, committed 76224K, reserved 1179648K
  class space    used 10213K, committed 10496K, reserved 1048576K
}
Event: 18.214 GC heap after
{Heap after GC invocations=22 (full 0):
 garbage-first heap   total 87040K, used 44750K [0x00000000c0000000, 0x0000000100000000)
  region size 1024K, 2 young (2048K), 2 survivors (2048K)
 Metaspace       used 75575K, committed 76224K, reserved 1179648K
  class space    used 10213K, committed 10496K, reserved 1048576K
}
Event: 18.914 GC heap before
{Heap before GC invocations=23 (full 0):
 garbage-first heap   total 87040K, used 79566K [0x00000000c0000000, 0x0000000100000000)
  region size 1024K, 36 young (36864K), 2 survivors (2048K)
 Metaspace       used 76847K, committed 77504K, reserved 1179648K
  class space    used 10375K, committed 10688K, reserved 1048576K
}
Event: 18.923 GC heap after
{Heap after GC invocations=24 (full 0):
 garbage-first heap   total 87040K, used 46466K [0x00000000c0000000, 0x0000000100000000)
  region size 1024K, 4 young (4096K), 4 survivors (4096K)
 Metaspace       used 76847K, committed 77504K, reserved 1179648K
  class space    used 10375K, committed 10688K, reserved 1048576K
}
Event: 19.265 GC heap before
{Heap before GC invocations=24 (full 0):
 garbage-first heap   total 87040K, used 77186K [0x00000000c0000000, 0x0000000100000000)
  region size 1024K, 34 young (34816K), 4 survivors (4096K)
 Metaspace       used 77281K, committed 77952K, reserved 1179648K
  class space    used 10410K, committed 10688K, reserved 1048576K
}
Event: 19.276 GC heap after
{Heap after GC invocations=25 (full 0):
 garbage-first heap   total 87040K, used 47023K [0x00000000c0000000, 0x0000000100000000)
  region size 1024K, 3 young (3072K), 3 survivors (3072K)
 Metaspace       used 77281K, committed 77952K, reserved 1179648K
  class space    used 10410K, committed 10688K, reserved 1048576K
}
Event: 19.376 GC heap before
{Heap before GC invocations=25 (full 0):
 garbage-first heap   total 87040K, used 78767K [0x00000000c0000000, 0x0000000100000000)
  region size 1024K, 34 young (34816K), 3 survivors (3072K)
 Metaspace       used 77312K, committed 77952K, reserved 1179648K
  class space    used 10412K, committed 10688K, reserved 1048576K
}
Event: 19.384 GC heap after
{Heap after GC invocations=26 (full 0):
 garbage-first heap   total 87040K, used 48128K [0x00000000c0000000, 0x0000000100000000)
  region size 1024K, 2 young (2048K), 2 survivors (2048K)
 Metaspace       used 77312K, committed 77952K, reserved 1179648K
  class space    used 10412K, committed 10688K, reserved 1048576K
}
Event: 19.593 GC heap before
{Heap before GC invocations=27 (full 0):
 garbage-first heap   total 87040K, used 79872K [0x00000000c0000000, 0x0000000100000000)
  region size 1024K, 33 young (33792K), 2 survivors (2048K)
 Metaspace       used 77396K, committed 78016K, reserved 1179648K
  class space    used 10419K, committed 10688K, reserved 1048576K
}
Event: 19.598 GC heap after
{Heap after GC invocations=28 (full 0):
 garbage-first heap   total 87040K, used 48752K [0x00000000c0000000, 0x0000000100000000)
  region size 1024K, 3 young (3072K), 3 survivors (3072K)
 Metaspace       used 77396K, committed 78016K, reserved 1179648K
  class space    used 10419K, committed 10688K, reserved 1048576K
}
Event: 19.751 GC heap before
{Heap before GC invocations=28 (full 0):
 garbage-first heap   total 87040K, used 78448K [0x00000000c0000000, 0x0000000100000000)
  region size 1024K, 32 young (32768K), 3 survivors (3072K)
 Metaspace       used 77627K, committed 78336K, reserved 1179648K
  class space    used 10431K, committed 10752K, reserved 1048576K
}
Event: 19.761 GC heap after
{Heap after GC invocations=29 (full 0):
 garbage-first heap   total 104448K, used 48739K [0x00000000c0000000, 0x0000000100000000)
  region size 1024K, 3 young (3072K), 3 survivors (3072K)
 Metaspace       used 77627K, committed 78336K, reserved 1179648K
  class space    used 10431K, committed 10752K, reserved 1048576K
}

