# JRE version: Java(TM) SE Runtime Environment (21.0.2+13) (build 21.0.2+13-LTS-58)
# Java VM: Java HotSpot(TM) 64-Bit Server VM (21.0.2+13-LTS-58, mixed mode, emulated-client, sharing, tiered, compressed oops, compressed class ptrs, g1 gc, windows-amd64)
GC Precious Log:
 CardTable entry size: 512
 Card Set container configuration: InlinePtr #cards 5 size 8 Array Of Cards #cards 12 size 40 Howl #buckets 4 coarsen threshold 1843 Howl Bitmap #cards 512 size 80 coarsen threshold 460 Card regions per heap region 1 cards per card region 2048
 CPUs: 16 total, 16 available
 Memory: 7893M
 Large Page Support: Disabled
 NUMA Support: Disabled
 Compressed Oops: Enabled (32-bit)
 Heap Region Size: 1M
 Heap Min Capacity: 8M
 Heap Initial Capacity: 124M
 Heap Max Capacity: 1974M
 Pre-touch: Disabled
 Parallel Workers: 13
 Concurrent Workers: 3
 Concurrent Refinement Workers: 13
 Periodic GC: Disabled
Heap:
 garbage-first heap   total 51200K, used 24577K [0x0000000084a00000, 0x0000000100000000)
  region size 1024K, 3 young (3072K), 3 survivors (3072K)
 Metaspace       used 43685K, committed 44288K, reserved 1114112K
  class space    used 5743K, committed 6016K, reserved 1048576K
GC Heap History (20 events):
Event: 3.915 GC heap after
{Heap after GC invocations=1 (full 0):
 garbage-first heap   total 126976K, used 7480K [0x0000000084a00000, 0x0000000100000000)
  region size 1024K, 3 young (3072K), 3 survivors (3072K)
 Metaspace       used 8751K, committed 8960K, reserved 1114112K
  class space    used 905K, committed 1024K, reserved 1048576K
}
Event: 5.396 GC heap before
{Heap before GC invocations=1 (full 0):
 garbage-first heap   total 126976K, used 36152K [0x0000000084a00000, 0x0000000100000000)
  region size 1024K, 31 young (31744K), 3 survivors (3072K)
 Metaspace       used 15778K, committed 16128K, reserved 1114112K
  class space    used 1881K, committed 2048K, reserved 1048576K
}
Event: 5.406 GC heap after
{Heap after GC invocations=2 (full 0):
 garbage-first heap   total 126976K, used 10220K [0x0000000084a00000, 0x0000000100000000)
  region size 1024K, 3 young (3072K), 3 survivors (3072K)
 Metaspace       used 15778K, committed 16128K, reserved 1114112K
  class space    used 1881K, committed 2048K, reserved 1048576K
}
Event: 5.618 GC heap before
{Heap before GC invocations=2 (full 0):
 garbage-first heap   total 126976K, used 20460K [0x0000000084a00000, 0x0000000100000000)
  region size 1024K, 15 young (15360K), 3 survivors (3072K)
 Metaspace       used 18058K, committed 18368K, reserved 1114112K
  class space    used 2179K, committed 2304K, reserved 1048576K
}
Event: 5.623 GC heap after
{Heap after GC invocations=3 (full 0):
 garbage-first heap   total 126976K, used 10876K [0x0000000084a00000, 0x0000000100000000)
  region size 1024K, 3 young (3072K), 3 survivors (3072K)
 Metaspace       used 18058K, committed 18368K, reserved 1114112K
  class space    used 2179K, committed 2304K, reserved 1048576K
}
Event: 6.193 GC heap before
{Heap before GC invocations=4 (full 0):
 garbage-first heap   total 45056K, used 43644K [0x0000000084a00000, 0x0000000100000000)
  region size 1024K, 36 young (36864K), 3 survivors (3072K)
 Metaspace       used 22904K, committed 23232K, reserved 1114112K
  class space    used 2849K, committed 3008K, reserved 1048576K
}
Event: 6.199 GC heap after
{Heap after GC invocations=5 (full 0):
 garbage-first heap   total 51200K, used 14008K [0x0000000084a00000, 0x0000000100000000)
  region size 1024K, 6 young (6144K), 6 survivors (6144K)
 Metaspace       used 22904K, committed 23232K, reserved 1114112K
  class space    used 2849K, committed 3008K, reserved 1048576K
}
Event: 6.704 GC heap before
{Heap before GC invocations=5 (full 0):
 garbage-first heap   total 51200K, used 37560K [0x0000000084a00000, 0x0000000100000000)
  region size 1024K, 30 young (30720K), 6 survivors (6144K)
 Metaspace       used 26115K, committed 26432K, reserved 1114112K
  class space    used 3246K, committed 3392K, reserved 1048576K
}
Event: 6.710 GC heap after
{Heap after GC invocations=6 (full 0):
 garbage-first heap   total 51200K, used 15162K [0x0000000084a00000, 0x0000000100000000)
  region size 1024K, 2 young (2048K), 2 survivors (2048K)
 Metaspace       used 26115K, committed 26432K, reserved 1114112K
  class space    used 3246K, committed 3392K, reserved 1048576K
}
Event: 7.691 GC heap before
{Heap before GC invocations=6 (full 0):
 garbage-first heap   total 51200K, used 40762K [0x0000000084a00000, 0x0000000100000000)
  region size 1024K, 27 young (27648K), 2 survivors (2048K)
 Metaspace       used 28270K, committed 28608K, reserved 1114112K
  class space    used 3541K, committed 3648K, reserved 1048576K
}
Event: 7.697 GC heap after
{Heap after GC invocations=7 (full 0):
 garbage-first heap   total 51200K, used 16833K [0x0000000084a00000, 0x0000000100000000)
  region size 1024K, 4 young (4096K), 4 survivors (4096K)
 Metaspace       used 28270K, committed 28608K, reserved 1114112K
  class space    used 3541K, committed 3648K, reserved 1048576K
}
Event: 8.272 GC heap before
{Heap before GC invocations=7 (full 0):
 garbage-first heap   total 51200K, used 33217K [0x0000000084a00000, 0x0000000100000000)
  region size 1024K, 21 young (21504K), 4 survivors (4096K)
 Metaspace       used 30330K, committed 30656K, reserved 1114112K
  class space    used 3800K, committed 3968K, reserved 1048576K
}
Event: 8.281 GC heap after
{Heap after GC invocations=8 (full 0):
 garbage-first heap   total 51200K, used 18228K [0x0000000084a00000, 0x0000000100000000)
  region size 1024K, 4 young (4096K), 4 survivors (4096K)
 Metaspace       used 30330K, committed 30656K, reserved 1114112K
  class space    used 3800K, committed 3968K, reserved 1048576K
}
Event: 9.399 GC heap before
{Heap before GC invocations=9 (full 0):
 garbage-first heap   total 51200K, used 41780K [0x0000000084a00000, 0x0000000100000000)
  region size 1024K, 27 young (27648K), 4 survivors (4096K)
 Metaspace       used 33143K, committed 33600K, reserved 1114112K
  class space    used 4197K, committed 4416K, reserved 1048576K
}
Event: 9.410 GC heap after
{Heap after GC invocations=10 (full 0):
 garbage-first heap   total 51200K, used 20026K [0x0000000084a00000, 0x0000000100000000)
  region size 1024K, 3 young (3072K), 3 survivors (3072K)
 Metaspace       used 33143K, committed 33600K, reserved 1114112K
  class space    used 4197K, committed 4416K, reserved 1048576K
}
Event: 10.534 GC heap before
{Heap before GC invocations=10 (full 0):
 garbage-first heap   total 51200K, used 42554K [0x0000000084a00000, 0x0000000100000000)
  region size 1024K, 26 young (26624K), 3 survivors (3072K)
 Metaspace       used 36624K, committed 37120K, reserved 1114112K
  class space    used 4729K, committed 4928K, reserved 1048576K
}
Event: 10.544 GC heap after
{Heap after GC invocations=11 (full 0):
 garbage-first heap   total 51200K, used 22222K [0x0000000084a00000, 0x0000000100000000)
  region size 1024K, 4 young (4096K), 4 survivors (4096K)
 Metaspace       used 36624K, committed 37120K, reserved 1114112K
  class space    used 4729K, committed 4928K, reserved 1048576K
}
Event: 11.683 GC heap before
{Heap before GC invocations=11 (full 0):
 garbage-first heap   total 51200K, used 43726K [0x0000000084a00000, 0x0000000100000000)
  region size 1024K, 25 young (25600K), 4 survivors (4096K)
 Metaspace       used 39402K, committed 40000K, reserved 1114112K
  class space    used 5085K, committed 5376K, reserved 1048576K
}
Event: 11.699 GC heap after
{Heap after GC invocations=12 (full 0):
 garbage-first heap   total 51200K, used 23867K [0x0000000084a00000, 0x0000000100000000)
  region size 1024K, 2 young (2048K), 2 survivors (2048K)
 Metaspace       used 39402K, committed 40000K, reserved 1114112K
  class space    used 5085K, committed 5376K, reserved 1048576K
}
Event: 13.808 GC heap before
{Heap before GC invocations=12 (full 0):
 garbage-first heap   total 51200K, used 43323K [0x0000000084a00000, 0x0000000100000000)
  region size 1024K, 22 young (22528K), 2 survivors (2048K)
 Metaspace       used 43685K, committed 44288K, reserved 1114112K
  class space    used 5743K, committed 6016K, reserved 1048576K
}

