# JRE version: Java(TM) SE Runtime Environment (21.0.2+13) (build 21.0.2+13-LTS-58)
# Java VM: Java HotSpot(TM) 64-Bit Server VM (21.0.2+13-LTS-58, mixed mode, sharing, tiered, compressed oops, compressed class ptrs, g1 gc, windows-amd64)
GC Precious Log:
 CardTable entry size: 512
 Card Set container configuration: InlinePtr #cards 5 size 8 Array Of Cards #cards 12 size 40 Howl #buckets 4 coarsen threshold 1843 Howl Bitmap #cards 512 size 80 coarsen threshold 460 Card regions per heap region 1 cards per card region 2048
 CPUs: 16 total, 16 available
 Memory: 7893M
 Large Page Support: Disabled
 NUMA Support: Disabled
 Compressed Oops: Enabled (32-bit)
 Heap Region Size: 1M
 Heap Min Capacity: 8M
 Heap Initial Capacity: 124M
 Heap Max Capacity: 1974M
 Pre-touch: Disabled
 Parallel Workers: 13
 Concurrent Workers: 3
 Concurrent Refinement Workers: 13
 Periodic GC: Disabled
Heap:
 garbage-first heap   total 159744K, used 69391K [0x0000000084a00000, 0x0000000100000000)
  region size 1024K, 21 young (21504K), 10 survivors (10240K)
 Metaspace       used 101561K, committed 102528K, reserved 1179648K
  class space    used 13187K, committed 13632K, reserved 1048576K
GC Heap History (20 events):
Event: 16.231 GC heap before
{Heap before GC invocations=15 (full 0):
 garbage-first heap   total 92160K, used 83453K [0x0000000084a00000, 0x0000000100000000)
  region size 1024K, 48 young (49152K), 2 survivors (2048K)
 Metaspace       used 74173K, committed 74816K, reserved 1114112K
  class space    used 9475K, committed 9728K, reserved 1048576K
}
Event: 16.239 GC heap after
{Heap after GC invocations=16 (full 0):
 garbage-first heap   total 92160K, used 40171K [0x0000000084a00000, 0x0000000100000000)
  region size 1024K, 6 young (6144K), 6 survivors (6144K)
 Metaspace       used 74173K, committed 74816K, reserved 1114112K
  class space    used 9475K, committed 9728K, reserved 1048576K
}
Event: 16.763 GC heap before
{Heap before GC invocations=16 (full 0):
 garbage-first heap   total 92160K, used 79083K [0x0000000084a00000, 0x0000000100000000)
  region size 1024K, 45 young (46080K), 6 survivors (6144K)
 Metaspace       used 78245K, committed 78848K, reserved 1179648K
  class space    used 10229K, committed 10496K, reserved 1048576K
}
Event: 16.774 GC heap after
{Heap after GC invocations=17 (full 0):
 garbage-first heap   total 92160K, used 42730K [0x0000000084a00000, 0x0000000100000000)
  region size 1024K, 3 young (3072K), 3 survivors (3072K)
 Metaspace       used 78245K, committed 78848K, reserved 1179648K
  class space    used 10229K, committed 10496K, reserved 1048576K
}
Event: 17.103 GC heap before
{Heap before GC invocations=18 (full 0):
 garbage-first heap   total 92160K, used 83690K [0x0000000084a00000, 0x0000000100000000)
  region size 1024K, 43 young (44032K), 3 survivors (3072K)
 Metaspace       used 80173K, committed 80832K, reserved 1179648K
  class space    used 10537K, committed 10816K, reserved 1048576K
}
Event: 17.110 GC heap after
{Heap after GC invocations=19 (full 0):
 garbage-first heap   total 92160K, used 43887K [0x0000000084a00000, 0x0000000100000000)
  region size 1024K, 4 young (4096K), 4 survivors (4096K)
 Metaspace       used 80173K, committed 80832K, reserved 1179648K
  class space    used 10537K, committed 10816K, reserved 1048576K
}
Event: 17.435 GC heap before
{Heap before GC invocations=19 (full 0):
 garbage-first heap   total 92160K, used 82799K [0x0000000084a00000, 0x0000000100000000)
  region size 1024K, 42 young (43008K), 4 survivors (4096K)
 Metaspace       used 81697K, committed 82368K, reserved 1179648K
  class space    used 10706K, committed 11008K, reserved 1048576K
}
Event: 17.445 GC heap after
{Heap after GC invocations=20 (full 0):
 garbage-first heap   total 110592K, used 45764K [0x0000000084a00000, 0x0000000100000000)
  region size 1024K, 4 young (4096K), 4 survivors (4096K)
 Metaspace       used 81697K, committed 82368K, reserved 1179648K
  class space    used 10706K, committed 11008K, reserved 1048576K
}
Event: 17.620 GC heap before
{Heap before GC invocations=20 (full 0):
 garbage-first heap   total 110592K, used 100036K [0x0000000084a00000, 0x0000000100000000)
  region size 1024K, 57 young (58368K), 4 survivors (4096K)
 Metaspace       used 82138K, committed 82880K, reserved 1179648K
  class space    used 10741K, committed 11072K, reserved 1048576K
}
Event: 17.630 GC heap after
{Heap after GC invocations=21 (full 0):
 garbage-first heap   total 110592K, used 49647K [0x0000000084a00000, 0x0000000100000000)
  region size 1024K, 8 young (8192K), 8 survivors (8192K)
 Metaspace       used 82138K, committed 82880K, reserved 1179648K
  class space    used 10741K, committed 11072K, reserved 1048576K
}
Event: 17.724 GC heap before
{Heap before GC invocations=21 (full 0):
 garbage-first heap   total 110592K, used 95727K [0x0000000084a00000, 0x0000000100000000)
  region size 1024K, 53 young (54272K), 8 survivors (8192K)
 Metaspace       used 82243K, committed 82944K, reserved 1179648K
  class space    used 10747K, committed 11072K, reserved 1048576K
}
Event: 17.732 GC heap after
{Heap after GC invocations=22 (full 0):
 garbage-first heap   total 110592K, used 48640K [0x0000000084a00000, 0x0000000100000000)
  region size 1024K, 2 young (2048K), 2 survivors (2048K)
 Metaspace       used 82243K, committed 82944K, reserved 1179648K
  class space    used 10747K, committed 11072K, reserved 1048576K
}
Event: 18.109 GC heap before
{Heap before GC invocations=22 (full 0):
 garbage-first heap   total 110592K, used 101888K [0x0000000084a00000, 0x0000000100000000)
  region size 1024K, 54 young (55296K), 2 survivors (2048K)
 Metaspace       used 83092K, committed 83776K, reserved 1179648K
  class space    used 10799K, committed 11136K, reserved 1048576K
}
Event: 18.113 GC heap after
{Heap after GC invocations=23 (full 0):
 garbage-first heap   total 110592K, used 49820K [0x0000000084a00000, 0x0000000100000000)
  region size 1024K, 3 young (3072K), 3 survivors (3072K)
 Metaspace       used 83092K, committed 83776K, reserved 1179648K
  class space    used 10799K, committed 11136K, reserved 1048576K
}
Event: 18.561 GC heap before
{Heap before GC invocations=24 (full 0):
 garbage-first heap   total 110592K, used 101020K [0x0000000084a00000, 0x0000000100000000)
  region size 1024K, 53 young (54272K), 3 survivors (3072K)
 Metaspace       used 85059K, committed 85824K, reserved 1179648K
  class space    used 10988K, committed 11328K, reserved 1048576K
}
Event: 18.568 GC heap after
{Heap after GC invocations=25 (full 0):
 garbage-first heap   total 110592K, used 52205K [0x0000000084a00000, 0x0000000100000000)
  region size 1024K, 5 young (5120K), 5 survivors (5120K)
 Metaspace       used 85059K, committed 85824K, reserved 1179648K
  class space    used 10988K, committed 11328K, reserved 1048576K
}
Event: 19.836 GC heap before
{Heap before GC invocations=25 (full 0):
 garbage-first heap   total 110592K, used 99309K [0x0000000084a00000, 0x0000000100000000)
  region size 1024K, 51 young (52224K), 5 survivors (5120K)
 Metaspace       used 89590K, committed 90368K, reserved 1179648K
  class space    used 11624K, committed 11968K, reserved 1048576K
}
Event: 19.850 GC heap after
{Heap after GC invocations=26 (full 0):
 garbage-first heap   total 159744K, used 54611K [0x0000000084a00000, 0x0000000100000000)
  region size 1024K, 6 young (6144K), 6 survivors (6144K)
 Metaspace       used 89590K, committed 90368K, reserved 1179648K
  class space    used 11624K, committed 11968K, reserved 1048576K
}
Event: 38.947 GC heap before
{Heap before GC invocations=26 (full 0):
 garbage-first heap   total 159744K, used 142675K [0x0000000084a00000, 0x0000000100000000)
  region size 1024K, 93 young (95232K), 6 survivors (6144K)
 Metaspace       used 100904K, committed 101824K, reserved 1179648K
  class space    used 13171K, committed 13568K, reserved 1048576K
}
Event: 38.963 GC heap after
{Heap after GC invocations=27 (full 0):
 garbage-first heap   total 159744K, used 59151K [0x0000000084a00000, 0x0000000100000000)
  region size 1024K, 10 young (10240K), 10 survivors (10240K)
 Metaspace       used 100904K, committed 101824K, reserved 1179648K
  class space    used 13171K, committed 13568K, reserved 1048576K
}

