# JRE version: Java(TM) SE Runtime Environment (21.0.2+13) (build 21.0.2+13-LTS-58)
# Java VM: Java HotSpot(TM) 64-Bit Server VM (21.0.2+13-LTS-58, mixed mode, sharing, tiered, compressed oops, compressed class ptrs, g1 gc, windows-amd64)
GC Precious Log:
 CardTable entry size: 512
 Card Set container configuration: InlinePtr #cards 5 size 8 Array Of Cards #cards 12 size 40 Howl #buckets 4 coarsen threshold 1843 Howl Bitmap #cards 512 size 80 coarsen threshold 460 Card regions per heap region 1 cards per card region 2048
 CPUs: 16 total, 16 available
 Memory: 7893M
 Large Page Support: Disabled
 NUMA Support: Disabled
 Compressed Oops: Enabled (32-bit)
 Heap Region Size: 1M
 Heap Min Capacity: 8M
 Heap Initial Capacity: 124M
 Heap Max Capacity: 1974M
 Pre-touch: Disabled
 Parallel Workers: 13
 Concurrent Workers: 3
 Concurrent Refinement Workers: 13
 Periodic GC: Disabled
Heap:
 garbage-first heap   total 81920K, used 39279K [0x0000000084a00000, 0x0000000100000000)
  region size 1024K, 10 young (10240K), 4 survivors (4096K)
 Metaspace       used 60132K, committed 60672K, reserved 1114112K
  class space    used 7466K, committed 7744K, reserved 1048576K
GC Heap History (20 events):
Event: 6.806 GC heap before
{Heap before GC invocations=1 (full 0):
 garbage-first heap   total 126976K, used 34816K [0x0000000084a00000, 0x0000000100000000)
  region size 1024K, 27 young (27648K), 3 survivors (3072K)
 Metaspace       used 12346K, committed 12608K, reserved 1114112K
  class space    used 1334K, committed 1472K, reserved 1048576K
}
Event: 6.812 GC heap after
{Heap after GC invocations=2 (full 0):
 garbage-first heap   total 126976K, used 12549K [0x0000000084a00000, 0x0000000100000000)
  region size 1024K, 2 young (2048K), 2 survivors (2048K)
 Metaspace       used 12346K, committed 12608K, reserved 1114112K
  class space    used 1334K, committed 1472K, reserved 1048576K
}
Event: 8.114 GC heap before
{Heap before GC invocations=2 (full 0):
 garbage-first heap   total 126976K, used 53509K [0x0000000084a00000, 0x0000000100000000)
  region size 1024K, 44 young (45056K), 2 survivors (2048K)
 Metaspace       used 21181K, committed 21504K, reserved 1114112K
  class space    used 2576K, committed 2752K, reserved 1048576K
}
Event: 8.119 GC heap after
{Heap after GC invocations=3 (full 0):
 garbage-first heap   total 126976K, used 15639K [0x0000000084a00000, 0x0000000100000000)
  region size 1024K, 5 young (5120K), 5 survivors (5120K)
 Metaspace       used 21181K, committed 21504K, reserved 1114112K
  class space    used 2576K, committed 2752K, reserved 1048576K
}
Event: 8.516 GC heap before
{Heap before GC invocations=4 (full 0):
 garbage-first heap   total 58368K, used 56599K [0x0000000084a00000, 0x0000000100000000)
  region size 1024K, 46 young (47104K), 5 survivors (5120K)
 Metaspace       used 29625K, committed 29888K, reserved 1114112K
  class space    used 3531K, committed 3648K, reserved 1048576K
}
Event: 8.522 GC heap after
{Heap after GC invocations=5 (full 0):
 garbage-first heap   total 67584K, used 19168K [0x0000000084a00000, 0x0000000100000000)
  region size 1024K, 9 young (9216K), 9 survivors (9216K)
 Metaspace       used 29625K, committed 29888K, reserved 1114112K
  class space    used 3531K, committed 3648K, reserved 1048576K
}
Event: 8.909 GC heap before
{Heap before GC invocations=5 (full 0):
 garbage-first heap   total 67584K, used 47840K [0x0000000084a00000, 0x0000000100000000)
  region size 1024K, 38 young (38912K), 9 survivors (9216K)
 Metaspace       used 31470K, committed 31808K, reserved 1114112K
  class space    used 3759K, committed 3904K, reserved 1048576K
}
Event: 8.916 GC heap after
{Heap after GC invocations=6 (full 0):
 garbage-first heap   total 67584K, used 22989K [0x0000000084a00000, 0x0000000100000000)
  region size 1024K, 5 young (5120K), 5 survivors (5120K)
 Metaspace       used 31470K, committed 31808K, reserved 1114112K
  class space    used 3759K, committed 3904K, reserved 1048576K
}
Event: 9.424 GC heap before
{Heap before GC invocations=6 (full 0):
 garbage-first heap   total 67584K, used 51661K [0x0000000084a00000, 0x0000000100000000)
  region size 1024K, 33 young (33792K), 5 survivors (5120K)
 Metaspace       used 34313K, committed 34624K, reserved 1114112K
  class space    used 4096K, committed 4224K, reserved 1048576K
}
Event: 9.431 GC heap after
{Heap after GC invocations=7 (full 0):
 garbage-first heap   total 67584K, used 25017K [0x0000000084a00000, 0x0000000100000000)
  region size 1024K, 3 young (3072K), 3 survivors (3072K)
 Metaspace       used 34313K, committed 34624K, reserved 1114112K
  class space    used 4096K, committed 4224K, reserved 1048576K
}
Event: 9.627 GC heap before
{Heap before GC invocations=7 (full 0):
 garbage-first heap   total 67584K, used 35257K [0x0000000084a00000, 0x0000000100000000)
  region size 1024K, 14 young (14336K), 3 survivors (3072K)
 Metaspace       used 35695K, committed 35968K, reserved 1114112K
  class space    used 4248K, committed 4352K, reserved 1048576K
}
Event: 9.630 GC heap after
{Heap after GC invocations=8 (full 0):
 garbage-first heap   total 81920K, used 26006K [0x0000000084a00000, 0x0000000100000000)
  region size 1024K, 1 young (1024K), 1 survivors (1024K)
 Metaspace       used 35695K, committed 35968K, reserved 1114112K
  class space    used 4248K, committed 4352K, reserved 1048576K
}
Event: 10.528 GC heap before
{Heap before GC invocations=9 (full 0):
 garbage-first heap   total 81920K, used 69014K [0x0000000084a00000, 0x0000000100000000)
  region size 1024K, 43 young (44032K), 1 survivors (1024K)
 Metaspace       used 40953K, committed 41536K, reserved 1114112K
  class space    used 4967K, committed 5248K, reserved 1048576K
}
Event: 10.534 GC heap after
{Heap after GC invocations=10 (full 0):
 garbage-first heap   total 81920K, used 29001K [0x0000000084a00000, 0x0000000100000000)
  region size 1024K, 4 young (4096K), 4 survivors (4096K)
 Metaspace       used 40953K, committed 41536K, reserved 1114112K
  class space    used 4967K, committed 5248K, reserved 1048576K
}
Event: 11.516 GC heap before
{Heap before GC invocations=10 (full 0):
 garbage-first heap   total 81920K, used 69961K [0x0000000084a00000, 0x0000000100000000)
  region size 1024K, 44 young (45056K), 4 survivors (4096K)
 Metaspace       used 49575K, committed 50112K, reserved 1114112K
  class space    used 6148K, committed 6400K, reserved 1048576K
}
Event: 11.524 GC heap after
{Heap after GC invocations=11 (full 0):
 garbage-first heap   total 81920K, used 30714K [0x0000000084a00000, 0x0000000100000000)
  region size 1024K, 3 young (3072K), 3 survivors (3072K)
 Metaspace       used 49575K, committed 50112K, reserved 1114112K
  class space    used 6148K, committed 6400K, reserved 1048576K
}
Event: 12.380 GC heap before
{Heap before GC invocations=11 (full 0):
 garbage-first heap   total 81920K, used 70650K [0x0000000084a00000, 0x0000000100000000)
  region size 1024K, 42 young (43008K), 3 survivors (3072K)
 Metaspace       used 56381K, committed 56960K, reserved 1114112K
  class space    used 7008K, committed 7296K, reserved 1048576K
}
Event: 12.387 GC heap after
{Heap after GC invocations=12 (full 0):
 garbage-first heap   total 81920K, used 33494K [0x0000000084a00000, 0x0000000100000000)
  region size 1024K, 5 young (5120K), 5 survivors (5120K)
 Metaspace       used 56381K, committed 56960K, reserved 1114112K
  class space    used 7008K, committed 7296K, reserved 1048576K
}
Event: 12.717 GC heap before
{Heap before GC invocations=12 (full 0):
 garbage-first heap   total 81920K, used 45782K [0x0000000084a00000, 0x0000000100000000)
  region size 1024K, 18 young (18432K), 5 survivors (5120K)
 Metaspace       used 59643K, committed 60160K, reserved 1114112K
  class space    used 7374K, committed 7616K, reserved 1048576K
}
Event: 12.725 GC heap after
{Heap after GC invocations=13 (full 0):
 garbage-first heap   total 81920K, used 34159K [0x0000000084a00000, 0x0000000100000000)
  region size 1024K, 4 young (4096K), 4 survivors (4096K)
 Metaspace       used 59643K, committed 60160K, reserved 1114112K
  class space    used 7374K, committed 7616K, reserved 1048576K
}

