# JRE version: Java(TM) SE Runtime Environment (21.0.2+13) (build 21.0.2+13-LTS-58)
# Java VM: Java HotSpot(TM) 64-Bit Server VM (21.0.2+13-LTS-58, mixed mode, sharing, tiered, compressed oops, compressed class ptrs, g1 gc, windows-amd64)
GC Precious Log:
 CardTable entry size: 512
 Card Set container configuration: InlinePtr #cards 5 size 8 Array Of Cards #cards 12 size 40 Howl #buckets 4 coarsen threshold 1843 Howl Bitmap #cards 512 size 80 coarsen threshold 460 Card regions per heap region 1 cards per card region 2048
 CPUs: 16 total, 16 available
 Memory: 7893M
 Large Page Support: Disabled
 NUMA Support: Disabled
 Compressed Oops: Enabled (32-bit)
 Heap Region Size: 1M
 Heap Min Capacity: 8M
 Heap Initial Capacity: 124M
 Heap Max Capacity: 1974M
 Pre-touch: Disabled
 Parallel Workers: 13
 Concurrent Workers: 3
 Concurrent Refinement Workers: 13
 Periodic GC: Disabled
Heap:
 garbage-first heap   total 84992K, used 60175K [0x0000000084a00000, 0x0000000100000000)
  region size 1024K, 27 young (27648K), 3 survivors (3072K)
 Metaspace       used 73476K, committed 74112K, reserved 1114112K
  class space    used 9379K, committed 9664K, reserved 1048576K
GC Heap History (20 events):
Event: 6.906 GC heap before
{Heap before GC invocations=5 (full 0):
 garbage-first heap   total 70656K, used 51135K [0x0000000084a00000, 0x0000000100000000)
  region size 1024K, 41 young (41984K), 9 survivors (9216K)
 Metaspace       used 32124K, committed 32448K, reserved 1114112K
  class space    used 3824K, committed 3968K, reserved 1048576K
}
Event: 6.915 GC heap after
{Heap after GC invocations=6 (full 0):
 garbage-first heap   total 70656K, used 23686K [0x0000000084a00000, 0x0000000100000000)
  region size 1024K, 5 young (5120K), 5 survivors (5120K)
 Metaspace       used 32124K, committed 32448K, reserved 1114112K
  class space    used 3824K, committed 3968K, reserved 1048576K
}
Event: 7.534 GC heap before
{Heap before GC invocations=6 (full 0):
 garbage-first heap   total 70656K, used 54406K [0x0000000084a00000, 0x0000000100000000)
  region size 1024K, 35 young (35840K), 5 survivors (5120K)
 Metaspace       used 35326K, committed 35648K, reserved 1114112K
  class space    used 4204K, committed 4352K, reserved 1048576K
}
Event: 7.542 GC heap after
{Heap after GC invocations=7 (full 0):
 garbage-first heap   total 70656K, used 26081K [0x0000000084a00000, 0x0000000100000000)
  region size 1024K, 3 young (3072K), 3 survivors (3072K)
 Metaspace       used 35326K, committed 35648K, reserved 1114112K
  class space    used 4204K, committed 4352K, reserved 1048576K
}
Event: 7.605 GC heap before
{Heap before GC invocations=7 (full 0):
 garbage-first heap   total 70656K, used 28129K [0x0000000084a00000, 0x0000000100000000)
  region size 1024K, 6 young (6144K), 3 survivors (3072K)
 Metaspace       used 35685K, committed 35968K, reserved 1114112K
  class space    used 4248K, committed 4352K, reserved 1048576K
}
Event: 7.608 GC heap after
{Heap after GC invocations=8 (full 0):
 garbage-first heap   total 84992K, used 25872K [0x0000000084a00000, 0x0000000100000000)
  region size 1024K, 3 young (3072K), 3 survivors (3072K)
 Metaspace       used 35685K, committed 35968K, reserved 1114112K
  class space    used 4248K, committed 4352K, reserved 1048576K
}
Event: 9.281 GC heap before
{Heap before GC invocations=9 (full 0):
 garbage-first heap   total 84992K, used 69904K [0x0000000084a00000, 0x0000000100000000)
  region size 1024K, 46 young (47104K), 3 survivors (3072K)
 Metaspace       used 40986K, committed 41536K, reserved 1114112K
  class space    used 4974K, committed 5248K, reserved 1048576K
}
Event: 9.289 GC heap after
{Heap after GC invocations=10 (full 0):
 garbage-first heap   total 84992K, used 29601K [0x0000000084a00000, 0x0000000100000000)
  region size 1024K, 6 young (6144K), 6 survivors (6144K)
 Metaspace       used 40986K, committed 41536K, reserved 1114112K
  class space    used 4974K, committed 5248K, reserved 1048576K
}
Event: 11.737 GC heap before
{Heap before GC invocations=10 (full 0):
 garbage-first heap   total 84992K, used 72609K [0x0000000084a00000, 0x0000000100000000)
  region size 1024K, 48 young (49152K), 6 survivors (6144K)
 Metaspace       used 50290K, committed 50816K, reserved 1114112K
  class space    used 6226K, committed 6464K, reserved 1048576K
}
Event: 11.748 GC heap after
{Heap after GC invocations=11 (full 0):
 garbage-first heap   total 84992K, used 31444K [0x0000000084a00000, 0x0000000100000000)
  region size 1024K, 3 young (3072K), 3 survivors (3072K)
 Metaspace       used 50290K, committed 50816K, reserved 1114112K
  class space    used 6226K, committed 6464K, reserved 1048576K
}
Event: 13.478 GC heap before
{Heap before GC invocations=11 (full 0):
 garbage-first heap   total 84992K, used 73428K [0x0000000084a00000, 0x0000000100000000)
  region size 1024K, 44 young (45056K), 3 survivors (3072K)
 Metaspace       used 58023K, committed 58624K, reserved 1114112K
  class space    used 7226K, committed 7488K, reserved 1048576K
}
Event: 13.487 GC heap after
{Heap after GC invocations=12 (full 0):
 garbage-first heap   total 84992K, used 34067K [0x0000000084a00000, 0x0000000100000000)
  region size 1024K, 6 young (6144K), 6 survivors (6144K)
 Metaspace       used 58023K, committed 58624K, reserved 1114112K
  class space    used 7226K, committed 7488K, reserved 1048576K
}
Event: 13.610 GC heap before
{Heap before GC invocations=12 (full 0):
 garbage-first heap   total 84992K, used 39187K [0x0000000084a00000, 0x0000000100000000)
  region size 1024K, 12 young (12288K), 6 survivors (6144K)
 Metaspace       used 59621K, committed 60160K, reserved 1114112K
  class space    used 7375K, committed 7616K, reserved 1048576K
}
Event: 13.617 GC heap after
{Heap after GC invocations=13 (full 0):
 garbage-first heap   total 84992K, used 34547K [0x0000000084a00000, 0x0000000100000000)
  region size 1024K, 4 young (4096K), 4 survivors (4096K)
 Metaspace       used 59621K, committed 60160K, reserved 1114112K
  class space    used 7375K, committed 7616K, reserved 1048576K
}
Event: 14.369 GC heap before
{Heap before GC invocations=14 (full 0):
 garbage-first heap   total 84992K, used 72435K [0x0000000084a00000, 0x0000000100000000)
  region size 1024K, 41 young (41984K), 4 survivors (4096K)
 Metaspace       used 66587K, committed 67200K, reserved 1114112K
  class space    used 8537K, committed 8832K, reserved 1048576K
}
Event: 14.375 GC heap after
{Heap after GC invocations=15 (full 0):
 garbage-first heap   total 84992K, used 36200K [0x0000000084a00000, 0x0000000100000000)
  region size 1024K, 5 young (5120K), 5 survivors (5120K)
 Metaspace       used 66587K, committed 67200K, reserved 1114112K
  class space    used 8537K, committed 8832K, reserved 1048576K
}
Event: 14.562 GC heap before
{Heap before GC invocations=15 (full 0):
 garbage-first heap   total 84992K, used 74088K [0x0000000084a00000, 0x0000000100000000)
  region size 1024K, 42 young (43008K), 5 survivors (5120K)
 Metaspace       used 67400K, committed 67968K, reserved 1114112K
  class space    used 8609K, committed 8896K, reserved 1048576K
}
Event: 14.569 GC heap after
{Heap after GC invocations=16 (full 0):
 garbage-first heap   total 84992K, used 35662K [0x0000000084a00000, 0x0000000100000000)
  region size 1024K, 2 young (2048K), 2 survivors (2048K)
 Metaspace       used 67400K, committed 67968K, reserved 1114112K
  class space    used 8609K, committed 8896K, reserved 1048576K
}
Event: 14.861 GC heap before
{Heap before GC invocations=16 (full 0):
 garbage-first heap   total 84992K, used 75598K [0x0000000084a00000, 0x0000000100000000)
  region size 1024K, 42 young (43008K), 2 survivors (2048K)
 Metaspace       used 69798K, committed 70400K, reserved 1114112K
  class space    used 8928K, committed 9216K, reserved 1048576K
}
Event: 14.866 GC heap after
{Heap after GC invocations=17 (full 0):
 garbage-first heap   total 84992K, used 36623K [0x0000000084a00000, 0x0000000100000000)
  region size 1024K, 3 young (3072K), 3 survivors (3072K)
 Metaspace       used 69798K, committed 70400K, reserved 1114112K
  class space    used 8928K, committed 9216K, reserved 1048576K
}

