# JRE version: Java(TM) SE Runtime Environment (21.0.2+13) (build 21.0.2+13-LTS-58)
# Java VM: Java HotSpot(TM) 64-Bit Server VM (21.0.2+13-LTS-58, mixed mode, emulated-client, sharing, tiered, compressed oops, compressed class ptrs, g1 gc, windows-amd64)
GC Precious Log:
 CardTable entry size: 512
 Card Set container configuration: InlinePtr #cards 5 size 8 Array Of Cards #cards 12 size 40 Howl #buckets 4 coarsen threshold 1843 Howl Bitmap #cards 512 size 80 coarsen threshold 460 Card regions per heap region 1 cards per card region 2048
 CPUs: 16 total, 16 available
 Memory: 7893M
 Large Page Support: Disabled
 NUMA Support: Disabled
 Compressed Oops: Enabled (32-bit)
 Heap Region Size: 1M
 Heap Min Capacity: 8M
 Heap Initial Capacity: 124M
 Heap Max Capacity: 1974M
 Pre-touch: Disabled
 Parallel Workers: 13
 Concurrent Workers: 3
 Concurrent Refinement Workers: 13
 Periodic GC: Disabled
Heap:
 garbage-first heap   total 107520K, used 49394K [0x0000000084a00000, 0x0000000100000000)
  region size 1024K, 5 young (5120K), 5 survivors (5120K)
 Metaspace       used 80706K, committed 81536K, reserved 1179648K
  class space    used 11241K, committed 11648K, reserved 1048576K
GC Heap History (20 events):
Event: 8.160 GC heap after
{Heap after GC invocations=19 (full 0):
 garbage-first heap   total 89088K, used 33652K [0x0000000084a00000, 0x0000000100000000)
  region size 1024K, 2 young (2048K), 2 survivors (2048K)
 Metaspace       used 64510K, committed 65152K, reserved 1114112K
  class space    used 8816K, committed 9088K, reserved 1048576K
}
Event: 8.286 GC heap before
{Heap before GC invocations=19 (full 0):
 garbage-first heap   total 89088K, used 80756K [0x0000000084a00000, 0x0000000100000000)
  region size 1024K, 48 young (49152K), 2 survivors (2048K)
 Metaspace       used 64902K, committed 65600K, reserved 1114112K
  class space    used 8869K, committed 9152K, reserved 1048576K
}
Event: 8.289 GC heap after
{Heap after GC invocations=20 (full 0):
 garbage-first heap   total 89088K, used 34144K [0x0000000084a00000, 0x0000000100000000)
  region size 1024K, 3 young (3072K), 3 survivors (3072K)
 Metaspace       used 64902K, committed 65600K, reserved 1114112K
  class space    used 8869K, committed 9152K, reserved 1048576K
}
Event: 8.561 GC heap before
{Heap before GC invocations=20 (full 0):
 garbage-first heap   total 89088K, used 56672K [0x0000000084a00000, 0x0000000100000000)
  region size 1024K, 26 young (26624K), 3 survivors (3072K)
 Metaspace       used 68111K, committed 68864K, reserved 1114112K
  class space    used 9349K, committed 9664K, reserved 1048576K
}
Event: 8.566 GC heap after
{Heap after GC invocations=21 (full 0):
 garbage-first heap   total 89088K, used 35437K [0x0000000084a00000, 0x0000000100000000)
  region size 1024K, 4 young (4096K), 4 survivors (4096K)
 Metaspace       used 68111K, committed 68864K, reserved 1114112K
  class space    used 9349K, committed 9664K, reserved 1048576K
}
Event: 10.199 GC heap before
{Heap before GC invocations=22 (full 0):
 garbage-first heap   total 89088K, used 79469K [0x0000000084a00000, 0x0000000100000000)
  region size 1024K, 47 young (48128K), 4 survivors (4096K)
 Metaspace       used 72982K, committed 73728K, reserved 1114112K
  class space    used 10140K, committed 10496K, reserved 1048576K
}
Event: 10.212 GC heap after
{Heap after GC invocations=23 (full 0):
 garbage-first heap   total 89088K, used 38075K [0x0000000084a00000, 0x0000000100000000)
  region size 1024K, 5 young (5120K), 5 survivors (5120K)
 Metaspace       used 72982K, committed 73728K, reserved 1114112K
  class space    used 10140K, committed 10496K, reserved 1048576K
}
Event: 10.533 GC heap before
{Heap before GC invocations=23 (full 0):
 garbage-first heap   total 89088K, used 76987K [0x0000000084a00000, 0x0000000100000000)
  region size 1024K, 44 young (45056K), 5 survivors (5120K)
 Metaspace       used 76020K, committed 76800K, reserved 1179648K
  class space    used 10706K, committed 11072K, reserved 1048576K
}
Event: 10.543 GC heap after
{Heap after GC invocations=24 (full 0):
 garbage-first heap   total 89088K, used 40177K [0x0000000084a00000, 0x0000000100000000)
  region size 1024K, 5 young (5120K), 5 survivors (5120K)
 Metaspace       used 76020K, committed 76800K, reserved 1179648K
  class space    used 10706K, committed 11072K, reserved 1048576K
}
Event: 10.858 GC heap before
{Heap before GC invocations=24 (full 0):
 garbage-first heap   total 89088K, used 78065K [0x0000000084a00000, 0x0000000100000000)
  region size 1024K, 42 young (43008K), 5 survivors (5120K)
 Metaspace       used 77459K, committed 78208K, reserved 1179648K
  class space    used 10918K, committed 11264K, reserved 1048576K
}
Event: 10.862 GC heap after
{Heap after GC invocations=25 (full 0):
 garbage-first heap   total 89088K, used 42037K [0x0000000084a00000, 0x0000000100000000)
  region size 1024K, 4 young (4096K), 4 survivors (4096K)
 Metaspace       used 77459K, committed 78208K, reserved 1179648K
  class space    used 10918K, committed 11264K, reserved 1048576K
}
Event: 11.044 GC heap before
{Heap before GC invocations=26 (full 0):
 garbage-first heap   total 89088K, used 78901K [0x0000000084a00000, 0x0000000100000000)
  region size 1024K, 40 young (40960K), 4 survivors (4096K)
 Metaspace       used 77972K, committed 78720K, reserved 1179648K
  class space    used 10970K, committed 11328K, reserved 1048576K
}
Event: 11.047 GC heap after
{Heap after GC invocations=27 (full 0):
 garbage-first heap   total 107520K, used 43641K [0x0000000084a00000, 0x0000000100000000)
  region size 1024K, 4 young (4096K), 4 survivors (4096K)
 Metaspace       used 77972K, committed 78720K, reserved 1179648K
  class space    used 10970K, committed 11328K, reserved 1048576K
}
Event: 11.207 GC heap before
{Heap before GC invocations=27 (full 0):
 garbage-first heap   total 107520K, used 95865K [0x0000000084a00000, 0x0000000100000000)
  region size 1024K, 55 young (56320K), 4 survivors (4096K)
 Metaspace       used 78253K, committed 79040K, reserved 1179648K
  class space    used 11007K, committed 11392K, reserved 1048576K
}
Event: 11.211 GC heap after
{Heap after GC invocations=28 (full 0):
 garbage-first heap   total 107520K, used 44975K [0x0000000084a00000, 0x0000000100000000)
  region size 1024K, 6 young (6144K), 6 survivors (6144K)
 Metaspace       used 78253K, committed 79040K, reserved 1179648K
  class space    used 11007K, committed 11392K, reserved 1048576K
}
Event: 12.389 GC heap before
{Heap before GC invocations=28 (full 0):
 garbage-first heap   total 107520K, used 94127K [0x0000000084a00000, 0x0000000100000000)
  region size 1024K, 54 young (55296K), 6 survivors (6144K)
 Metaspace       used 78412K, committed 79232K, reserved 1179648K
  class space    used 11025K, committed 11392K, reserved 1048576K
}
Event: 12.393 GC heap after
{Heap after GC invocations=29 (full 0):
 garbage-first heap   total 107520K, used 46006K [0x0000000084a00000, 0x0000000100000000)
  region size 1024K, 5 young (5120K), 5 survivors (5120K)
 Metaspace       used 78412K, committed 79232K, reserved 1179648K
  class space    used 11025K, committed 11392K, reserved 1048576K
}
Event: 12.606 GC heap before
{Heap before GC invocations=30 (full 0):
 garbage-first heap   total 107520K, used 95158K [0x0000000084a00000, 0x0000000100000000)
  region size 1024K, 53 young (54272K), 5 survivors (5120K)
 Metaspace       used 79016K, committed 79808K, reserved 1179648K
  class space    used 11070K, committed 11456K, reserved 1048576K
}
Event: 12.610 GC heap after
{Heap after GC invocations=31 (full 0):
 garbage-first heap   total 107520K, used 47954K [0x0000000084a00000, 0x0000000100000000)
  region size 1024K, 5 young (5120K), 5 survivors (5120K)
 Metaspace       used 79016K, committed 79808K, reserved 1179648K
  class space    used 11070K, committed 11456K, reserved 1048576K
}
Event: 13.944 GC heap before
{Heap before GC invocations=31 (full 0):
 garbage-first heap   total 107520K, used 95058K [0x0000000084a00000, 0x0000000100000000)
  region size 1024K, 51 young (52224K), 5 survivors (5120K)
 Metaspace       used 80706K, committed 81536K, reserved 1179648K
  class space    used 11241K, committed 11648K, reserved 1048576K
}

