# JRE version: Java(TM) SE Runtime Environment (21.0.2+13) (build 21.0.2+13-LTS-58)
# Java VM: Java HotSpot(TM) 64-Bit Server VM (21.0.2+13-LTS-58, mixed mode, sharing, tiered, compressed oops, compressed class ptrs, g1 gc, windows-amd64)
GC Precious Log:
 CardTable entry size: 512
 Card Set container configuration: InlinePtr #cards 5 size 8 Array Of Cards #cards 12 size 40 Howl #buckets 4 coarsen threshold 1843 Howl Bitmap #cards 512 size 80 coarsen threshold 460 Card regions per heap region 1 cards per card region 2048
 CPUs: 16 total, 16 available
 Memory: 7893M
 Large Page Support: Disabled
 NUMA Support: Disabled
 Compressed Oops: Enabled (32-bit)
 Heap Region Size: 1M
 Heap Min Capacity: 8M
 Heap Initial Capacity: 124M
 Heap Max Capacity: 1974M
 Pre-touch: Disabled
 Parallel Workers: 13
 Concurrent Workers: 3
 Concurrent Refinement Workers: 13
 Periodic GC: Disabled
Heap:
 garbage-first heap   total 256000K, used 162528K [0x0000000084a00000, 0x0000000100000000)
  region size 1024K, 62 young (63488K), 11 survivors (11264K)
 Metaspace       used 113187K, committed 114176K, reserved 1179648K
  class space    used 12542K, committed 12992K, reserved 1048576K
GC Heap History (20 events):
Event: 187.971 GC heap before
{Heap before GC invocations=88 (full 0):
 garbage-first heap   total 212992K, used 187225K [0x0000000084a00000, 0x0000000100000000)
  region size 1024K, 99 young (101376K), 13 survivors (13312K)
 Metaspace       used 111298K, committed 112256K, reserved 1179648K
  class space    used 12465K, committed 12928K, reserved 1048576K
}
Event: 187.990 GC heap after
{Heap after GC invocations=89 (full 0):
 garbage-first heap   total 212992K, used 92959K [0x0000000084a00000, 0x0000000100000000)
  region size 1024K, 6 young (6144K), 6 survivors (6144K)
 Metaspace       used 111298K, committed 112256K, reserved 1179648K
  class space    used 12465K, committed 12928K, reserved 1048576K
}
Event: 188.530 GC heap before
{Heap before GC invocations=89 (full 0):
 garbage-first heap   total 212992K, used 194335K [0x0000000084a00000, 0x0000000100000000)
  region size 1024K, 105 young (107520K), 6 survivors (6144K)
 Metaspace       used 111591K, committed 112576K, reserved 1179648K
  class space    used 12476K, committed 12928K, reserved 1048576K
}
Event: 188.538 GC heap after
{Heap after GC invocations=90 (full 0):
 garbage-first heap   total 212992K, used 95926K [0x0000000084a00000, 0x0000000100000000)
  region size 1024K, 9 young (9216K), 9 survivors (9216K)
 Metaspace       used 111591K, committed 112576K, reserved 1179648K
  class space    used 12476K, committed 12928K, reserved 1048576K
}
Event: 188.951 GC heap before
{Heap before GC invocations=91 (full 0):
 garbage-first heap   total 212992K, used 191158K [0x0000000084a00000, 0x0000000100000000)
  region size 1024K, 103 young (105472K), 9 survivors (9216K)
 Metaspace       used 111636K, committed 112576K, reserved 1179648K
  class space    used 12476K, committed 12928K, reserved 1048576K
}
Event: 188.961 GC heap after
{Heap after GC invocations=92 (full 0):
 garbage-first heap   total 212992K, used 97403K [0x0000000084a00000, 0x0000000100000000)
  region size 1024K, 7 young (7168K), 7 survivors (7168K)
 Metaspace       used 111636K, committed 112576K, reserved 1179648K
  class space    used 12476K, committed 12928K, reserved 1048576K
}
Event: 190.092 GC heap before
{Heap before GC invocations=92 (full 0):
 garbage-first heap   total 212992K, used 192635K [0x0000000084a00000, 0x0000000100000000)
  region size 1024K, 101 young (103424K), 7 survivors (7168K)
 Metaspace       used 111685K, committed 112640K, reserved 1179648K
  class space    used 12476K, committed 12928K, reserved 1048576K
}
Event: 190.107 GC heap after
{Heap after GC invocations=93 (full 0):
 garbage-first heap   total 212992K, used 88867K [0x0000000084a00000, 0x0000000100000000)
  region size 1024K, 13 young (13312K), 13 survivors (13312K)
 Metaspace       used 111685K, committed 112640K, reserved 1179648K
  class space    used 12476K, committed 12928K, reserved 1048576K
}
Event: 191.402 GC heap before
{Heap before GC invocations=93 (full 0):
 garbage-first heap   total 212992K, used 188195K [0x0000000084a00000, 0x0000000100000000)
  region size 1024K, 110 young (112640K), 13 survivors (13312K)
 Metaspace       used 112171K, committed 113152K, reserved 1179648K
  class space    used 12499K, committed 12992K, reserved 1048576K
}
Event: 191.417 GC heap after
{Heap after GC invocations=94 (full 0):
 garbage-first heap   total 212992K, used 92350K [0x0000000084a00000, 0x0000000100000000)
  region size 1024K, 11 young (11264K), 11 survivors (11264K)
 Metaspace       used 112171K, committed 113152K, reserved 1179648K
  class space    used 12499K, committed 12992K, reserved 1048576K
}
Event: 192.256 GC heap before
{Heap before GC invocations=95 (full 0):
 garbage-first heap   total 212992K, used 189630K [0x0000000084a00000, 0x0000000100000000)
  region size 1024K, 106 young (108544K), 11 survivors (11264K)
 Metaspace       used 112445K, committed 113408K, reserved 1179648K
  class space    used 12506K, committed 12992K, reserved 1048576K
}
Event: 192.276 GC heap after
{Heap after GC invocations=96 (full 0):
 garbage-first heap   total 256000K, used 96183K [0x0000000084a00000, 0x0000000100000000)
  region size 1024K, 8 young (8192K), 8 survivors (8192K)
 Metaspace       used 112445K, committed 113408K, reserved 1179648K
  class space    used 12506K, committed 12992K, reserved 1048576K
}
Event: 193.434 GC heap before
{Heap before GC invocations=96 (full 0):
 garbage-first heap   total 256000K, used 233399K [0x0000000084a00000, 0x0000000100000000)
  region size 1024K, 142 young (145408K), 8 survivors (8192K)
 Metaspace       used 112565K, committed 113536K, reserved 1179648K
  class space    used 12506K, committed 12992K, reserved 1048576K
}
Event: 193.447 GC heap after
{Heap after GC invocations=97 (full 0):
 garbage-first heap   total 256000K, used 99340K [0x0000000084a00000, 0x0000000100000000)
  region size 1024K, 12 young (12288K), 12 survivors (12288K)
 Metaspace       used 112565K, committed 113536K, reserved 1179648K
  class space    used 12506K, committed 12992K, reserved 1048576K
}
Event: 194.763 GC heap before
{Heap before GC invocations=97 (full 0):
 garbage-first heap   total 256000K, used 229388K [0x0000000084a00000, 0x0000000100000000)
  region size 1024K, 139 young (142336K), 12 survivors (12288K)
 Metaspace       used 112832K, committed 113792K, reserved 1179648K
  class space    used 12525K, committed 12992K, reserved 1048576K
}
Event: 194.783 GC heap after
{Heap after GC invocations=98 (full 0):
 garbage-first heap   total 256000K, used 103269K [0x0000000084a00000, 0x0000000100000000)
  region size 1024K, 16 young (16384K), 16 survivors (16384K)
 Metaspace       used 112832K, committed 113792K, reserved 1179648K
  class space    used 12525K, committed 12992K, reserved 1048576K
}
Event: 195.317 GC heap before
{Heap before GC invocations=98 (full 0):
 garbage-first heap   total 256000K, used 226149K [0x0000000084a00000, 0x0000000100000000)
  region size 1024K, 136 young (139264K), 16 survivors (16384K)
 Metaspace       used 113145K, committed 114112K, reserved 1179648K
  class space    used 12542K, committed 12992K, reserved 1048576K
}
Event: 195.335 GC heap after
{Heap after GC invocations=99 (full 0):
 garbage-first heap   total 256000K, used 108274K [0x0000000084a00000, 0x0000000100000000)
  region size 1024K, 12 young (12288K), 12 survivors (12288K)
 Metaspace       used 113145K, committed 114112K, reserved 1179648K
  class space    used 12542K, committed 12992K, reserved 1048576K
}
Event: 196.923 GC heap before
{Heap before GC invocations=100 (full 0):
 garbage-first heap   total 256000K, used 229106K [0x0000000084a00000, 0x0000000100000000)
  region size 1024K, 131 young (134144K), 12 survivors (12288K)
 Metaspace       used 113177K, committed 114176K, reserved 1179648K
  class space    used 12542K, committed 12992K, reserved 1048576K
}
Event: 196.936 GC heap after
{Heap after GC invocations=101 (full 0):
 garbage-first heap   total 256000K, used 111328K [0x0000000084a00000, 0x0000000100000000)
  region size 1024K, 11 young (11264K), 11 survivors (11264K)
 Metaspace       used 113177K, committed 114176K, reserved 1179648K
  class space    used 12542K, committed 12992K, reserved 1048576K
}

