# JRE version: Java(TM) SE Runtime Environment (21.0.2+13) (build 21.0.2+13-LTS-58)
# Java VM: Java HotSpot(TM) 64-Bit Server VM (21.0.2+13-LTS-58, mixed mode, sharing, tiered, compressed oops, compressed class ptrs, g1 gc, windows-amd64)
GC Precious Log:
 CardTable entry size: 512
 Card Set container configuration: InlinePtr #cards 5 size 8 Array Of Cards #cards 12 size 40 Howl #buckets 4 coarsen threshold 1843 Howl Bitmap #cards 512 size 80 coarsen threshold 460 Card regions per heap region 1 cards per card region 2048
 CPUs: 16 total, 16 available
 Memory: 7893M
 Large Page Support: Disabled
 NUMA Support: Disabled
 Compressed Oops: Enabled (32-bit)
 Heap Region Size: 1M
 Heap Min Capacity: 8M
 Heap Initial Capacity: 124M
 Heap Max Capacity: 1974M
 Pre-touch: Disabled
 Parallel Workers: 13
 Concurrent Workers: 3
 Concurrent Refinement Workers: 13
 Periodic GC: Disabled
Heap:
 garbage-first heap   total 356352K, used 114567K [0x0000000084a00000, 0x0000000100000000)
  region size 1024K, 16 young (16384K), 16 survivors (16384K)
 Metaspace       used 144895K, committed 146112K, reserved 1245184K
  class space    used 15032K, committed 15616K, reserved 1048576K
GC Heap History (20 events):
Event: 93.727 GC heap after
{Heap after GC invocations=150 (full 0):
 garbage-first heap   total 356352K, used 80531K [0x0000000084a00000, 0x0000000100000000)
  region size 1024K, 10 young (10240K), 10 survivors (10240K)
 Metaspace       used 141631K, committed 142848K, reserved 1179648K
  class space    used 14802K, committed 15360K, reserved 1048576K
}
Event: 93.969 GC heap before
{Heap before GC invocations=150 (full 0):
 garbage-first heap   total 356352K, used 283283K [0x0000000084a00000, 0x0000000100000000)
  region size 1024K, 208 young (212992K), 10 survivors (10240K)
 Metaspace       used 141981K, committed 143232K, reserved 1179648K
  class space    used 14827K, committed 15424K, reserved 1048576K
}
Event: 93.977 GC heap after
{Heap after GC invocations=151 (full 0):
 garbage-first heap   total 356352K, used 86623K [0x0000000084a00000, 0x0000000100000000)
  region size 1024K, 16 young (16384K), 16 survivors (16384K)
 Metaspace       used 141981K, committed 143232K, reserved 1179648K
  class space    used 14827K, committed 15424K, reserved 1048576K
}
Event: 94.906 GC heap before
{Heap before GC invocations=151 (full 0):
 garbage-first heap   total 356352K, used 283231K [0x0000000084a00000, 0x0000000100000000)
  region size 1024K, 208 young (212992K), 16 survivors (16384K)
 Metaspace       used 142265K, committed 143488K, reserved 1179648K
  class space    used 14845K, committed 15424K, reserved 1048576K
}
Event: 94.912 GC heap after
{Heap after GC invocations=152 (full 0):
 garbage-first heap   total 356352K, used 81854K [0x0000000084a00000, 0x0000000100000000)
  region size 1024K, 11 young (11264K), 11 survivors (11264K)
 Metaspace       used 142265K, committed 143488K, reserved 1179648K
  class space    used 14845K, committed 15424K, reserved 1048576K
}
Event: 95.169 GC heap before
{Heap before GC invocations=152 (full 0):
 garbage-first heap   total 356352K, used 283582K [0x0000000084a00000, 0x0000000100000000)
  region size 1024K, 208 young (212992K), 11 survivors (11264K)
 Metaspace       used 142412K, committed 143616K, reserved 1179648K
  class space    used 14855K, committed 15424K, reserved 1048576K
}
Event: 95.175 GC heap after
{Heap after GC invocations=153 (full 0):
 garbage-first heap   total 356352K, used 87388K [0x0000000084a00000, 0x0000000100000000)
  region size 1024K, 16 young (16384K), 16 survivors (16384K)
 Metaspace       used 142412K, committed 143616K, reserved 1179648K
  class space    used 14855K, committed 15424K, reserved 1048576K
}
Event: 96.086 GC heap before
{Heap before GC invocations=153 (full 0):
 garbage-first heap   total 356352K, used 283996K [0x0000000084a00000, 0x0000000100000000)
  region size 1024K, 208 young (212992K), 16 survivors (16384K)
 Metaspace       used 142781K, committed 143936K, reserved 1179648K
  class space    used 14880K, committed 15424K, reserved 1048576K
}
Event: 96.094 GC heap after
{Heap after GC invocations=154 (full 0):
 garbage-first heap   total 356352K, used 82124K [0x0000000084a00000, 0x0000000100000000)
  region size 1024K, 11 young (11264K), 11 survivors (11264K)
 Metaspace       used 142781K, committed 143936K, reserved 1179648K
  class space    used 14880K, committed 15424K, reserved 1048576K
}
Event: 96.388 GC heap before
{Heap before GC invocations=154 (full 0):
 garbage-first heap   total 356352K, used 283852K [0x0000000084a00000, 0x0000000100000000)
  region size 1024K, 208 young (212992K), 11 survivors (11264K)
 Metaspace       used 142819K, committed 144064K, reserved 1179648K
  class space    used 14884K, committed 15488K, reserved 1048576K
}
Event: 96.397 GC heap after
{Heap after GC invocations=155 (full 0):
 garbage-first heap   total 356352K, used 88775K [0x0000000084a00000, 0x0000000100000000)
  region size 1024K, 17 young (17408K), 17 survivors (17408K)
 Metaspace       used 142819K, committed 144064K, reserved 1179648K
  class space    used 14884K, committed 15488K, reserved 1048576K
}
Event: 105.010 GC heap before
{Heap before GC invocations=155 (full 0):
 garbage-first heap   total 356352K, used 284359K [0x0000000084a00000, 0x0000000100000000)
  region size 1024K, 208 young (212992K), 17 survivors (17408K)
 Metaspace       used 143716K, committed 144960K, reserved 1179648K
  class space    used 14939K, committed 15552K, reserved 1048576K
}
Event: 105.023 GC heap after
{Heap after GC invocations=156 (full 0):
 garbage-first heap   total 356352K, used 93923K [0x0000000084a00000, 0x0000000100000000)
  region size 1024K, 18 young (18432K), 18 survivors (18432K)
 Metaspace       used 143716K, committed 144960K, reserved 1179648K
  class space    used 14939K, committed 15552K, reserved 1048576K
}
Event: 105.265 GC heap before
{Heap before GC invocations=156 (full 0):
 garbage-first heap   total 356352K, used 288483K [0x0000000084a00000, 0x0000000100000000)
  region size 1024K, 208 young (212992K), 18 survivors (18432K)
 Metaspace       used 143862K, committed 145088K, reserved 1179648K
  class space    used 14949K, committed 15552K, reserved 1048576K
}
Event: 105.294 GC heap after
{Heap after GC invocations=157 (full 0):
 garbage-first heap   total 356352K, used 99358K [0x0000000084a00000, 0x0000000100000000)
  region size 1024K, 17 young (17408K), 17 survivors (17408K)
 Metaspace       used 143862K, committed 145088K, reserved 1179648K
  class space    used 14949K, committed 15552K, reserved 1048576K
}
Event: 105.882 GC heap before
{Heap before GC invocations=157 (full 0):
 garbage-first heap   total 356352K, used 294942K [0x0000000084a00000, 0x0000000100000000)
  region size 1024K, 208 young (212992K), 17 survivors (17408K)
 Metaspace       used 144190K, committed 145408K, reserved 1179648K
  class space    used 14971K, committed 15552K, reserved 1048576K
}
Event: 105.897 GC heap after
{Heap after GC invocations=158 (full 0):
 garbage-first heap   total 356352K, used 103989K [0x0000000084a00000, 0x0000000100000000)
  region size 1024K, 15 young (15360K), 15 survivors (15360K)
 Metaspace       used 144190K, committed 145408K, reserved 1179648K
  class space    used 14971K, committed 15552K, reserved 1048576K
}
Event: 106.236 GC heap before
{Heap before GC invocations=158 (full 0):
 garbage-first heap   total 356352K, used 301621K [0x0000000084a00000, 0x0000000100000000)
  region size 1024K, 208 young (212992K), 15 survivors (15360K)
 Metaspace       used 144246K, committed 145472K, reserved 1179648K
  class space    used 14977K, committed 15552K, reserved 1048576K
}
Event: 106.278 GC heap after
{Heap after GC invocations=159 (full 0):
 garbage-first heap   total 356352K, used 111763K [0x0000000084a00000, 0x0000000100000000)
  region size 1024K, 19 young (19456K), 19 survivors (19456K)
 Metaspace       used 144246K, committed 145472K, reserved 1179648K
  class space    used 14977K, committed 15552K, reserved 1048576K
}
Event: 107.191 GC heap before
{Heap before GC invocations=159 (full 0):
 garbage-first heap   total 356352K, used 305299K [0x0000000084a00000, 0x0000000100000000)
  region size 1024K, 208 young (212992K), 19 survivors (19456K)
 Metaspace       used 144895K, committed 146112K, reserved 1245184K
  class space    used 15032K, committed 15616K, reserved 1048576K
}

