# JRE version: Java(TM) SE Runtime Environment (21.0.2+13) (build 21.0.2+13-LTS-58)
# Java VM: Java HotSpot(TM) 64-Bit Server VM (21.0.2+13-LTS-58, mixed mode, sharing, tiered, compressed oops, compressed class ptrs, g1 gc, windows-amd64)
GC Precious Log:
 CardTable entry size: 512
 Card Set container configuration: InlinePtr #cards 5 size 8 Array Of Cards #cards 12 size 40 Howl #buckets 4 coarsen threshold 1843 Howl Bitmap #cards 512 size 80 coarsen threshold 460 Card regions per heap region 1 cards per card region 2048
 CPUs: 16 total, 16 available
 Memory: 7893M
 Large Page Support: Disabled
 NUMA Support: Disabled
 Compressed Oops: Enabled (32-bit)
 Heap Region Size: 1M
 Heap Min Capacity: 8M
 Heap Initial Capacity: 124M
 Heap Max Capacity: 1974M
 Pre-touch: Disabled
 Parallel Workers: 13
 Concurrent Workers: 3
 Concurrent Refinement Workers: 13
 Periodic GC: Disabled
Heap:
 garbage-first heap   total 81920K, used 31534K [0x0000000084a00000, 0x0000000100000000)
  region size 1024K, 7 young (7168K), 3 survivors (3072K)
 Metaspace       used 40023K, committed 40512K, reserved 1114112K
  class space    used 4803K, committed 5056K, reserved 1048576K
GC Heap History (16 events):
Event: 1.262 GC heap before
{Heap before GC invocations=0 (full 0):
 garbage-first heap   total 126976K, used 23552K [0x0000000084a00000, 0x0000000100000000)
  region size 1024K, 23 young (23552K), 0 survivors (0K)
 Metaspace       used 5411K, committed 5568K, reserved 1114112K
  class space    used 510K, committed 576K, reserved 1048576K
}
Event: 1.269 GC heap after
{Heap after GC invocations=1 (full 0):
 garbage-first heap   total 126976K, used 10552K [0x0000000084a00000, 0x0000000100000000)
  region size 1024K, 3 young (3072K), 3 survivors (3072K)
 Metaspace       used 5411K, committed 5568K, reserved 1114112K
  class space    used 510K, committed 576K, reserved 1048576K
}
Event: 2.250 GC heap before
{Heap before GC invocations=1 (full 0):
 garbage-first heap   total 126976K, used 35128K [0x0000000084a00000, 0x0000000100000000)
  region size 1024K, 27 young (27648K), 3 survivors (3072K)
 Metaspace       used 12105K, committed 12352K, reserved 1114112K
  class space    used 1296K, committed 1408K, reserved 1048576K
}
Event: 2.257 GC heap after
{Heap after GC invocations=2 (full 0):
 garbage-first heap   total 126976K, used 12832K [0x0000000084a00000, 0x0000000100000000)
  region size 1024K, 2 young (2048K), 2 survivors (2048K)
 Metaspace       used 12105K, committed 12352K, reserved 1114112K
  class space    used 1296K, committed 1408K, reserved 1048576K
}
Event: 3.218 GC heap before
{Heap before GC invocations=2 (full 0):
 garbage-first heap   total 126976K, used 54816K [0x0000000084a00000, 0x0000000100000000)
  region size 1024K, 45 young (46080K), 2 survivors (2048K)
 Metaspace       used 21189K, committed 21504K, reserved 1114112K
  class space    used 2566K, committed 2752K, reserved 1048576K
}
Event: 3.223 GC heap after
{Heap after GC invocations=3 (full 0):
 garbage-first heap   total 126976K, used 15913K [0x0000000084a00000, 0x0000000100000000)
  region size 1024K, 5 young (5120K), 5 survivors (5120K)
 Metaspace       used 21189K, committed 21504K, reserved 1114112K
  class space    used 2566K, committed 2752K, reserved 1048576K
}
Event: 3.628 GC heap before
{Heap before GC invocations=4 (full 0):
 garbage-first heap   total 58368K, used 56873K [0x0000000084a00000, 0x0000000100000000)
  region size 1024K, 46 young (47104K), 5 survivors (5120K)
 Metaspace       used 29394K, committed 29760K, reserved 1114112K
  class space    used 3500K, committed 3648K, reserved 1048576K
}
Event: 3.635 GC heap after
{Heap after GC invocations=5 (full 0):
 garbage-first heap   total 67584K, used 19375K [0x0000000084a00000, 0x0000000100000000)
  region size 1024K, 9 young (9216K), 9 survivors (9216K)
 Metaspace       used 29394K, committed 29760K, reserved 1114112K
  class space    used 3500K, committed 3648K, reserved 1048576K
}
Event: 3.977 GC heap before
{Heap before GC invocations=5 (full 0):
 garbage-first heap   total 67584K, used 48047K [0x0000000084a00000, 0x0000000100000000)
  region size 1024K, 38 young (38912K), 9 survivors (9216K)
 Metaspace       used 31290K, committed 31616K, reserved 1114112K
  class space    used 3744K, committed 3904K, reserved 1048576K
}
Event: 3.984 GC heap after
{Heap after GC invocations=6 (full 0):
 garbage-first heap   total 67584K, used 23586K [0x0000000084a00000, 0x0000000100000000)
  region size 1024K, 5 young (5120K), 5 survivors (5120K)
 Metaspace       used 31290K, committed 31616K, reserved 1114112K
  class space    used 3744K, committed 3904K, reserved 1048576K
}
Event: 4.626 GC heap before
{Heap before GC invocations=6 (full 0):
 garbage-first heap   total 67584K, used 52258K [0x0000000084a00000, 0x0000000100000000)
  region size 1024K, 33 young (33792K), 5 survivors (5120K)
 Metaspace       used 34209K, committed 34560K, reserved 1114112K
  class space    used 4080K, committed 4224K, reserved 1048576K
}
Event: 4.630 GC heap after
{Heap after GC invocations=7 (full 0):
 garbage-first heap   total 67584K, used 25973K [0x0000000084a00000, 0x0000000100000000)
  region size 1024K, 3 young (3072K), 3 survivors (3072K)
 Metaspace       used 34209K, committed 34560K, reserved 1114112K
  class space    used 4080K, committed 4224K, reserved 1048576K
}
Event: 5.949 GC heap before
{Heap before GC invocations=7 (full 0):
 garbage-first heap   total 67584K, used 37237K [0x0000000084a00000, 0x0000000100000000)
  region size 1024K, 15 young (15360K), 3 survivors (3072K)
 Metaspace       used 35682K, committed 35968K, reserved 1114112K
  class space    used 4248K, committed 4352K, reserved 1048576K
}
Event: 5.954 GC heap after
{Heap after GC invocations=8 (full 0):
 garbage-first heap   total 67584K, used 26173K [0x0000000084a00000, 0x0000000100000000)
  region size 1024K, 3 young (3072K), 3 survivors (3072K)
 Metaspace       used 35682K, committed 35968K, reserved 1114112K
  class space    used 4248K, committed 4352K, reserved 1048576K
}
Event: 7.146 GC heap before
{Heap before GC invocations=9 (full 0):
 garbage-first heap   total 67584K, used 54845K [0x0000000084a00000, 0x0000000100000000)
  region size 1024K, 32 young (32768K), 3 survivors (3072K)
 Metaspace       used 39455K, committed 39872K, reserved 1114112K
  class space    used 4701K, committed 4928K, reserved 1048576K
}
Event: 7.153 GC heap after
{Heap after GC invocations=10 (full 0):
 garbage-first heap   total 81920K, used 28462K [0x0000000084a00000, 0x0000000100000000)
  region size 1024K, 3 young (3072K), 3 survivors (3072K)
 Metaspace       used 39455K, committed 39872K, reserved 1114112K
  class space    used 4701K, committed 4928K, reserved 1048576K
}

