# JRE version: Java(TM) SE Runtime Environment (21.0.2+13) (build 21.0.2+13-LTS-58)
# Java VM: Java HotSpot(TM) 64-Bit Server VM (21.0.2+13-LTS-58, mixed mode, emulated-client, sharing, tiered, compressed oops, compressed class ptrs, g1 gc, windows-amd64)
GC Precious Log:
 CardTable entry size: 512
 Card Set container configuration: InlinePtr #cards 5 size 8 Array Of Cards #cards 12 size 40 Howl #buckets 4 coarsen threshold 1843 Howl Bitmap #cards 512 size 80 coarsen threshold 460 Card regions per heap region 1 cards per card region 2048
 CPUs: 16 total, 16 available
 Memory: 7893M
 Large Page Support: Disabled
 NUMA Support: Disabled
 Compressed Oops: Enabled (32-bit)
 Heap Region Size: 1M
 Heap Min Capacity: 8M
 Heap Initial Capacity: 124M
 Heap Max Capacity: 1974M
 Pre-touch: Disabled
 Parallel Workers: 13
 Concurrent Workers: 3
 Concurrent Refinement Workers: 13
 Periodic GC: Disabled
Heap:
 garbage-first heap   total 77824K, used 37146K [0x0000000084a00000, 0x0000000100000000)
  region size 1024K, 1 young (1024K), 1 survivors (1024K)
 Metaspace       used 71808K, committed 72576K, reserved 1114112K
  class space    used 10047K, committed 10368K, reserved 1048576K
GC Heap History (20 events):
Event: 16.266 GC heap after
{Heap after GC invocations=24 (full 0):
 garbage-first heap   total 61440K, used 30447K [0x0000000084a00000, 0x0000000100000000)
  region size 1024K, 3 young (3072K), 3 survivors (3072K)
 Metaspace       used 61997K, committed 62592K, reserved 1114112K
  class space    used 8443K, committed 8704K, reserved 1048576K
}
Event: 16.370 GC heap before
{Heap before GC invocations=24 (full 0):
 garbage-first heap   total 61440K, used 53999K [0x0000000084a00000, 0x0000000100000000)
  region size 1024K, 26 young (26624K), 3 survivors (3072K)
 Metaspace       used 62050K, committed 62656K, reserved 1114112K
  class space    used 8447K, committed 8704K, reserved 1048576K
}
Event: 16.376 GC heap after
{Heap after GC invocations=25 (full 0):
 garbage-first heap   total 61440K, used 30307K [0x0000000084a00000, 0x0000000100000000)
  region size 1024K, 3 young (3072K), 3 survivors (3072K)
 Metaspace       used 62050K, committed 62656K, reserved 1114112K
  class space    used 8447K, committed 8704K, reserved 1048576K
}
Event: 16.848 GC heap before
{Heap before GC invocations=25 (full 0):
 garbage-first heap   total 61440K, used 52835K [0x0000000084a00000, 0x0000000100000000)
  region size 1024K, 26 young (26624K), 3 survivors (3072K)
 Metaspace       used 64192K, committed 64832K, reserved 1114112K
  class space    used 8755K, committed 9024K, reserved 1048576K
}
Event: 16.856 GC heap after
{Heap after GC invocations=26 (full 0):
 garbage-first heap   total 61440K, used 31138K [0x0000000084a00000, 0x0000000100000000)
  region size 1024K, 3 young (3072K), 3 survivors (3072K)
 Metaspace       used 64192K, committed 64832K, reserved 1114112K
  class space    used 8755K, committed 9024K, reserved 1048576K
}
Event: 18.363 GC heap before
{Heap before GC invocations=27 (full 0):
 garbage-first heap   total 61440K, used 52642K [0x0000000084a00000, 0x0000000100000000)
  region size 1024K, 25 young (25600K), 3 survivors (3072K)
 Metaspace       used 67620K, committed 68352K, reserved 1114112K
  class space    used 9217K, committed 9536K, reserved 1048576K
}
Event: 18.372 GC heap after
{Heap after GC invocations=28 (full 0):
 garbage-first heap   total 61440K, used 33033K [0x0000000084a00000, 0x0000000100000000)
  region size 1024K, 4 young (4096K), 4 survivors (4096K)
 Metaspace       used 67620K, committed 68352K, reserved 1114112K
  class space    used 9217K, committed 9536K, reserved 1048576K
}
Event: 18.930 GC heap before
{Heap before GC invocations=28 (full 0):
 garbage-first heap   total 61440K, used 52489K [0x0000000084a00000, 0x0000000100000000)
  region size 1024K, 24 young (24576K), 4 survivors (4096K)
 Metaspace       used 70113K, committed 70848K, reserved 1114112K
  class space    used 9695K, committed 9984K, reserved 1048576K
}
Event: 18.943 GC heap after
{Heap after GC invocations=29 (full 0):
 garbage-first heap   total 61440K, used 34338K [0x0000000084a00000, 0x0000000100000000)
  region size 1024K, 2 young (2048K), 2 survivors (2048K)
 Metaspace       used 70113K, committed 70848K, reserved 1114112K
  class space    used 9695K, committed 9984K, reserved 1048576K
}
Event: 19.303 GC heap before
{Heap before GC invocations=29 (full 0):
 garbage-first heap   total 61440K, used 54818K [0x0000000084a00000, 0x0000000100000000)
  region size 1024K, 23 young (23552K), 2 survivors (2048K)
 Metaspace       used 71805K, committed 72576K, reserved 1114112K
  class space    used 10047K, committed 10368K, reserved 1048576K
}
Event: 20.314 GC heap after
{Heap after GC invocations=30 (full 0):
 garbage-first heap   total 77824K, used 35685K [0x0000000084a00000, 0x0000000100000000)
  region size 1024K, 3 young (3072K), 3 survivors (3072K)
 Metaspace       used 71805K, committed 72576K, reserved 1114112K
  class space    used 10047K, committed 10368K, reserved 1048576K
}
Event: 20.358 GC heap before
{Heap before GC invocations=30 (full 0):
 garbage-first heap   total 77824K, used 36709K [0x0000000084a00000, 0x0000000100000000)
  region size 1024K, 4 young (4096K), 3 survivors (3072K)
 Metaspace       used 71808K, committed 72576K, reserved 1114112K
  class space    used 10047K, committed 10368K, reserved 1048576K
}
Event: 20.364 GC heap after
{Heap after GC invocations=31 (full 0):
 garbage-first heap   total 77824K, used 36083K [0x0000000084a00000, 0x0000000100000000)
  region size 1024K, 1 young (1024K), 1 survivors (1024K)
 Metaspace       used 71808K, committed 72576K, reserved 1114112K
  class space    used 10047K, committed 10368K, reserved 1048576K
}
Event: 20.382 GC heap before
{Heap before GC invocations=32 (full 0):
 garbage-first heap   total 77824K, used 38131K [0x0000000084a00000, 0x0000000100000000)
  region size 1024K, 3 young (3072K), 1 survivors (1024K)
 Metaspace       used 71808K, committed 72576K, reserved 1114112K
  class space    used 10047K, committed 10368K, reserved 1048576K
}
Event: 20.385 GC heap after
{Heap after GC invocations=33 (full 0):
 garbage-first heap   total 77824K, used 36044K [0x0000000084a00000, 0x0000000100000000)
  region size 1024K, 1 young (1024K), 1 survivors (1024K)
 Metaspace       used 71808K, committed 72576K, reserved 1114112K
  class space    used 10047K, committed 10368K, reserved 1048576K
}
Event: 20.391 GC heap before
{Heap before GC invocations=33 (full 0):
 garbage-first heap   total 77824K, used 38092K [0x0000000084a00000, 0x0000000100000000)
  region size 1024K, 3 young (3072K), 1 survivors (1024K)
 Metaspace       used 71808K, committed 72576K, reserved 1114112K
  class space    used 10047K, committed 10368K, reserved 1048576K
}
Event: 20.395 GC heap after
{Heap after GC invocations=34 (full 0):
 garbage-first heap   total 77824K, used 36303K [0x0000000084a00000, 0x0000000100000000)
  region size 1024K, 1 young (1024K), 1 survivors (1024K)
 Metaspace       used 71808K, committed 72576K, reserved 1114112K
  class space    used 10047K, committed 10368K, reserved 1048576K
}
Event: 20.401 GC heap before
{Heap before GC invocations=34 (full 0):
 garbage-first heap   total 77824K, used 38351K [0x0000000084a00000, 0x0000000100000000)
  region size 1024K, 3 young (3072K), 1 survivors (1024K)
 Metaspace       used 71808K, committed 72576K, reserved 1114112K
  class space    used 10047K, committed 10368K, reserved 1048576K
}
Event: 20.403 GC heap after
{Heap after GC invocations=35 (full 0):
 garbage-first heap   total 77824K, used 36661K [0x0000000084a00000, 0x0000000100000000)
  region size 1024K, 1 young (1024K), 1 survivors (1024K)
 Metaspace       used 71808K, committed 72576K, reserved 1114112K
  class space    used 10047K, committed 10368K, reserved 1048576K
}
Event: 20.408 GC heap before
{Heap before GC invocations=35 (full 0):
 garbage-first heap   total 77824K, used 38709K [0x0000000084a00000, 0x0000000100000000)
  region size 1024K, 3 young (3072K), 1 survivors (1024K)
 Metaspace       used 71808K, committed 72576K, reserved 1114112K
  class space    used 10047K, committed 10368K, reserved 1048576K
}

