# JRE version: Java(TM) SE Runtime Environment (21.0.2+13) (build 21.0.2+13-LTS-58)
# Java VM: Java HotSpot(TM) 64-Bit Server VM (21.0.2+13-LTS-58, mixed mode, emulated-client, sharing, tiered, compressed oops, compressed class ptrs, g1 gc, windows-amd64)
GC Precious Log:
 CardTable entry size: 512
 Card Set container configuration: InlinePtr #cards 5 size 8 Array Of Cards #cards 12 size 40 Howl #buckets 4 coarsen threshold 1843 Howl Bitmap #cards 512 size 80 coarsen threshold 460 Card regions per heap region 1 cards per card region 2048
 CPUs: 16 total, 16 available
 Memory: 7893M
 Large Page Support: Disabled
 NUMA Support: Disabled
 Compressed Oops: Enabled (32-bit)
 Heap Region Size: 1M
 Heap Min Capacity: 8M
 Heap Initial Capacity: 124M
 Heap Max Capacity: 1974M
 Pre-touch: Disabled
 Parallel Workers: 13
 Concurrent Workers: 3
 Concurrent Refinement Workers: 13
 Periodic GC: Disabled
Heap:
 garbage-first heap   total 55296K, used 25943K [0x0000000084a00000, 0x0000000100000000)
  region size 1024K, 3 young (3072K), 3 survivors (3072K)
 Metaspace       used 47080K, committed 47616K, reserved 1114112K
  class space    used 6152K, committed 6400K, reserved 1048576K
GC Heap History (20 events):
Event: 7.829 GC heap after
{Heap after GC invocations=2 (full 0):
 garbage-first heap   total 126976K, used 10180K [0x0000000084a00000, 0x0000000100000000)
  region size 1024K, 2 young (2048K), 2 survivors (2048K)
 Metaspace       used 15428K, committed 15680K, reserved 1114112K
  class space    used 1814K, committed 1920K, reserved 1048576K
}
Event: 7.930 GC heap before
{Heap before GC invocations=2 (full 0):
 garbage-first heap   total 126976K, used 23492K [0x0000000084a00000, 0x0000000100000000)
  region size 1024K, 17 young (17408K), 2 survivors (2048K)
 Metaspace       used 18106K, committed 18432K, reserved 1114112K
  class space    used 2187K, committed 2304K, reserved 1048576K
}
Event: 7.933 GC heap after
{Heap after GC invocations=3 (full 0):
 garbage-first heap   total 126976K, used 10843K [0x0000000084a00000, 0x0000000100000000)
  region size 1024K, 3 young (3072K), 3 survivors (3072K)
 Metaspace       used 18106K, committed 18432K, reserved 1114112K
  class space    used 2187K, committed 2304K, reserved 1048576K
}
Event: 8.175 GC heap before
{Heap before GC invocations=4 (full 0):
 garbage-first heap   total 40960K, used 39515K [0x0000000084a00000, 0x0000000100000000)
  region size 1024K, 32 young (32768K), 3 survivors (3072K)
 Metaspace       used 23664K, committed 24000K, reserved 1114112K
  class space    used 2912K, committed 3072K, reserved 1048576K
}
Event: 8.179 GC heap after
{Heap after GC invocations=5 (full 0):
 garbage-first heap   total 46080K, used 12933K [0x0000000084a00000, 0x0000000100000000)
  region size 1024K, 5 young (5120K), 5 survivors (5120K)
 Metaspace       used 23664K, committed 24000K, reserved 1114112K
  class space    used 2912K, committed 3072K, reserved 1048576K
}
Event: 12.337 GC heap before
{Heap before GC invocations=5 (full 0):
 garbage-first heap   total 46080K, used 33413K [0x0000000084a00000, 0x0000000100000000)
  region size 1024K, 26 young (26624K), 5 survivors (5120K)
 Metaspace       used 25373K, committed 25664K, reserved 1114112K
  class space    used 3163K, committed 3264K, reserved 1048576K
}
Event: 12.342 GC heap after
{Heap after GC invocations=6 (full 0):
 garbage-first heap   total 46080K, used 14319K [0x0000000084a00000, 0x0000000100000000)
  region size 1024K, 4 young (4096K), 4 survivors (4096K)
 Metaspace       used 25373K, committed 25664K, reserved 1114112K
  class space    used 3163K, committed 3264K, reserved 1048576K
}
Event: 12.563 GC heap before
{Heap before GC invocations=6 (full 0):
 garbage-first heap   total 46080K, used 35823K [0x0000000084a00000, 0x0000000100000000)
  region size 1024K, 25 young (25600K), 4 survivors (4096K)
 Metaspace       used 27518K, committed 27840K, reserved 1114112K
  class space    used 3421K, committed 3584K, reserved 1048576K
}
Event: 12.570 GC heap after
{Heap after GC invocations=7 (full 0):
 garbage-first heap   total 46080K, used 16775K [0x0000000084a00000, 0x0000000100000000)
  region size 1024K, 3 young (3072K), 3 survivors (3072K)
 Metaspace       used 27518K, committed 27840K, reserved 1114112K
  class space    used 3421K, committed 3584K, reserved 1048576K
}
Event: 12.783 GC heap before
{Heap before GC invocations=7 (full 0):
 garbage-first heap   total 46080K, used 37255K [0x0000000084a00000, 0x0000000100000000)
  region size 1024K, 23 young (23552K), 3 survivors (3072K)
 Metaspace       used 29594K, committed 29888K, reserved 1114112K
  class space    used 3682K, committed 3840K, reserved 1048576K
}
Event: 12.788 GC heap after
{Heap after GC invocations=8 (full 0):
 garbage-first heap   total 46080K, used 17906K [0x0000000084a00000, 0x0000000100000000)
  region size 1024K, 2 young (2048K), 2 survivors (2048K)
 Metaspace       used 29594K, committed 29888K, reserved 1114112K
  class space    used 3682K, committed 3840K, reserved 1048576K
}
Event: 12.882 GC heap before
{Heap before GC invocations=8 (full 0):
 garbage-first heap   total 46080K, used 25074K [0x0000000084a00000, 0x0000000100000000)
  region size 1024K, 10 young (10240K), 2 survivors (2048K)
 Metaspace       used 30436K, committed 30720K, reserved 1114112K
  class space    used 3807K, committed 3904K, reserved 1048576K
}
Event: 12.886 GC heap after
{Heap after GC invocations=9 (full 0):
 garbage-first heap   total 55296K, used 18337K [0x0000000084a00000, 0x0000000100000000)
  region size 1024K, 2 young (2048K), 2 survivors (2048K)
 Metaspace       used 30436K, committed 30720K, reserved 1114112K
  class space    used 3807K, committed 3904K, reserved 1048576K
}
Event: 13.275 GC heap before
{Heap before GC invocations=10 (full 0):
 garbage-first heap   total 55296K, used 45985K [0x0000000084a00000, 0x0000000100000000)
  region size 1024K, 29 young (29696K), 2 survivors (2048K)
 Metaspace       used 33766K, committed 34176K, reserved 1114112K
  class space    used 4303K, committed 4480K, reserved 1048576K
}
Event: 13.281 GC heap after
{Heap after GC invocations=11 (full 0):
 garbage-first heap   total 55296K, used 20443K [0x0000000084a00000, 0x0000000100000000)
  region size 1024K, 4 young (4096K), 4 survivors (4096K)
 Metaspace       used 33766K, committed 34176K, reserved 1114112K
  class space    used 4303K, committed 4480K, reserved 1048576K
}
Event: 13.751 GC heap before
{Heap before GC invocations=11 (full 0):
 garbage-first heap   total 55296K, used 46043K [0x0000000084a00000, 0x0000000100000000)
  region size 1024K, 30 young (30720K), 4 survivors (4096K)
 Metaspace       used 37855K, committed 38400K, reserved 1114112K
  class space    used 4866K, committed 5120K, reserved 1048576K
}
Event: 13.758 GC heap after
{Heap after GC invocations=12 (full 0):
 garbage-first heap   total 55296K, used 22805K [0x0000000084a00000, 0x0000000100000000)
  region size 1024K, 3 young (3072K), 3 survivors (3072K)
 Metaspace       used 37855K, committed 38400K, reserved 1114112K
  class space    used 4866K, committed 5120K, reserved 1048576K
}
Event: 14.122 GC heap before
{Heap before GC invocations=12 (full 0):
 garbage-first heap   total 55296K, used 47381K [0x0000000084a00000, 0x0000000100000000)
  region size 1024K, 27 young (27648K), 3 survivors (3072K)
 Metaspace       used 41456K, committed 42048K, reserved 1114112K
  class space    used 5372K, committed 5632K, reserved 1048576K
}
Event: 14.129 GC heap after
{Heap after GC invocations=13 (full 0):
 garbage-first heap   total 55296K, used 24422K [0x0000000084a00000, 0x0000000100000000)
  region size 1024K, 2 young (2048K), 2 survivors (2048K)
 Metaspace       used 41456K, committed 42048K, reserved 1114112K
  class space    used 5372K, committed 5632K, reserved 1048576K
}
Event: 14.658 GC heap before
{Heap before GC invocations=13 (full 0):
 garbage-first heap   total 55296K, used 46950K [0x0000000084a00000, 0x0000000100000000)
  region size 1024K, 25 young (25600K), 2 survivors (2048K)
 Metaspace       used 47080K, committed 47616K, reserved 1114112K
  class space    used 6152K, committed 6400K, reserved 1048576K
}

