# JRE version: Java(TM) SE Runtime Environment (21.0.2+13) (build 21.0.2+13-LTS-58)
# Java VM: Java HotSpot(TM) 64-Bit Server VM (21.0.2+13-LTS-58, mixed mode, sharing, tiered, compressed oops, compressed class ptrs, g1 gc, windows-amd64)
GC Precious Log:
 CardTable entry size: 512
 Card Set container configuration: InlinePtr #cards 5 size 8 Array Of Cards #cards 12 size 40 Howl #buckets 4 coarsen threshold 1843 Howl Bitmap #cards 512 size 80 coarsen threshold 460 Card regions per heap region 1 cards per card region 2048
 CPUs: 16 total, 16 available
 Memory: 7893M
 Large Page Support: Disabled
 NUMA Support: Disabled
 Compressed Oops: Enabled (32-bit)
 Heap Region Size: 1M
 Heap Min Capacity: 8M
 Heap Initial Capacity: 124M
 Heap Max Capacity: 1974M
 Pre-touch: Disabled
 Parallel Workers: 13
 Concurrent Workers: 3
 Concurrent Refinement Workers: 13
 Periodic GC: Disabled
Heap:
 garbage-first heap   total 81920K, used 69291K [0x0000000084a00000, 0x0000000100000000)
  region size 1024K, 26 young (26624K), 3 survivors (3072K)
 Metaspace       used 41186K, committed 41600K, reserved 1114112K
  class space    used 4866K, committed 5056K, reserved 1048576K
GC Heap History (20 events):
Event: 5.114 GC heap before
{Heap before GC invocations=4 (full 0):
 garbage-first heap   total 58368K, used 56591K [0x0000000084a00000, 0x0000000100000000)
  region size 1024K, 46 young (47104K), 5 survivors (5120K)
 Metaspace       used 29496K, committed 29824K, reserved 1114112K
  class space    used 3497K, committed 3648K, reserved 1048576K
}
Event: 5.129 GC heap after
{Heap after GC invocations=5 (full 0):
 garbage-first heap   total 67584K, used 19523K [0x0000000084a00000, 0x0000000100000000)
  region size 1024K, 9 young (9216K), 9 survivors (9216K)
 Metaspace       used 29496K, committed 29824K, reserved 1114112K
  class space    used 3497K, committed 3648K, reserved 1048576K
}
Event: 6.154 GC heap before
{Heap before GC invocations=5 (full 0):
 garbage-first heap   total 67584K, used 48195K [0x0000000084a00000, 0x0000000100000000)
  region size 1024K, 38 young (38912K), 9 survivors (9216K)
 Metaspace       used 31299K, committed 31680K, reserved 1114112K
  class space    used 3751K, committed 3904K, reserved 1048576K
}
Event: 6.168 GC heap after
{Heap after GC invocations=6 (full 0):
 garbage-first heap   total 67584K, used 22919K [0x0000000084a00000, 0x0000000100000000)
  region size 1024K, 4 young (4096K), 4 survivors (4096K)
 Metaspace       used 31299K, committed 31680K, reserved 1114112K
  class space    used 3751K, committed 3904K, reserved 1048576K
}
Event: 7.073 GC heap before
{Heap before GC invocations=6 (full 0):
 garbage-first heap   total 67584K, used 51591K [0x0000000084a00000, 0x0000000100000000)
  region size 1024K, 33 young (33792K), 4 survivors (4096K)
 Metaspace       used 34313K, committed 34624K, reserved 1114112K
  class space    used 4102K, committed 4224K, reserved 1048576K
}
Event: 7.078 GC heap after
{Heap after GC invocations=7 (full 0):
 garbage-first heap   total 67584K, used 25570K [0x0000000084a00000, 0x0000000100000000)
  region size 1024K, 3 young (3072K), 3 survivors (3072K)
 Metaspace       used 34313K, committed 34624K, reserved 1114112K
  class space    used 4102K, committed 4224K, reserved 1048576K
}
Event: 7.289 GC heap before
{Heap before GC invocations=7 (full 0):
 garbage-first heap   total 67584K, used 35810K [0x0000000084a00000, 0x0000000100000000)
  region size 1024K, 14 young (14336K), 3 survivors (3072K)
 Metaspace       used 35666K, committed 35968K, reserved 1114112K
  class space    used 4249K, committed 4416K, reserved 1048576K
}
Event: 7.294 GC heap after
{Heap after GC invocations=8 (full 0):
 garbage-first heap   total 67584K, used 26415K [0x0000000084a00000, 0x0000000100000000)
  region size 1024K, 1 young (1024K), 1 survivors (1024K)
 Metaspace       used 35666K, committed 35968K, reserved 1114112K
  class space    used 4249K, committed 4416K, reserved 1048576K
}
Event: 7.963 GC heap before
{Heap before GC invocations=9 (full 0):
 garbage-first heap   total 67584K, used 56111K [0x0000000084a00000, 0x0000000100000000)
  region size 1024K, 30 young (30720K), 1 survivors (1024K)
 Metaspace       used 39077K, committed 39488K, reserved 1114112K
  class space    used 4660K, committed 4864K, reserved 1048576K
}
Event: 7.968 GC heap after
{Heap after GC invocations=10 (full 0):
 garbage-first heap   total 81920K, used 28366K [0x0000000084a00000, 0x0000000100000000)
  region size 1024K, 3 young (3072K), 3 survivors (3072K)
 Metaspace       used 39077K, committed 39488K, reserved 1114112K
  class space    used 4660K, committed 4864K, reserved 1048576K
}
Event: 9.623 GC heap before
{Heap before GC invocations=10 (full 0):
 garbage-first heap   total 81920K, used 69326K [0x0000000084a00000, 0x0000000100000000)
  region size 1024K, 44 young (45056K), 3 survivors (3072K)
 Metaspace       used 40717K, committed 41152K, reserved 1114112K
  class space    used 4863K, committed 5056K, reserved 1048576K
}
Event: 9.635 GC heap after
{Heap after GC invocations=11 (full 0):
 garbage-first heap   total 81920K, used 33278K [0x0000000084a00000, 0x0000000100000000)
  region size 1024K, 6 young (6144K), 6 survivors (6144K)
 Metaspace       used 40717K, committed 41152K, reserved 1114112K
  class space    used 4863K, committed 5056K, reserved 1048576K
}
Event: 10.008 GC heap before
{Heap before GC invocations=11 (full 0):
 garbage-first heap   total 81920K, used 69118K [0x0000000084a00000, 0x0000000100000000)
  region size 1024K, 41 young (41984K), 6 survivors (6144K)
 Metaspace       used 41022K, committed 41472K, reserved 1114112K
  class space    used 4865K, committed 5056K, reserved 1048576K
}
Event: 10.019 GC heap after
{Heap after GC invocations=12 (full 0):
 garbage-first heap   total 81920K, used 37217K [0x0000000084a00000, 0x0000000100000000)
  region size 1024K, 4 young (4096K), 4 survivors (4096K)
 Metaspace       used 41022K, committed 41472K, reserved 1114112K
  class space    used 4865K, committed 5056K, reserved 1048576K
}
Event: 10.321 GC heap before
{Heap before GC invocations=12 (full 0):
 garbage-first heap   total 81920K, used 69985K [0x0000000084a00000, 0x0000000100000000)
  region size 1024K, 36 young (36864K), 4 survivors (4096K)
 Metaspace       used 41046K, committed 41472K, reserved 1114112K
  class space    used 4865K, committed 5056K, reserved 1048576K
}
Event: 10.329 GC heap after
{Heap after GC invocations=13 (full 0):
 garbage-first heap   total 81920K, used 41206K [0x0000000084a00000, 0x0000000100000000)
  region size 1024K, 4 young (4096K), 4 survivors (4096K)
 Metaspace       used 41046K, committed 41472K, reserved 1114112K
  class space    used 4865K, committed 5056K, reserved 1048576K
}
Event: 10.530 GC heap before
{Heap before GC invocations=13 (full 0):
 garbage-first heap   total 81920K, used 70902K [0x0000000084a00000, 0x0000000100000000)
  region size 1024K, 33 young (33792K), 4 survivors (4096K)
 Metaspace       used 41113K, committed 41536K, reserved 1114112K
  class space    used 4865K, committed 5056K, reserved 1048576K
}
Event: 10.536 GC heap after
{Heap after GC invocations=14 (full 0):
 garbage-first heap   total 81920K, used 45111K [0x0000000084a00000, 0x0000000100000000)
  region size 1024K, 4 young (4096K), 4 survivors (4096K)
 Metaspace       used 41113K, committed 41536K, reserved 1114112K
  class space    used 4865K, committed 5056K, reserved 1048576K
}
Event: 10.756 GC heap before
{Heap before GC invocations=15 (full 0):
 garbage-first heap   total 81920K, used 70711K [0x0000000084a00000, 0x0000000100000000)
  region size 1024K, 30 young (30720K), 4 survivors (4096K)
 Metaspace       used 41135K, committed 41600K, reserved 1114112K
  class space    used 4866K, committed 5056K, reserved 1048576K
}
Event: 10.763 GC heap after
{Heap after GC invocations=16 (full 0):
 garbage-first heap   total 81920K, used 46763K [0x0000000084a00000, 0x0000000100000000)
  region size 1024K, 3 young (3072K), 3 survivors (3072K)
 Metaspace       used 41135K, committed 41600K, reserved 1114112K
  class space    used 4866K, committed 5056K, reserved 1048576K
}

