# JRE version: Java(TM) SE Runtime Environment (21.0.2+13) (build 21.0.2+13-LTS-58)
# Java VM: Java HotSpot(TM) 64-Bit Server VM (21.0.2+13-LTS-58, mixed mode, emulated-client, sharing, tiered, compressed oops, compressed class ptrs, g1 gc, windows-amd64)
GC Precious Log:
 CardTable entry size: 512
 Card Set container configuration: InlinePtr #cards 5 size 8 Array Of Cards #cards 12 size 40 Howl #buckets 4 coarsen threshold 1843 Howl Bitmap #cards 512 size 80 coarsen threshold 460 Card regions per heap region 1 cards per card region 2048
 CPUs: 16 total, 16 available
 Memory: 7893M
 Large Page Support: Disabled
 NUMA Support: Disabled
 Compressed Oops: Enabled (32-bit)
 Heap Region Size: 1M
 Heap Min Capacity: 8M
 Heap Initial Capacity: 124M
 Heap Max Capacity: 1974M
 Pre-touch: Disabled
 Parallel Workers: 13
 Concurrent Workers: 3
 Concurrent Refinement Workers: 13
 Periodic GC: Disabled
Heap:
 garbage-first heap   total 78848K, used 43449K [0x0000000084a00000, 0x0000000100000000)
  region size 1024K, 3 young (3072K), 3 survivors (3072K)
 Metaspace       used 77542K, committed 78336K, reserved 1179648K
  class space    used 10899K, committed 11264K, reserved 1048576K
GC Heap History (20 events):
Event: 10.584 GC heap after
{Heap after GC invocations=18 (full 0):
 garbage-first heap   total 78848K, used 32960K [0x0000000084a00000, 0x0000000100000000)
  region size 1024K, 2 young (2048K), 2 survivors (2048K)
 Metaspace       used 57777K, committed 58432K, reserved 1114112K
  class space    used 7658K, committed 7936K, reserved 1048576K
}
Event: 11.102 GC heap before
{Heap before GC invocations=18 (full 0):
 garbage-first heap   total 78848K, used 67776K [0x0000000084a00000, 0x0000000100000000)
  region size 1024K, 37 young (37888K), 2 survivors (2048K)
 Metaspace       used 64132K, committed 64768K, reserved 1114112K
  class space    used 8743K, committed 9024K, reserved 1048576K
}
Event: 11.107 GC heap after
{Heap after GC invocations=19 (full 0):
 garbage-first heap   total 78848K, used 33548K [0x0000000084a00000, 0x0000000100000000)
  region size 1024K, 2 young (2048K), 2 survivors (2048K)
 Metaspace       used 64132K, committed 64768K, reserved 1114112K
  class space    used 8743K, committed 9024K, reserved 1048576K
}
Event: 12.273 GC heap before
{Heap before GC invocations=19 (full 0):
 garbage-first heap   total 78848K, used 70412K [0x0000000084a00000, 0x0000000100000000)
  region size 1024K, 38 young (38912K), 2 survivors (2048K)
 Metaspace       used 64482K, committed 65152K, reserved 1114112K
  class space    used 8797K, committed 9088K, reserved 1048576K
}
Event: 12.277 GC heap after
{Heap after GC invocations=20 (full 0):
 garbage-first heap   total 78848K, used 34391K [0x0000000084a00000, 0x0000000100000000)
  region size 1024K, 3 young (3072K), 3 survivors (3072K)
 Metaspace       used 64482K, committed 65152K, reserved 1114112K
  class space    used 8797K, committed 9088K, reserved 1048576K
}
Event: 12.522 GC heap before
{Heap before GC invocations=20 (full 0):
 garbage-first heap   total 78848K, used 69207K [0x0000000084a00000, 0x0000000100000000)
  region size 1024K, 38 young (38912K), 3 survivors (3072K)
 Metaspace       used 66783K, committed 67456K, reserved 1114112K
  class space    used 9115K, committed 9408K, reserved 1048576K
}
Event: 12.526 GC heap after
{Heap after GC invocations=21 (full 0):
 garbage-first heap   total 78848K, used 34703K [0x0000000084a00000, 0x0000000100000000)
  region size 1024K, 3 young (3072K), 3 survivors (3072K)
 Metaspace       used 66783K, committed 67456K, reserved 1114112K
  class space    used 9115K, committed 9408K, reserved 1048576K
}
Event: 12.642 GC heap before
{Heap before GC invocations=21 (full 0):
 garbage-first heap   total 78848K, used 40847K [0x0000000084a00000, 0x0000000100000000)
  region size 1024K, 10 young (10240K), 3 survivors (3072K)
 Metaspace       used 67805K, committed 68480K, reserved 1114112K
  class space    used 9289K, committed 9600K, reserved 1048576K
}
Event: 12.647 GC heap after
{Heap after GC invocations=22 (full 0):
 garbage-first heap   total 78848K, used 35683K [0x0000000084a00000, 0x0000000100000000)
  region size 1024K, 3 young (3072K), 3 survivors (3072K)
 Metaspace       used 67805K, committed 68480K, reserved 1114112K
  class space    used 9289K, committed 9600K, reserved 1048576K
}
Event: 13.369 GC heap before
{Heap before GC invocations=23 (full 0):
 garbage-first heap   total 78848K, used 70499K [0x0000000084a00000, 0x0000000100000000)
  region size 1024K, 37 young (37888K), 3 survivors (3072K)
 Metaspace       used 70203K, committed 70976K, reserved 1114112K
  class space    used 9663K, committed 9984K, reserved 1048576K
}
Event: 13.375 GC heap after
{Heap after GC invocations=24 (full 0):
 garbage-first heap   total 78848K, used 37330K [0x0000000084a00000, 0x0000000100000000)
  region size 1024K, 4 young (4096K), 4 survivors (4096K)
 Metaspace       used 70203K, committed 70976K, reserved 1114112K
  class space    used 9663K, committed 9984K, reserved 1048576K
}
Event: 15.846 GC heap before
{Heap before GC invocations=24 (full 0):
 garbage-first heap   total 78848K, used 69074K [0x0000000084a00000, 0x0000000100000000)
  region size 1024K, 35 young (35840K), 4 survivors (4096K)
 Metaspace       used 73794K, committed 74496K, reserved 1114112K
  class space    used 10378K, committed 10688K, reserved 1048576K
}
Event: 15.856 GC heap after
{Heap after GC invocations=25 (full 0):
 garbage-first heap   total 78848K, used 39066K [0x0000000084a00000, 0x0000000100000000)
  region size 1024K, 5 young (5120K), 5 survivors (5120K)
 Metaspace       used 73794K, committed 74496K, reserved 1114112K
  class space    used 10378K, committed 10688K, reserved 1048576K
}
Event: 16.003 GC heap before
{Heap before GC invocations=25 (full 0):
 garbage-first heap   total 78848K, used 66714K [0x0000000084a00000, 0x0000000100000000)
  region size 1024K, 33 young (33792K), 5 survivors (5120K)
 Metaspace       used 75543K, committed 76224K, reserved 1179648K
  class space    used 10632K, committed 10944K, reserved 1048576K
}
Event: 16.010 GC heap after
{Heap after GC invocations=26 (full 0):
 garbage-first heap   total 78848K, used 39932K [0x0000000084a00000, 0x0000000100000000)
  region size 1024K, 4 young (4096K), 4 survivors (4096K)
 Metaspace       used 75543K, committed 76224K, reserved 1179648K
  class space    used 10632K, committed 10944K, reserved 1048576K
}
Event: 16.255 GC heap before
{Heap before GC invocations=27 (full 0):
 garbage-first heap   total 78848K, used 68604K [0x0000000084a00000, 0x0000000100000000)
  region size 1024K, 32 young (32768K), 4 survivors (4096K)
 Metaspace       used 76517K, committed 77184K, reserved 1179648K
  class space    used 10780K, committed 11072K, reserved 1048576K
}
Event: 16.258 GC heap after
{Heap after GC invocations=28 (full 0):
 garbage-first heap   total 78848K, used 41480K [0x0000000084a00000, 0x0000000100000000)
  region size 1024K, 3 young (3072K), 3 survivors (3072K)
 Metaspace       used 76517K, committed 77184K, reserved 1179648K
  class space    used 10780K, committed 11072K, reserved 1048576K
}
Event: 16.440 GC heap before
{Heap before GC invocations=28 (full 0):
 garbage-first heap   total 78848K, used 70152K [0x0000000084a00000, 0x0000000100000000)
  region size 1024K, 31 young (31744K), 3 survivors (3072K)
 Metaspace       used 77489K, committed 78272K, reserved 1179648K
  class space    used 10892K, committed 11264K, reserved 1048576K
}
Event: 16.444 GC heap after
{Heap after GC invocations=29 (full 0):
 garbage-first heap   total 78848K, used 42594K [0x0000000084a00000, 0x0000000100000000)
  region size 1024K, 3 young (3072K), 3 survivors (3072K)
 Metaspace       used 77489K, committed 78272K, reserved 1179648K
  class space    used 10892K, committed 11264K, reserved 1048576K
}
Event: 16.521 GC heap before
{Heap before GC invocations=29 (full 0):
 garbage-first heap   total 78848K, used 70242K [0x0000000084a00000, 0x0000000100000000)
  region size 1024K, 30 young (30720K), 3 survivors (3072K)
 Metaspace       used 77542K, committed 78336K, reserved 1179648K
  class space    used 10899K, committed 11264K, reserved 1048576K
}

