# JRE version: Java(TM) SE Runtime Environment (21.0.2+13) (build 21.0.2+13-LTS-58)
# Java VM: Java HotSpot(TM) 64-Bit Server VM (21.0.2+13-LTS-58, mixed mode, sharing, tiered, compressed oops, compressed class ptrs, g1 gc, windows-amd64)
GC Precious Log:
 CardTable entry size: 512
 Card Set container configuration: InlinePtr #cards 5 size 8 Array Of Cards #cards 12 size 40 Howl #buckets 4 coarsen threshold 1843 Howl Bitmap #cards 512 size 80 coarsen threshold 460 Card regions per heap region 1 cards per card region 2048
 CPUs: 16 total, 16 available
 Memory: 7893M
 Large Page Support: Disabled
 NUMA Support: Disabled
 Compressed Oops: Enabled (32-bit)
 Heap Region Size: 1M
 Heap Min Capacity: 8M
 Heap Initial Capacity: 124M
 Heap Max Capacity: 1G
 Pre-touch: Disabled
 Parallel Workers: 13
 Concurrent Workers: 3
 Concurrent Refinement Workers: 13
 Periodic GC: Disabled
Heap:
 garbage-first heap   total 290816K, used 240834K [0x00000000c0000000, 0x0000000100000000)
  region size 1024K, 163 young (166912K), 12 survivors (12288K)
 Metaspace       used 110963K, committed 112128K, reserved 1179648K
  class space    used 13838K, committed 14400K, reserved 1048576K
GC Heap History (20 events):
Event: 30.431 GC heap before
{Heap before GC invocations=84 (full 0):
 garbage-first heap   total 259072K, used 229591K [0x00000000c0000000, 0x0000000100000000)
  region size 1024K, 147 young (150528K), 14 survivors (14336K)
 Metaspace       used 108533K, committed 109696K, reserved 1179648K
  class space    used 13717K, committed 14272K, reserved 1048576K
}
Event: 30.440 GC heap after
{Heap after GC invocations=85 (full 0):
 garbage-first heap   total 259072K, used 98554K [0x00000000c0000000, 0x0000000100000000)
  region size 1024K, 10 young (10240K), 10 survivors (10240K)
 Metaspace       used 108533K, committed 109696K, reserved 1179648K
  class space    used 13717K, committed 14272K, reserved 1048576K
}
Event: 31.201 GC heap before
{Heap before GC invocations=86 (full 0):
 garbage-first heap   total 259072K, used 232698K [0x00000000c0000000, 0x0000000100000000)
  region size 1024K, 142 young (145408K), 10 survivors (10240K)
 Metaspace       used 108775K, committed 109888K, reserved 1179648K
  class space    used 13724K, committed 14272K, reserved 1048576K
}
Event: 31.209 GC heap after
{Heap after GC invocations=87 (full 0):
 garbage-first heap   total 259072K, used 106132K [0x00000000c0000000, 0x0000000100000000)
  region size 1024K, 18 young (18432K), 18 survivors (18432K)
 Metaspace       used 108775K, committed 109888K, reserved 1179648K
  class space    used 13724K, committed 14272K, reserved 1048576K
}
Event: 31.365 GC heap before
{Heap before GC invocations=87 (full 0):
 garbage-first heap   total 259072K, used 225940K [0x00000000c0000000, 0x0000000100000000)
  region size 1024K, 135 young (138240K), 18 survivors (18432K)
 Metaspace       used 109164K, committed 110272K, reserved 1179648K
  class space    used 13745K, committed 14272K, reserved 1048576K
}
Event: 31.379 GC heap after
{Heap after GC invocations=88 (full 0):
 garbage-first heap   total 259072K, used 95232K [0x00000000c0000000, 0x0000000100000000)
  region size 1024K, 5 young (5120K), 5 survivors (5120K)
 Metaspace       used 109164K, committed 110272K, reserved 1179648K
  class space    used 13745K, committed 14272K, reserved 1048576K
}
Event: 31.921 GC heap before
{Heap before GC invocations=88 (full 0):
 garbage-first heap   total 259072K, used 235520K [0x00000000c0000000, 0x0000000100000000)
  region size 1024K, 142 young (145408K), 5 survivors (5120K)
 Metaspace       used 109309K, committed 110464K, reserved 1179648K
  class space    used 13753K, committed 14336K, reserved 1048576K
}
Event: 31.928 GC heap after
{Heap after GC invocations=89 (full 0):
 garbage-first heap   total 259072K, used 100816K [0x00000000c0000000, 0x0000000100000000)
  region size 1024K, 11 young (11264K), 11 survivors (11264K)
 Metaspace       used 109309K, committed 110464K, reserved 1179648K
  class space    used 13753K, committed 14336K, reserved 1048576K
}
Event: 32.283 GC heap before
{Heap before GC invocations=90 (full 0):
 garbage-first heap   total 259072K, used 227792K [0x00000000c0000000, 0x0000000100000000)
  region size 1024K, 140 young (143360K), 11 survivors (11264K)
 Metaspace       used 109721K, committed 110912K, reserved 1179648K
  class space    used 13774K, committed 14336K, reserved 1048576K
}
Event: 32.289 GC heap after
{Heap after GC invocations=91 (full 0):
 garbage-first heap   total 259072K, used 102400K [0x00000000c0000000, 0x0000000100000000)
  region size 1024K, 17 young (17408K), 17 survivors (17408K)
 Metaspace       used 109721K, committed 110912K, reserved 1179648K
  class space    used 13774K, committed 14336K, reserved 1048576K
}
Event: 32.489 GC heap before
{Heap before GC invocations=91 (full 0):
 garbage-first heap   total 259072K, used 227328K [0x00000000c0000000, 0x0000000100000000)
  region size 1024K, 139 young (142336K), 17 survivors (17408K)
 Metaspace       used 109891K, committed 111040K, reserved 1179648K
  class space    used 13781K, committed 14336K, reserved 1048576K
}
Event: 32.500 GC heap after
{Heap after GC invocations=92 (full 0):
 garbage-first heap   total 259072K, used 81161K [0x00000000c0000000, 0x0000000100000000)
  region size 1024K, 13 young (13312K), 13 survivors (13312K)
 Metaspace       used 109891K, committed 111040K, reserved 1179648K
  class space    used 13781K, committed 14336K, reserved 1048576K
}
Event: 33.116 GC heap before
{Heap before GC invocations=92 (full 0):
 garbage-first heap   total 259072K, used 222473K [0x00000000c0000000, 0x0000000100000000)
  region size 1024K, 151 young (154624K), 13 survivors (13312K)
 Metaspace       used 109997K, committed 111168K, reserved 1179648K
  class space    used 13783K, committed 14336K, reserved 1048576K
}
Event: 33.127 GC heap after
{Heap after GC invocations=93 (full 0):
 garbage-first heap   total 290816K, used 85993K [0x00000000c0000000, 0x0000000100000000)
  region size 1024K, 14 young (14336K), 14 survivors (14336K)
 Metaspace       used 109997K, committed 111168K, reserved 1179648K
  class space    used 13783K, committed 14336K, reserved 1048576K
}
Event: 33.400 GC heap before
{Heap before GC invocations=93 (full 0):
 garbage-first heap   total 290816K, used 245737K [0x00000000c0000000, 0x0000000100000000)
  region size 1024K, 170 young (174080K), 14 survivors (14336K)
 Metaspace       used 110372K, committed 111488K, reserved 1179648K
  class space    used 13811K, committed 14336K, reserved 1048576K
}
Event: 33.407 GC heap after
{Heap after GC invocations=94 (full 0):
 garbage-first heap   total 290816K, used 92036K [0x00000000c0000000, 0x0000000100000000)
  region size 1024K, 15 young (15360K), 15 survivors (15360K)
 Metaspace       used 110372K, committed 111488K, reserved 1179648K
  class space    used 13811K, committed 14336K, reserved 1048576K
}
Event: 34.013 GC heap before
{Heap before GC invocations=94 (full 0):
 garbage-first heap   total 290816K, used 250756K [0x00000000c0000000, 0x0000000100000000)
  region size 1024K, 170 young (174080K), 15 survivors (15360K)
 Metaspace       used 110452K, committed 111552K, reserved 1179648K
  class space    used 13811K, committed 14336K, reserved 1048576K
}
Event: 34.016 GC heap after
{Heap after GC invocations=95 (full 0):
 garbage-first heap   total 290816K, used 84772K [0x00000000c0000000, 0x0000000100000000)
  region size 1024K, 5 young (5120K), 5 survivors (5120K)
 Metaspace       used 110452K, committed 111552K, reserved 1179648K
  class space    used 13811K, committed 14336K, reserved 1048576K
}
Event: 34.410 GC heap before
{Heap before GC invocations=95 (full 0):
 garbage-first heap   total 290816K, used 253732K [0x00000000c0000000, 0x0000000100000000)
  region size 1024K, 170 young (174080K), 5 survivors (5120K)
 Metaspace       used 110911K, committed 112064K, reserved 1179648K
  class space    used 13838K, committed 14400K, reserved 1048576K
}
Event: 34.416 GC heap after
{Heap after GC invocations=96 (full 0):
 garbage-first heap   total 290816K, used 91330K [0x00000000c0000000, 0x0000000100000000)
  region size 1024K, 12 young (12288K), 12 survivors (12288K)
 Metaspace       used 110911K, committed 112064K, reserved 1179648K
  class space    used 13838K, committed 14400K, reserved 1048576K
}

