# JRE version: Java(TM) SE Runtime Environment (21.0.2+13) (build 21.0.2+13-LTS-58)
# Java VM: Java HotSpot(TM) 64-Bit Server VM (21.0.2+13-LTS-58, mixed mode, sharing, tiered, compressed oops, compressed class ptrs, g1 gc, windows-amd64)
GC Precious Log:
 CardTable entry size: 512
 Card Set container configuration: InlinePtr #cards 5 size 8 Array Of Cards #cards 12 size 40 Howl #buckets 4 coarsen threshold 1843 Howl Bitmap #cards 512 size 80 coarsen threshold 460 Card regions per heap region 1 cards per card region 2048
 CPUs: 16 total, 16 available
 Memory: 7893M
 Large Page Support: Disabled
 NUMA Support: Disabled
 Compressed Oops: Enabled (32-bit)
 Heap Region Size: 1M
 Heap Min Capacity: 8M
 Heap Initial Capacity: 124M
 Heap Max Capacity: 1974M
 Pre-touch: Disabled
 Parallel Workers: 13
 Concurrent Workers: 3
 Concurrent Refinement Workers: 13
 Periodic GC: Disabled
Heap:
 garbage-first heap   total 361472K, used 76892K [0x0000000084a00000, 0x0000000100000000)
  region size 1024K, 5 young (5120K), 4 survivors (4096K)
 Metaspace       used 137900K, committed 139072K, reserved 1179648K
  class space    used 14671K, committed 15232K, reserved 1048576K
GC Heap History (20 events):
Event: 141.297 GC heap before
{Heap before GC invocations=123 (full 0):
 garbage-first heap   total 301056K, used 254879K [0x0000000084a00000, 0x0000000100000000)
  region size 1024K, 176 young (180224K), 13 survivors (13312K)
 Metaspace       used 135464K, committed 136576K, reserved 1179648K
  class space    used 14498K, committed 15040K, reserved 1048576K
}
Event: 141.302 GC heap after
{Heap after GC invocations=124 (full 0):
 garbage-first heap   total 301056K, used 78516K [0x0000000084a00000, 0x0000000100000000)
  region size 1024K, 3 young (3072K), 3 survivors (3072K)
 Metaspace       used 135464K, committed 136576K, reserved 1179648K
  class space    used 14498K, committed 15040K, reserved 1048576K
}
Event: 142.458 GC heap before
{Heap before GC invocations=124 (full 0):
 garbage-first heap   total 301056K, used 255668K [0x0000000084a00000, 0x0000000100000000)
  region size 1024K, 176 young (180224K), 3 survivors (3072K)
 Metaspace       used 135834K, committed 137024K, reserved 1179648K
  class space    used 14527K, committed 15104K, reserved 1048576K
}
Event: 142.490 GC heap after
{Heap after GC invocations=125 (full 0):
 garbage-first heap   total 301056K, used 84901K [0x0000000084a00000, 0x0000000100000000)
  region size 1024K, 12 young (12288K), 12 survivors (12288K)
 Metaspace       used 135834K, committed 137024K, reserved 1179648K
  class space    used 14527K, committed 15104K, reserved 1048576K
}
Event: 143.238 GC heap before
{Heap before GC invocations=125 (full 0):
 garbage-first heap   total 301056K, used 252837K [0x0000000084a00000, 0x0000000100000000)
  region size 1024K, 176 young (180224K), 12 survivors (12288K)
 Metaspace       used 135884K, committed 137024K, reserved 1179648K
  class space    used 14530K, committed 15104K, reserved 1048576K
}
Event: 143.252 GC heap after
{Heap after GC invocations=126 (full 0):
 garbage-first heap   total 301056K, used 90104K [0x0000000084a00000, 0x0000000100000000)
  region size 1024K, 17 young (17408K), 17 survivors (17408K)
 Metaspace       used 135884K, committed 137024K, reserved 1179648K
  class space    used 14530K, committed 15104K, reserved 1048576K
}
Event: 146.310 GC heap before
{Heap before GC invocations=126 (full 0):
 garbage-first heap   total 301056K, used 252920K [0x0000000084a00000, 0x0000000100000000)
  region size 1024K, 176 young (180224K), 17 survivors (17408K)
 Metaspace       used 136256K, committed 137472K, reserved 1179648K
  class space    used 14559K, committed 15104K, reserved 1048576K
}
Event: 146.321 GC heap after
{Heap after GC invocations=127 (full 0):
 garbage-first heap   total 301056K, used 82948K [0x0000000084a00000, 0x0000000100000000)
  region size 1024K, 10 young (10240K), 10 survivors (10240K)
 Metaspace       used 136256K, committed 137472K, reserved 1179648K
  class space    used 14559K, committed 15104K, reserved 1048576K
}
Event: 146.924 GC heap before
{Heap before GC invocations=127 (full 0):
 garbage-first heap   total 301056K, used 252932K [0x0000000084a00000, 0x0000000100000000)
  region size 1024K, 176 young (180224K), 10 survivors (10240K)
 Metaspace       used 136323K, committed 137536K, reserved 1179648K
  class space    used 14566K, committed 15104K, reserved 1048576K
}
Event: 146.938 GC heap after
{Heap after GC invocations=128 (full 0):
 garbage-first heap   total 301056K, used 88288K [0x0000000084a00000, 0x0000000100000000)
  region size 1024K, 15 young (15360K), 15 survivors (15360K)
 Metaspace       used 136323K, committed 137536K, reserved 1179648K
  class space    used 14566K, committed 15104K, reserved 1048576K
}
Event: 150.231 GC heap before
{Heap before GC invocations=128 (full 0):
 garbage-first heap   total 301056K, used 253152K [0x0000000084a00000, 0x0000000100000000)
  region size 1024K, 176 young (180224K), 15 survivors (15360K)
 Metaspace       used 136582K, committed 137728K, reserved 1179648K
  class space    used 14582K, committed 15104K, reserved 1048576K
}
Event: 150.243 GC heap after
{Heap after GC invocations=129 (full 0):
 garbage-first heap   total 361472K, used 83024K [0x0000000084a00000, 0x0000000100000000)
  region size 1024K, 10 young (10240K), 10 survivors (10240K)
 Metaspace       used 136582K, committed 137728K, reserved 1179648K
  class space    used 14582K, committed 15104K, reserved 1048576K
}
Event: 150.947 GC heap before
{Heap before GC invocations=129 (full 0):
 garbage-first heap   total 361472K, used 288848K [0x0000000084a00000, 0x0000000100000000)
  region size 1024K, 211 young (216064K), 10 survivors (10240K)
 Metaspace       used 136834K, committed 137984K, reserved 1179648K
  class space    used 14596K, committed 15104K, reserved 1048576K
}
Event: 150.963 GC heap after
{Heap after GC invocations=130 (full 0):
 garbage-first heap   total 361472K, used 88377K [0x0000000084a00000, 0x0000000100000000)
  region size 1024K, 15 young (15360K), 15 survivors (15360K)
 Metaspace       used 136834K, committed 137984K, reserved 1179648K
  class space    used 14596K, committed 15104K, reserved 1048576K
}
Event: 153.135 GC heap before
{Heap before GC invocations=130 (full 0):
 garbage-first heap   total 361472K, used 289081K [0x0000000084a00000, 0x0000000100000000)
  region size 1024K, 211 young (216064K), 15 survivors (15360K)
 Metaspace       used 137234K, committed 138432K, reserved 1179648K
  class space    used 14617K, committed 15168K, reserved 1048576K
}
Event: 153.147 GC heap after
{Heap after GC invocations=131 (full 0):
 garbage-first heap   total 361472K, used 83032K [0x0000000084a00000, 0x0000000100000000)
  region size 1024K, 10 young (10240K), 10 survivors (10240K)
 Metaspace       used 137234K, committed 138432K, reserved 1179648K
  class space    used 14617K, committed 15168K, reserved 1048576K
}
Event: 154.511 GC heap before
{Heap before GC invocations=131 (full 0):
 garbage-first heap   total 361472K, used 288856K [0x0000000084a00000, 0x0000000100000000)
  region size 1024K, 211 young (216064K), 10 survivors (10240K)
 Metaspace       used 137315K, committed 138496K, reserved 1179648K
  class space    used 14624K, committed 15168K, reserved 1048576K
}
Event: 154.525 GC heap after
{Heap after GC invocations=132 (full 0):
 garbage-first heap   total 361472K, used 91062K [0x0000000084a00000, 0x0000000100000000)
  region size 1024K, 18 young (18432K), 18 survivors (18432K)
 Metaspace       used 137315K, committed 138496K, reserved 1179648K
  class space    used 14624K, committed 15168K, reserved 1048576K
}
Event: 157.923 GC heap before
{Heap before GC invocations=132 (full 0):
 garbage-first heap   total 361472K, used 287670K [0x0000000084a00000, 0x0000000100000000)
  region size 1024K, 211 young (216064K), 18 survivors (18432K)
 Metaspace       used 137771K, committed 138944K, reserved 1179648K
  class space    used 14664K, committed 15232K, reserved 1048576K
}
Event: 157.934 GC heap after
{Heap after GC invocations=133 (full 0):
 garbage-first heap   total 361472K, used 85226K [0x0000000084a00000, 0x0000000100000000)
  region size 1024K, 12 young (12288K), 12 survivors (12288K)
 Metaspace       used 137771K, committed 138944K, reserved 1179648K
  class space    used 14664K, committed 15232K, reserved 1048576K
}

