# JRE version: Java(TM) SE Runtime Environment (21.0.2+13) (build 21.0.2+13-LTS-58)
# Java VM: Java HotSpot(TM) 64-Bit Server VM (21.0.2+13-LTS-58, mixed mode, sharing, tiered, compressed oops, compressed class ptrs, g1 gc, windows-amd64)
GC Precious Log:
 CardTable entry size: 512
 Card Set container configuration: InlinePtr #cards 5 size 8 Array Of Cards #cards 12 size 40 Howl #buckets 4 coarsen threshold 1843 Howl Bitmap #cards 512 size 80 coarsen threshold 460 Card regions per heap region 1 cards per card region 2048
 CPUs: 16 total, 16 available
 Memory: 7893M
 Large Page Support: Disabled
 NUMA Support: Disabled
 Compressed Oops: Enabled (32-bit)
 Heap Region Size: 1M
 Heap Min Capacity: 8M
 Heap Initial Capacity: 124M
 Heap Max Capacity: 1974M
 Pre-touch: Disabled
 Parallel Workers: 13
 Concurrent Workers: 3
 Concurrent Refinement Workers: 13
 Periodic GC: Disabled
Heap:
 garbage-first heap   total 118784K, used 70546K [0x0000000084a00000, 0x0000000100000000)
  region size 1024K, 23 young (23552K), 8 survivors (8192K)
 Metaspace       used 92068K, committed 92928K, reserved 1179648K
  class space    used 11984K, committed 12416K, reserved 1048576K
GC Heap History (20 events):
Event: 20.015 GC heap before
{Heap before GC invocations=18 (full 0):
 garbage-first heap   total 81920K, used 72711K [0x0000000084a00000, 0x0000000100000000)
  region size 1024K, 39 young (39936K), 3 survivors (3072K)
 Metaspace       used 74705K, committed 75328K, reserved 1179648K
  class space    used 9531K, committed 9792K, reserved 1048576K
}
Event: 20.031 GC heap after
{Heap after GC invocations=19 (full 0):
 garbage-first heap   total 81920K, used 39827K [0x0000000084a00000, 0x0000000100000000)
  region size 1024K, 5 young (5120K), 5 survivors (5120K)
 Metaspace       used 74705K, committed 75328K, reserved 1179648K
  class space    used 9531K, committed 9792K, reserved 1048576K
}
Event: 20.966 GC heap before
{Heap before GC invocations=20 (full 0):
 garbage-first heap   total 81920K, used 72595K [0x0000000084a00000, 0x0000000100000000)
  region size 1024K, 37 young (37888K), 5 survivors (5120K)
 Metaspace       used 78132K, committed 78720K, reserved 1179648K
  class space    used 10243K, committed 10496K, reserved 1048576K
}
Event: 20.982 GC heap after
{Heap after GC invocations=21 (full 0):
 garbage-first heap   total 81920K, used 42864K [0x0000000084a00000, 0x0000000100000000)
  region size 1024K, 3 young (3072K), 3 survivors (3072K)
 Metaspace       used 78132K, committed 78720K, reserved 1179648K
  class space    used 10243K, committed 10496K, reserved 1048576K
}
Event: 21.431 GC heap before
{Heap before GC invocations=21 (full 0):
 garbage-first heap   total 81920K, used 73584K [0x0000000084a00000, 0x0000000100000000)
  region size 1024K, 34 young (34816K), 3 survivors (3072K)
 Metaspace       used 80294K, committed 80960K, reserved 1179648K
  class space    used 10538K, committed 10816K, reserved 1048576K
}
Event: 21.441 GC heap after
{Heap after GC invocations=22 (full 0):
 garbage-first heap   total 98304K, used 43328K [0x0000000084a00000, 0x0000000100000000)
  region size 1024K, 4 young (4096K), 4 survivors (4096K)
 Metaspace       used 80294K, committed 80960K, reserved 1179648K
  class space    used 10538K, committed 10816K, reserved 1048576K
}
Event: 22.200 GC heap before
{Heap before GC invocations=22 (full 0):
 garbage-first heap   total 98304K, used 87360K [0x0000000084a00000, 0x0000000100000000)
  region size 1024K, 47 young (48128K), 4 survivors (4096K)
 Metaspace       used 81892K, committed 82560K, reserved 1179648K
  class space    used 10718K, committed 11008K, reserved 1048576K
}
Event: 22.210 GC heap after
{Heap after GC invocations=23 (full 0):
 garbage-first heap   total 98304K, used 45846K [0x0000000084a00000, 0x0000000100000000)
  region size 1024K, 4 young (4096K), 4 survivors (4096K)
 Metaspace       used 81892K, committed 82560K, reserved 1179648K
  class space    used 10718K, committed 11008K, reserved 1048576K
}
Event: 22.649 GC heap before
{Heap before GC invocations=23 (full 0):
 garbage-first heap   total 98304K, used 86806K [0x0000000084a00000, 0x0000000100000000)
  region size 1024K, 44 young (45056K), 4 survivors (4096K)
 Metaspace       used 82353K, committed 83008K, reserved 1179648K
  class space    used 10753K, committed 11072K, reserved 1048576K
}
Event: 22.657 GC heap after
{Heap after GC invocations=24 (full 0):
 garbage-first heap   total 98304K, used 46807K [0x0000000084a00000, 0x0000000100000000)
  region size 1024K, 4 young (4096K), 4 survivors (4096K)
 Metaspace       used 82353K, committed 83008K, reserved 1179648K
  class space    used 10753K, committed 11072K, reserved 1048576K
}
Event: 22.739 GC heap before
{Heap before GC invocations=24 (full 0):
 garbage-first heap   total 98304K, used 86743K [0x0000000084a00000, 0x0000000100000000)
  region size 1024K, 43 young (44032K), 4 survivors (4096K)
 Metaspace       used 82443K, committed 83072K, reserved 1179648K
  class space    used 10760K, committed 11072K, reserved 1048576K
}
Event: 22.747 GC heap after
{Heap after GC invocations=25 (full 0):
 garbage-first heap   total 98304K, used 48417K [0x0000000084a00000, 0x0000000100000000)
  region size 1024K, 3 young (3072K), 3 survivors (3072K)
 Metaspace       used 82443K, committed 83072K, reserved 1179648K
  class space    used 10760K, committed 11072K, reserved 1048576K
}
Event: 22.887 GC heap before
{Heap before GC invocations=26 (full 0):
 garbage-first heap   total 98304K, used 88353K [0x0000000084a00000, 0x0000000100000000)
  region size 1024K, 42 young (43008K), 3 survivors (3072K)
 Metaspace       used 82637K, committed 83328K, reserved 1179648K
  class space    used 10773K, committed 11072K, reserved 1048576K
}
Event: 22.892 GC heap after
{Heap after GC invocations=27 (full 0):
 garbage-first heap   total 98304K, used 49061K [0x0000000084a00000, 0x0000000100000000)
  region size 1024K, 4 young (4096K), 4 survivors (4096K)
 Metaspace       used 82637K, committed 83328K, reserved 1179648K
  class space    used 10773K, committed 11072K, reserved 1048576K
}
Event: 23.048 GC heap before
{Heap before GC invocations=27 (full 0):
 garbage-first heap   total 98304K, used 86949K [0x0000000084a00000, 0x0000000100000000)
  region size 1024K, 41 young (41984K), 4 survivors (4096K)
 Metaspace       used 83270K, committed 83968K, reserved 1179648K
  class space    used 10812K, committed 11136K, reserved 1048576K
}
Event: 23.055 GC heap after
{Heap after GC invocations=28 (full 0):
 garbage-first heap   total 118784K, used 49734K [0x0000000084a00000, 0x0000000100000000)
  region size 1024K, 4 young (4096K), 4 survivors (4096K)
 Metaspace       used 83270K, committed 83968K, reserved 1179648K
  class space    used 10812K, committed 11136K, reserved 1048576K
}
Event: 23.465 GC heap before
{Heap before GC invocations=28 (full 0):
 garbage-first heap   total 118784K, used 106054K [0x0000000084a00000, 0x0000000100000000)
  region size 1024K, 59 young (60416K), 4 survivors (4096K)
 Metaspace       used 85766K, committed 86528K, reserved 1179648K
  class space    used 11086K, committed 11456K, reserved 1048576K
}
Event: 23.473 GC heap after
{Heap after GC invocations=29 (full 0):
 garbage-first heap   total 118784K, used 52508K [0x0000000084a00000, 0x0000000100000000)
  region size 1024K, 6 young (6144K), 6 survivors (6144K)
 Metaspace       used 85766K, committed 86528K, reserved 1179648K
  class space    used 11086K, committed 11456K, reserved 1048576K
}
Event: 24.173 GC heap before
{Heap before GC invocations=29 (full 0):
 garbage-first heap   total 118784K, used 104732K [0x0000000084a00000, 0x0000000100000000)
  region size 1024K, 57 young (58368K), 6 survivors (6144K)
 Metaspace       used 90431K, committed 91264K, reserved 1179648K
  class space    used 11720K, committed 12096K, reserved 1048576K
}
Event: 24.186 GC heap after
{Heap after GC invocations=30 (full 0):
 garbage-first heap   total 118784K, used 56210K [0x0000000084a00000, 0x0000000100000000)
  region size 1024K, 8 young (8192K), 8 survivors (8192K)
 Metaspace       used 90431K, committed 91264K, reserved 1179648K
  class space    used 11720K, committed 12096K, reserved 1048576K
}

