# JRE version: Java(TM) SE Runtime Environment (21.0.2+13) (build 21.0.2+13-LTS-58)
# Java VM: Java HotSpot(TM) 64-Bit Server VM (21.0.2+13-LTS-58, mixed mode, emulated-client, sharing, tiered, compressed oops, compressed class ptrs, g1 gc, windows-amd64)
GC Precious Log:
 CardTable entry size: 512
 Card Set container configuration: InlinePtr #cards 5 size 8 Array Of Cards #cards 12 size 40 Howl #buckets 4 coarsen threshold 1843 Howl Bitmap #cards 512 size 80 coarsen threshold 460 Card regions per heap region 1 cards per card region 2048
 CPUs: 16 total, 16 available
 Memory: 7893M
 Large Page Support: Disabled
 NUMA Support: Disabled
 Compressed Oops: Enabled (32-bit)
 Heap Region Size: 1M
 Heap Min Capacity: 8M
 Heap Initial Capacity: 124M
 Heap Max Capacity: 1974M
 Pre-touch: Disabled
 Parallel Workers: 13
 Concurrent Workers: 3
 Concurrent Refinement Workers: 13
 Periodic GC: Disabled
Heap:
 garbage-first heap   total 57344K, used 17500K [0x0000000084a00000, 0x0000000100000000)
  region size 1024K, 2 young (2048K), 2 survivors (2048K)
 Metaspace       used 29090K, committed 29504K, reserved 1114112K
  class space    used 3657K, committed 3840K, reserved 1048576K
GC Heap History (13 events):
Event: 3.717 GC heap before
{Heap before GC invocations=0 (full 0):
 garbage-first heap   total 126976K, used 23552K [0x0000000084a00000, 0x0000000100000000)
  region size 1024K, 23 young (23552K), 0 survivors (0K)
 Metaspace       used 8971K, committed 9216K, reserved 1114112K
  class space    used 933K, committed 1024K, reserved 1048576K
}
Event: 3.734 GC heap after
{Heap after GC invocations=1 (full 0):
 garbage-first heap   total 126976K, used 6872K [0x0000000084a00000, 0x0000000100000000)
  region size 1024K, 3 young (3072K), 3 survivors (3072K)
 Metaspace       used 8971K, committed 9216K, reserved 1114112K
  class space    used 933K, committed 1024K, reserved 1048576K
}
Event: 4.901 GC heap before
{Heap before GC invocations=1 (full 0):
 garbage-first heap   total 126976K, used 34520K [0x0000000084a00000, 0x0000000100000000)
  region size 1024K, 31 young (31744K), 3 survivors (3072K)
 Metaspace       used 16166K, committed 16576K, reserved 1114112K
  class space    used 1934K, committed 2112K, reserved 1048576K
}
Event: 4.908 GC heap after
{Heap after GC invocations=2 (full 0):
 garbage-first heap   total 126976K, used 10185K [0x0000000084a00000, 0x0000000100000000)
  region size 1024K, 4 young (4096K), 4 survivors (4096K)
 Metaspace       used 16166K, committed 16576K, reserved 1114112K
  class space    used 1934K, committed 2112K, reserved 1048576K
}
Event: 5.285 GC heap before
{Heap before GC invocations=2 (full 0):
 garbage-first heap   total 126976K, used 36809K [0x0000000084a00000, 0x0000000100000000)
  region size 1024K, 32 young (32768K), 4 survivors (4096K)
 Metaspace       used 21173K, committed 21504K, reserved 1114112K
  class space    used 2694K, committed 2880K, reserved 1048576K
}
Event: 5.290 GC heap after
{Heap after GC invocations=3 (full 0):
 garbage-first heap   total 126976K, used 11774K [0x0000000084a00000, 0x0000000100000000)
  region size 1024K, 5 young (5120K), 5 survivors (5120K)
 Metaspace       used 21173K, committed 21504K, reserved 1114112K
  class space    used 2694K, committed 2880K, reserved 1048576K
}
Event: 8.026 GC heap before
{Heap before GC invocations=4 (full 0):
 garbage-first heap   total 48128K, used 46590K [0x0000000084a00000, 0x0000000100000000)
  region size 1024K, 40 young (40960K), 5 survivors (5120K)
 Metaspace       used 25892K, committed 26240K, reserved 1114112K
  class space    used 3261K, committed 3456K, reserved 1048576K
}
Event: 9.065 GC heap after
{Heap after GC invocations=5 (full 0):
 garbage-first heap   total 57344K, used 15697K [0x0000000084a00000, 0x0000000100000000)
  region size 1024K, 9 young (9216K), 9 survivors (9216K)
 Metaspace       used 25892K, committed 26240K, reserved 1114112K
  class space    used 3261K, committed 3456K, reserved 1048576K
}
Event: 9.091 GC heap before
{Heap before GC invocations=5 (full 0):
 garbage-first heap   total 57344K, used 16721K [0x0000000084a00000, 0x0000000100000000)
  region size 1024K, 10 young (10240K), 9 survivors (9216K)
 Metaspace       used 25893K, committed 26240K, reserved 1114112K
  class space    used 3261K, committed 3456K, reserved 1048576K
}
Event: 9.100 GC heap after
{Heap after GC invocations=6 (full 0):
 garbage-first heap   total 57344K, used 15360K [0x0000000084a00000, 0x0000000100000000)
  region size 1024K, 1 young (1024K), 1 survivors (1024K)
 Metaspace       used 25893K, committed 26240K, reserved 1114112K
  class space    used 3261K, committed 3456K, reserved 1048576K
}
Event: 9.376 GC heap before
{Heap before GC invocations=6 (full 0):
 garbage-first heap   total 57344K, used 29696K [0x0000000084a00000, 0x0000000100000000)
  region size 1024K, 16 young (16384K), 1 survivors (1024K)
 Metaspace       used 27542K, committed 27968K, reserved 1114112K
  class space    used 3436K, committed 3648K, reserved 1048576K
}
Event: 9.379 GC heap after
{Heap after GC invocations=7 (full 0):
 garbage-first heap   total 57344K, used 16191K [0x0000000084a00000, 0x0000000100000000)
  region size 1024K, 2 young (2048K), 2 survivors (2048K)
 Metaspace       used 27542K, committed 27968K, reserved 1114112K
  class space    used 3436K, committed 3648K, reserved 1048576K
}
Event: 9.720 GC heap before
{Heap before GC invocations=7 (full 0):
 garbage-first heap   total 57344K, used 33599K [0x0000000084a00000, 0x0000000100000000)
  region size 1024K, 20 young (20480K), 2 survivors (2048K)
 Metaspace       used 29090K, committed 29504K, reserved 1114112K
  class space    used 3657K, committed 3840K, reserved 1048576K
}

