# JRE version: Java(TM) SE Runtime Environment (21.0.2+13) (build 21.0.2+13-LTS-58)
# Java VM: Java HotSpot(TM) 64-Bit Server VM (21.0.2+13-LTS-58, mixed mode, sharing, tiered, compressed oops, compressed class ptrs, g1 gc, windows-amd64)
GC Precious Log:
 CardTable entry size: 512
 Card Set container configuration: InlinePtr #cards 5 size 8 Array Of Cards #cards 12 size 40 Howl #buckets 4 coarsen threshold 1843 Howl Bitmap #cards 512 size 80 coarsen threshold 460 Card regions per heap region 1 cards per card region 2048
 CPUs: 16 total, 16 available
 Memory: 7893M
 Large Page Support: Disabled
 NUMA Support: Disabled
 Compressed Oops: Enabled (32-bit)
 Heap Region Size: 1M
 Heap Min Capacity: 8M
 Heap Initial Capacity: 124M
 Heap Max Capacity: 1974M
 Pre-touch: Disabled
 Parallel Workers: 13
 Concurrent Workers: 3
 Concurrent Refinement Workers: 13
 Periodic GC: Disabled
Heap:
 garbage-first heap   total 267264K, used 224460K [0x0000000084a00000, 0x0000000100000000)
  region size 1024K, 135 young (138240K), 9 survivors (9216K)
 Metaspace       used 119337K, committed 120320K, reserved 1179648K
  class space    used 13537K, committed 14016K, reserved 1048576K
GC Heap History (20 events):
Event: 23.424 GC heap before
{Heap before GC invocations=43 (full 0):
 garbage-first heap   total 222208K, used 198859K [0x0000000084a00000, 0x0000000100000000)
  region size 1024K, 125 young (128000K), 9 survivors (9216K)
 Metaspace       used 113141K, committed 114112K, reserved 1179648K
  class space    used 13185K, committed 13632K, reserved 1048576K
}
Event: 23.431 GC heap after
{Heap after GC invocations=44 (full 0):
 garbage-first heap   total 222208K, used 82139K [0x0000000084a00000, 0x0000000100000000)
  region size 1024K, 10 young (10240K), 10 survivors (10240K)
 Metaspace       used 113141K, committed 114112K, reserved 1179648K
  class space    used 13185K, committed 13632K, reserved 1048576K
}
Event: 24.752 GC heap before
{Heap before GC invocations=45 (full 0):
 garbage-first heap   total 222208K, used 198875K [0x0000000084a00000, 0x0000000100000000)
  region size 1024K, 124 young (126976K), 10 survivors (10240K)
 Metaspace       used 114460K, committed 115520K, reserved 1179648K
  class space    used 13313K, committed 13824K, reserved 1048576K
}
Event: 24.765 GC heap after
{Heap after GC invocations=46 (full 0):
 garbage-first heap   total 222208K, used 90454K [0x0000000084a00000, 0x0000000100000000)
  region size 1024K, 15 young (15360K), 15 survivors (15360K)
 Metaspace       used 114460K, committed 115520K, reserved 1179648K
  class space    used 13313K, committed 13824K, reserved 1048576K
}
Event: 25.166 GC heap before
{Heap before GC invocations=46 (full 0):
 garbage-first heap   total 222208K, used 193878K [0x0000000084a00000, 0x0000000100000000)
  region size 1024K, 116 young (118784K), 15 survivors (15360K)
 Metaspace       used 114968K, committed 115968K, reserved 1179648K
  class space    used 13336K, committed 13824K, reserved 1048576K
}
Event: 25.176 GC heap after
{Heap after GC invocations=47 (full 0):
 garbage-first heap   total 222208K, used 89154K [0x0000000084a00000, 0x0000000100000000)
  region size 1024K, 4 young (4096K), 4 survivors (4096K)
 Metaspace       used 114968K, committed 115968K, reserved 1179648K
  class space    used 13336K, committed 13824K, reserved 1048576K
}
Event: 25.454 GC heap before
{Heap before GC invocations=47 (full 0):
 garbage-first heap   total 222208K, used 203842K [0x0000000084a00000, 0x0000000100000000)
  region size 1024K, 116 young (118784K), 4 survivors (4096K)
 Metaspace       used 115159K, committed 116160K, reserved 1179648K
  class space    used 13337K, committed 13824K, reserved 1048576K
}
Event: 25.458 GC heap after
{Heap after GC invocations=48 (full 0):
 garbage-first heap   total 222208K, used 92576K [0x0000000084a00000, 0x0000000100000000)
  region size 1024K, 7 young (7168K), 7 survivors (7168K)
 Metaspace       used 115159K, committed 116160K, reserved 1179648K
  class space    used 13337K, committed 13824K, reserved 1048576K
}
Event: 26.538 GC heap before
{Heap before GC invocations=49 (full 0):
 garbage-first heap   total 222208K, used 201120K [0x0000000084a00000, 0x0000000100000000)
  region size 1024K, 114 young (116736K), 7 survivors (7168K)
 Metaspace       used 116661K, committed 117632K, reserved 1179648K
  class space    used 13451K, committed 13888K, reserved 1048576K
}
Event: 26.546 GC heap after
{Heap after GC invocations=50 (full 0):
 garbage-first heap   total 267264K, used 99376K [0x0000000084a00000, 0x0000000100000000)
  region size 1024K, 14 young (14336K), 14 survivors (14336K)
 Metaspace       used 116661K, committed 117632K, reserved 1179648K
  class space    used 13451K, committed 13888K, reserved 1048576K
}
Event: 27.191 GC heap before
{Heap before GC invocations=50 (full 0):
 garbage-first heap   total 267264K, used 237616K [0x0000000084a00000, 0x0000000100000000)
  region size 1024K, 149 young (152576K), 14 survivors (14336K)
 Metaspace       used 117467K, committed 118464K, reserved 1179648K
  class space    used 13481K, committed 13952K, reserved 1048576K
}
Event: 27.203 GC heap after
{Heap after GC invocations=51 (full 0):
 garbage-first heap   total 267264K, used 94697K [0x0000000084a00000, 0x0000000100000000)
  region size 1024K, 13 young (13312K), 13 survivors (13312K)
 Metaspace       used 117467K, committed 118464K, reserved 1179648K
  class space    used 13481K, committed 13952K, reserved 1048576K
}
Event: 27.486 GC heap before
{Heap before GC invocations=51 (full 0):
 garbage-first heap   total 267264K, used 239081K [0x0000000084a00000, 0x0000000100000000)
  region size 1024K, 154 young (157696K), 13 survivors (13312K)
 Metaspace       used 117709K, committed 118656K, reserved 1179648K
  class space    used 13483K, committed 13952K, reserved 1048576K
}
Event: 27.494 GC heap after
{Heap after GC invocations=52 (full 0):
 garbage-first heap   total 267264K, used 100194K [0x0000000084a00000, 0x0000000100000000)
  region size 1024K, 11 young (11264K), 11 survivors (11264K)
 Metaspace       used 117709K, committed 118656K, reserved 1179648K
  class space    used 13483K, committed 13952K, reserved 1048576K
}
Event: 28.498 GC heap before
{Heap before GC invocations=52 (full 0):
 garbage-first heap   total 267264K, used 241506K [0x0000000084a00000, 0x0000000100000000)
  region size 1024K, 149 young (152576K), 11 survivors (11264K)
 Metaspace       used 118199K, committed 119232K, reserved 1179648K
  class space    used 13496K, committed 13952K, reserved 1048576K
}
Event: 28.506 GC heap after
{Heap after GC invocations=53 (full 0):
 garbage-first heap   total 267264K, used 108889K [0x0000000084a00000, 0x0000000100000000)
  region size 1024K, 15 young (15360K), 15 survivors (15360K)
 Metaspace       used 118199K, committed 119232K, reserved 1179648K
  class space    used 13496K, committed 13952K, reserved 1048576K
}
Event: 28.853 GC heap before
{Heap before GC invocations=54 (full 0):
 garbage-first heap   total 267264K, used 235865K [0x0000000084a00000, 0x0000000100000000)
  region size 1024K, 140 young (143360K), 15 survivors (15360K)
 Metaspace       used 118699K, committed 119744K, reserved 1179648K
  class space    used 13525K, committed 14016K, reserved 1048576K
}
Event: 28.860 GC heap after
{Heap after GC invocations=55 (full 0):
 garbage-first heap   total 267264K, used 109806K [0x0000000084a00000, 0x0000000100000000)
  region size 1024K, 5 young (5120K), 5 survivors (5120K)
 Metaspace       used 118699K, committed 119744K, reserved 1179648K
  class space    used 13525K, committed 14016K, reserved 1048576K
}
Event: 29.165 GC heap before
{Heap before GC invocations=55 (full 0):
 garbage-first heap   total 267264K, used 244974K [0x0000000084a00000, 0x0000000100000000)
  region size 1024K, 137 young (140288K), 5 survivors (5120K)
 Metaspace       used 118848K, committed 119872K, reserved 1179648K
  class space    used 13525K, committed 14016K, reserved 1048576K
}
Event: 29.174 GC heap after
{Heap after GC invocations=56 (full 0):
 garbage-first heap   total 267264K, used 97484K [0x0000000084a00000, 0x0000000100000000)
  region size 1024K, 9 young (9216K), 9 survivors (9216K)
 Metaspace       used 118848K, committed 119872K, reserved 1179648K
  class space    used 13525K, committed 14016K, reserved 1048576K
}

